2025-05-09 18:47:40,163  INFO  ARGS = {
  "notes": "",
  "data_path": "database/zx_processed_黄金_day.csv",
  "output_dir": "out_put/ckpt",
  "ckpt_dir": "ckpt",
  "feature_groups": [
    [
      1,
      2,
      3,
      4,
      5,
      6,
      7,
      8,
      9,
      10,
      11,
      12,
      13,
      14,
      15,
      16,
      17,
      18,
      19,
      20,
      21,
      22,
      23,
      24,
      25,
      26,
      27,
      28,
      29
    ],
    [
      5,
      6,
      7,
      11
    ],
    [
      1,
      2,
      3,
      4,
      5,
      6,
      7,
      8,
      9,
      10,
      11,
      12,
      13,
      14,
      15,
      16,
      17,
      18,
      19,
      20,
      21,
      22,
      23,
      24,
      25,
      26,
      27,
      28,
      29
    ]
  ],
  "target_columns": [
    [
      1
    ]
  ],
  "start_timestamp": 31,
  "end_timestamp": -1,
  "window_sizes": [
    5,
    10,
    15
  ],
  "N_pairs": 3,
  "num_classes": 3,
  "generators": [
    "transformer",
    "transformer",
    "transformer"
  ],
  "discriminators": null,
  "distill_epochs": 1,
  "cross_finetune_epochs": 5,
  "device": [
    0
  ],
  "num_epochs": 1024,
  "lr": 2e-05,
  "batch_size": 64,
  "train_split": 0.7,
  "random_seed": 3407,
  "amp_dtype": "none",
  "mode": "train",
  "ckpt_path": "latest",
  "log_diff": false
}
2025-05-09 18:47:48,969  INFO  EPOCH 1 | Validation MSE: G1: 0.27556068, G2: 0.53218859, G3: 0.02502407 | Accuracy: G1: 53.74 %, G2: 53.74 %, G3: 45.72 %
2025-05-09 18:47:51,588  INFO  EPOCH 2 | Validation MSE: G1: 0.16104367, G2: 0.12146126, G3: 0.02131965 | Accuracy: G1: 53.85 %, G2: 52.98 %, G3: 45.72 %
2025-05-09 18:47:53,784  INFO  EPOCH 3 | Validation MSE: G1: 0.11463536, G2: 0.03243135, G3: 0.03086609 | Accuracy: G1: 53.74 %, G2: 49.62 %, G3: 45.72 %
2025-05-09 18:47:56,009  INFO  EPOCH 4 | Validation MSE: G1: 0.07270757, G2: 0.02541898, G3: 0.02317156 | Accuracy: G1: 53.74 %, G2: 49.30 %, G3: 45.83 %
2025-05-09 18:47:58,202  INFO  EPOCH 5 | Validation MSE: G1: 0.04392586, G2: 0.02136776, G3: 0.01917133 | Accuracy: G1: 53.74 %, G2: 53.74 %, G3: 53.74 %
2025-05-09 18:48:00,387  INFO  EPOCH 6 | Validation MSE: G1: 0.03461144, G2: 0.02415649, G3: 0.01910186 | Accuracy: G1: 53.74 %, G2: 53.74 %, G3: 53.74 %
2025-05-09 18:48:02,603  INFO  EPOCH 7 | Validation MSE: G1: 0.03096706, G2: 0.01946566, G3: 0.01916701 | Accuracy: G1: 53.74 %, G2: 53.74 %, G3: 53.74 %
2025-05-09 18:48:04,908  INFO  EPOCH 8 | Validation MSE: G1: 0.03848370, G2: 0.02378220, G3: 0.01545517 | Accuracy: G1: 53.74 %, G2: 54.28 %, G3: 54.17 %
2025-05-09 18:48:07,131  INFO  EPOCH 9 | Validation MSE: G1: 0.03098371, G2: 0.02164031, G3: 0.01732377 | Accuracy: G1: 53.74 %, G2: 53.74 %, G3: 53.74 %
