2025-05-23 11:21:18,019  INFO  ARGS = {
  "notes": "",
  "data_path": "database/zx_processed_黄金_day.csv",
  "output_dir": "out_put/ckpt",
  "ckpt_dir": "ckpt",
  "feature_groups": [
    [
      1,
      2,
      3,
      4,
      5,
      6,
      7,
      8,
      9,
      10,
      11,
      12,
      13,
      14,
      15,
      16,
      17,
      18,
      19,
      20,
      21,
      22,
      23,
      24,
      25,
      26,
      27,
      28,
      29
    ],
    [
      1,
      2,
      3,
      4,
      5,
      6,
      7,
      8,
      9,
      10,
      11,
      12,
      13,
      14,
      15,
      16,
      17,
      18,
      19,
      20,
      21,
      22,
      23,
      24,
      25,
      26,
      27,
      28,
      29
    ],
    [
      1,
      2,
      3,
      4,
      5,
      6,
      7,
      8,
      9,
      10,
      11,
      12,
      13,
      14,
      15,
      16,
      17,
      18,
      19,
      20,
      21,
      22,
      23,
      24,
      25,
      26,
      27,
      28,
      29
    ]
  ],
  "target_columns": [
    [
      1
    ]
  ],
  "start_timestamp": 31,
  "end_timestamp": -1,
  "window_sizes": [
    5,
    10,
    15
  ],
  "N_pairs": 3,
  "num_classes": 3,
  "generators": [
    "gru",
    "lstm",
    "transformer"
  ],
  "discriminators": null,
  "distill_epochs": 1,
  "cross_finetune_epochs": 5,
  "device": [
    "cpu"
  ],
  "num_epochs": 1024,
  "lr": 2e-05,
  "batch_size": 64,
  "train_split": 0.7,
  "random_seed": 3407,
  "amp_dtype": "none",
  "mode": "train",
  "ckpt_path": "latest",
  "log_diff": false,
  "model_config": {
    "models": [
      {
        "type": "custom",
        "index": 1,
        "file": "custom_models\\model_1.pt"
      },
      {
        "type": "preset",
        "index": 2,
        "preset": "gru",
        "file": "custom_models\\preset_gru.pt"
      },
      {
        "type": "preset",
        "index": 3,
        "preset": "lstm",
        "file": "custom_models\\preset_lstm.pt"
      }
    ]
  }
}
2025-05-23 11:21:18,021  INFO  ARGS = {
  "notes": "",
  "data_path": "database/zx_processed_黄金_day.csv",
  "output_dir": "out_put/ckpt",
  "ckpt_dir": "ckpt",
  "feature_groups": [
    [
      1,
      2,
      3,
      4,
      5,
      6,
      7,
      8,
      9,
      10,
      11,
      12,
      13,
      14,
      15,
      16,
      17,
      18,
      19,
      20,
      21,
      22,
      23,
      24,
      25,
      26,
      27,
      28,
      29
    ],
    [
      1,
      2,
      3,
      4,
      5,
      6,
      7,
      8,
      9,
      10,
      11,
      12,
      13,
      14,
      15,
      16,
      17,
      18,
      19,
      20,
      21,
      22,
      23,
      24,
      25,
      26,
      27,
      28,
      29
    ],
    [
      1,
      2,
      3,
      4,
      5,
      6,
      7,
      8,
      9,
      10,
      11,
      12,
      13,
      14,
      15,
      16,
      17,
      18,
      19,
      20,
      21,
      22,
      23,
      24,
      25,
      26,
      27,
      28,
      29
    ]
  ],
  "target_columns": [
    [
      1
    ]
  ],
  "start_timestamp": 31,
  "end_timestamp": -1,
  "window_sizes": [
    5,
    10,
    15
  ],
  "N_pairs": 3,
  "num_classes": 3,
  "generators": [
    "gru",
    "lstm",
    "transformer"
  ],
  "discriminators": null,
  "distill_epochs": 1,
  "cross_finetune_epochs": 5,
  "device": [
    "cpu"
  ],
  "num_epochs": 1024,
  "lr": 2e-05,
  "batch_size": 64,
  "train_split": 0.7,
  "random_seed": 3407,
  "amp_dtype": "none",
  "mode": "train",
  "ckpt_path": "latest",
  "log_diff": false,
  "model_config": {
    "models": [
      {
        "type": "custom",
        "index": 1,
        "file": "custom_models\\model_1.pt"
      },
      {
        "type": "preset",
        "index": 2,
        "preset": "gru",
        "file": "custom_models\\preset_gru.pt"
      },
      {
        "type": "preset",
        "index": 3,
        "preset": "lstm",
        "file": "custom_models\\preset_lstm.pt"
      }
    ]
  }
}
2025-05-23 11:23:14,589  INFO  EPOCH 1 | Validation MSE: G1: 0.85926139, G2: 1.08492625, G3: 0.17825982 | Accuracy: G1: 19.83 %, G2: 45.72 %, G3: 51.79 %
2025-05-23 11:23:15,670  INFO  EPOCH 1 | Validation MSE: G1: 0.45152366, G2: 0.91738266, G3: 0.04205744 | Accuracy: G1: 45.72 %, G2: 45.72 %, G3: 53.74 %
2025-05-23 11:25:00,265  INFO  EPOCH 2 | Validation MSE: G1: 0.67623335, G2: 0.94698727, G3: 0.04136986 | Accuracy: G1: 49.95 %, G2: 45.72 %, G3: 53.52 %
2025-05-23 11:25:01,458  INFO  EPOCH 2 | Validation MSE: G1: 0.33696893, G2: 0.81603748, G3: 0.04471266 | Accuracy: G1: 45.72 %, G2: 45.72 %, G3: 53.74 %
2025-05-23 11:27:25,075  INFO  EPOCH 3 | Validation MSE: G1: 0.51325738, G2: 0.80401611, G3: 0.04412173 | Accuracy: G1: 54.17 %, G2: 45.72 %, G3: 54.17 %
2025-05-23 11:27:26,116  INFO  EPOCH 3 | Validation MSE: G1: 0.26255089, G2: 0.70649654, G3: 0.03576894 | Accuracy: G1: 45.72 %, G2: 45.72 %, G3: 53.74 %
2025-05-23 11:29:17,966  INFO  EPOCH 4 | Validation MSE: G1: 0.38016495, G2: 0.65440941, G3: 0.03118363 | Accuracy: G1: 53.74 %, G2: 45.72 %, G3: 53.74 %
2025-05-23 11:29:19,597  INFO  EPOCH 4 | Validation MSE: G1: 0.21180570, G2: 0.59348267, G3: 0.03474942 | Accuracy: G1: 45.72 %, G2: 45.72 %, G3: 53.74 %
2025-05-23 11:31:59,211  INFO  EPOCH 5 | Validation MSE: G1: 0.16954763, G2: 0.47786051, G3: 0.02782034 | Accuracy: G1: 45.72 %, G2: 45.72 %, G3: 53.85 %
2025-05-23 11:31:59,587  INFO  EPOCH 5 | Validation MSE: G1: 0.27854991, G2: 0.49603733, G3: 0.03493578 | Accuracy: G1: 53.74 %, G2: 45.72 %, G3: 53.74 %
2025-05-23 11:32:14,317  INFO  EPOCH 6 | Validation MSE: G1: 0.13467517, G2: 0.37876722, G3: 0.02959545 | Accuracy: G1: 45.72 %, G2: 45.72 %, G3: 53.09 %
2025-05-23 11:32:14,906  INFO  EPOCH 6 | Validation MSE: G1: 0.21914607, G2: 0.35736623, G3: 0.02740834 | Accuracy: G1: 53.74 %, G2: 45.72 %, G3: 53.74 %
2025-05-23 11:32:28,152  INFO  EPOCH 7 | Validation MSE: G1: 0.11026516, G2: 0.31254384, G3: 0.02958158 | Accuracy: G1: 45.72 %, G2: 48.10 %, G3: 53.63 %
2025-05-23 11:32:28,939  INFO  EPOCH 7 | Validation MSE: G1: 0.18753129, G2: 0.25765708, G3: 0.02286567 | Accuracy: G1: 53.74 %, G2: 45.72 %, G3: 52.44 %
2025-05-23 11:32:42,249  INFO  EPOCH 8 | Validation MSE: G1: 0.09419105, G2: 0.27594748, G3: 0.02710956 | Accuracy: G1: 45.94 %, G2: 53.74 %, G3: 53.63 %
2025-05-23 11:32:43,463  INFO  EPOCH 8 | Validation MSE: G1: 0.16968527, G2: 0.20840475, G3: 0.02020749 | Accuracy: G1: 53.74 %, G2: 45.72 %, G3: 53.74 %
2025-05-23 11:32:56,783  INFO  EPOCH 9 | Validation MSE: G1: 0.08398664, G2: 0.25555292, G3: 0.02462084 | Accuracy: G1: 48.10 %, G2: 53.74 %, G3: 53.74 %
2025-05-23 11:32:58,225  INFO  EPOCH 9 | Validation MSE: G1: 0.16385293, G2: 0.19535817, G3: 0.02094108 | Accuracy: G1: 53.74 %, G2: 45.72 %, G3: 48.10 %
2025-05-23 11:33:09,647  INFO  Start cross finetune!  So far G3 with D2
2025-05-23 11:33:12,027  INFO  Start cross finetune!  So far G3 with D2
2025-05-23 11:33:14,832  INFO  == Cross finetune Epoch [1/1024]: G3 with D2: Validation MSE 0.02433813, Validation Acc 53.74%
2025-05-23 11:33:17,387  INFO  == Cross finetune Epoch [1/1024]: G3 with D2: Validation MSE 0.01717409, Validation Acc 51.79%
2025-05-23 11:33:19,855  INFO  == Cross finetune Epoch [2/1024]: G3 with D2: Validation MSE 0.02305971, Validation Acc 53.74%
2025-05-23 11:33:22,436  INFO  == Cross finetune Epoch [2/1024]: G3 with D2: Validation MSE 0.01428339, Validation Acc 48.54%
2025-05-23 11:33:24,970  INFO  == Cross finetune Epoch [3/1024]: G3 with D2: Validation MSE 0.02625149, Validation Acc 53.74%
2025-05-23 11:33:27,554  INFO  == Cross finetune Epoch [3/1024]: G3 with D2: Validation MSE 0.01412777, Validation Acc 53.74%
2025-05-23 11:33:29,811  INFO  == Cross finetune Epoch [4/1024]: G3 with D2: Validation MSE 0.02026290, Validation Acc 54.17%
2025-05-23 11:33:32,307  INFO  == Cross finetune Epoch [4/1024]: G3 with D2: Validation MSE 0.01622185, Validation Acc 53.30%
2025-05-23 11:33:34,539  INFO  == Cross finetune Epoch [5/1024]: G3 with D2: Validation MSE 0.02011443, Validation Acc 50.16%
2025-05-23 11:33:34,540  INFO  EPOCH 10 | Validation MSE: G1: 0.07308682, G2: 0.23680466, G3: 0.02497853 | Accuracy: G1: 49.40 %, G2: 53.74 %, G3: 55.04 %
2025-05-23 11:33:36,982  INFO  == Cross finetune Epoch [5/1024]: G3 with D2: Validation MSE 0.01612177, Validation Acc 49.19%
2025-05-23 11:33:36,982  INFO  EPOCH 10 | Validation MSE: G1: 0.15648974, G2: 0.18573193, G3: 0.01911921 | Accuracy: G1: 53.74 %, G2: 45.72 %, G3: 49.62 %
2025-05-23 11:33:48,087  INFO  EPOCH 11 | Validation MSE: G1: 0.06615674, G2: 0.22370604, G3: 0.02009941 | Accuracy: G1: 54.28 %, G2: 53.74 %, G3: 53.74 %
2025-05-23 11:33:50,521  INFO  EPOCH 11 | Validation MSE: G1: 0.14827859, G2: 0.18257838, G3: 0.01420654 | Accuracy: G1: 53.74 %, G2: 49.84 %, G3: 53.74 %
2025-05-23 11:34:00,754  INFO  EPOCH 12 | Validation MSE: G1: 0.06790605, G2: 0.18853036, G3: 0.02019597 | Accuracy: G1: 53.74 %, G2: 53.74 %, G3: 54.06 %
2025-05-23 11:34:03,533  INFO  EPOCH 12 | Validation MSE: G1: 0.14472294, G2: 0.16868488, G3: 0.01521112 | Accuracy: G1: 53.74 %, G2: 53.74 %, G3: 53.74 %
2025-05-23 11:34:15,042  INFO  EPOCH 13 | Validation MSE: G1: 0.06343476, G2: 0.15444019, G3: 0.01936855 | Accuracy: G1: 53.74 %, G2: 53.74 %, G3: 53.74 %
2025-05-23 11:34:17,823  INFO  EPOCH 13 | Validation MSE: G1: 0.14147951, G2: 0.15683511, G3: 0.01229744 | Accuracy: G1: 53.74 %, G2: 53.74 %, G3: 52.33 %
2025-05-23 11:34:28,271  INFO  EPOCH 14 | Validation MSE: G1: 0.06058034, G2: 0.11919688, G3: 0.01868242 | Accuracy: G1: 53.74 %, G2: 53.74 %, G3: 54.06 %
2025-05-23 11:34:31,185  INFO  EPOCH 14 | Validation MSE: G1: 0.13903473, G2: 0.13275845, G3: 0.01108839 | Accuracy: G1: 53.74 %, G2: 53.74 %, G3: 53.74 %
2025-05-23 11:34:41,354  INFO  EPOCH 15 | Validation MSE: G1: 0.06216028, G2: 0.09061283, G3: 0.02033743 | Accuracy: G1: 53.74 %, G2: 53.74 %, G3: 53.74 %
2025-05-23 11:34:45,079  INFO  EPOCH 15 | Validation MSE: G1: 0.13161831, G2: 0.10821526, G3: 0.01110271 | Accuracy: G1: 53.74 %, G2: 53.74 %, G3: 53.74 %
2025-05-23 11:34:55,368  INFO  EPOCH 16 | Validation MSE: G1: 0.05875141, G2: 0.06708331, G3: 0.02163259 | Accuracy: G1: 53.74 %, G2: 53.74 %, G3: 53.85 %
2025-05-23 11:34:59,324  INFO  EPOCH 16 | Validation MSE: G1: 0.12860218, G2: 0.09307630, G3: 0.01111174 | Accuracy: G1: 53.74 %, G2: 53.74 %, G3: 51.57 %
2025-05-23 11:35:09,401  INFO  EPOCH 17 | Validation MSE: G1: 0.05902414, G2: 0.05385804, G3: 0.02130329 | Accuracy: G1: 53.74 %, G2: 53.74 %, G3: 53.30 %
2025-05-23 11:35:13,220  INFO  EPOCH 17 | Validation MSE: G1: 0.12195496, G2: 0.07483369, G3: 0.01028769 | Accuracy: G1: 53.74 %, G2: 53.74 %, G3: 53.30 %
2025-05-23 11:35:24,049  INFO  EPOCH 18 | Validation MSE: G1: 0.05674508, G2: 0.04778798, G3: 0.02221895 | Accuracy: G1: 53.74 %, G2: 53.74 %, G3: 52.55 %
2025-05-23 11:35:28,183  INFO  EPOCH 18 | Validation MSE: G1: 0.11201929, G2: 0.05779017, G3: 0.01029693 | Accuracy: G1: 53.74 %, G2: 53.74 %, G3: 53.74 %
2025-05-23 11:35:38,594  INFO  EPOCH 19 | Validation MSE: G1: 0.05525031, G2: 0.04545240, G3: 0.01820761 | Accuracy: G1: 53.74 %, G2: 53.74 %, G3: 53.63 %
2025-05-23 11:35:42,804  INFO  EPOCH 19 | Validation MSE: G1: 0.10751282, G2: 0.05020658, G3: 0.01245945 | Accuracy: G1: 53.74 %, G2: 53.74 %, G3: 53.95 %
2025-05-23 11:35:52,491  INFO  Start cross finetune!  So far G3 with D1
2025-05-23 11:35:57,435  INFO  == Cross finetune Epoch [1/1024]: G3 with D1: Validation MSE 0.01844225, Validation Acc 50.81%
2025-05-23 11:35:57,824  INFO  Start cross finetune!  So far G3 with D1
2025-05-23 11:36:03,243  INFO  == Cross finetune Epoch [2/1024]: G3 with D1: Validation MSE 0.01803008, Validation Acc 53.74%
2025-05-23 11:36:03,625  INFO  == Cross finetune Epoch [1/1024]: G3 with D1: Validation MSE 0.01000989, Validation Acc 53.74%
2025-05-23 11:36:09,026  INFO  == Cross finetune Epoch [3/1024]: G3 with D1: Validation MSE 0.02044382, Validation Acc 53.74%
2025-05-23 11:36:09,435  INFO  == Cross finetune Epoch [2/1024]: G3 with D1: Validation MSE 0.01244387, Validation Acc 53.95%
2025-05-23 11:36:14,730  INFO  == Cross finetune Epoch [4/1024]: G3 with D1: Validation MSE 0.02030109, Validation Acc 54.17%
2025-05-23 11:36:15,002  INFO  == Cross finetune Epoch [3/1024]: G3 with D1: Validation MSE 0.00990081, Validation Acc 51.25%
2025-05-23 11:36:20,576  INFO  == Cross finetune Epoch [5/1024]: G3 with D1: Validation MSE 0.01790755, Validation Acc 53.74%
2025-05-23 11:36:20,576  INFO  EPOCH 20 | Validation MSE: G1: 0.05656831, G2: 0.04545745, G3: 0.02104266 | Accuracy: G1: 53.74 %, G2: 53.74 %, G3: 53.74 %
2025-05-23 11:36:20,842  INFO  == Cross finetune Epoch [4/1024]: G3 with D1: Validation MSE 0.01032619, Validation Acc 54.71%
2025-05-23 11:36:25,803  INFO  == Cross finetune Epoch [5/1024]: G3 with D1: Validation MSE 0.00878259, Validation Acc 53.52%
2025-05-23 11:36:25,804  INFO  EPOCH 20 | Validation MSE: G1: 0.09929998, G2: 0.04922585, G3: 0.01301910 | Accuracy: G1: 53.74 %, G2: 53.74 %, G3: 49.40 %
2025-05-23 11:36:36,231  INFO  EPOCH 21 | Validation MSE: G1: 0.06023275, G2: 0.04450245, G3: 0.02199888 | Accuracy: G1: 53.74 %, G2: 53.74 %, G3: 54.50 %
2025-05-23 11:36:41,197  INFO  EPOCH 21 | Validation MSE: G1: 0.09050253, G2: 0.04391507, G3: 0.00952971 | Accuracy: G1: 53.74 %, G2: 53.74 %, G3: 53.09 %
2025-05-23 11:36:51,130  INFO  EPOCH 22 | Validation MSE: G1: 0.05039904, G2: 0.04409261, G3: 0.01814830 | Accuracy: G1: 53.74 %, G2: 53.74 %, G3: 53.95 %
2025-05-23 11:36:57,263  INFO  EPOCH 22 | Validation MSE: G1: 0.09004570, G2: 0.04164388, G3: 0.00953879 | Accuracy: G1: 53.74 %, G2: 53.74 %, G3: 53.30 %
2025-05-23 11:37:08,369  INFO  EPOCH 23 | Validation MSE: G1: 0.04695186, G2: 0.04448901, G3: 0.02079359 | Accuracy: G1: 53.74 %, G2: 53.74 %, G3: 53.74 %
2025-05-23 11:37:13,377  INFO  EPOCH 23 | Validation MSE: G1: 0.08707853, G2: 0.04083557, G3: 0.00991165 | Accuracy: G1: 53.74 %, G2: 53.74 %, G3: 53.74 %
2025-05-23 11:37:23,550  INFO  EPOCH 24 | Validation MSE: G1: 0.04672464, G2: 0.04403000, G3: 0.01975342 | Accuracy: G1: 53.74 %, G2: 53.74 %, G3: 53.74 %
2025-05-23 11:37:28,973  INFO  EPOCH 24 | Validation MSE: G1: 0.08163349, G2: 0.04128575, G3: 0.01050001 | Accuracy: G1: 53.74 %, G2: 53.74 %, G3: 53.74 %
2025-05-23 11:37:38,414  INFO  EPOCH 25 | Validation MSE: G1: 0.04644638, G2: 0.04433721, G3: 0.02005653 | Accuracy: G1: 53.74 %, G2: 53.74 %, G3: 53.74 %
2025-05-23 11:37:44,631  INFO  EPOCH 25 | Validation MSE: G1: 0.07791889, G2: 0.04056869, G3: 0.00884567 | Accuracy: G1: 53.74 %, G2: 53.74 %, G3: 53.74 %
2025-05-23 11:37:53,254  INFO  EPOCH 26 | Validation MSE: G1: 0.04541336, G2: 0.04464560, G3: 0.01853109 | Accuracy: G1: 53.74 %, G2: 53.74 %, G3: 48.21 %
2025-05-23 11:37:58,733  INFO  EPOCH 26 | Validation MSE: G1: 0.07750961, G2: 0.03977844, G3: 0.00962147 | Accuracy: G1: 53.74 %, G2: 53.74 %, G3: 51.90 %
2025-05-23 11:38:08,200  INFO  EPOCH 27 | Validation MSE: G1: 0.04333978, G2: 0.04382155, G3: 0.02103364 | Accuracy: G1: 53.74 %, G2: 53.74 %, G3: 49.30 %
2025-05-23 11:38:14,118  INFO  EPOCH 27 | Validation MSE: G1: 0.07556332, G2: 0.03946177, G3: 0.00940371 | Accuracy: G1: 53.74 %, G2: 53.74 %, G3: 53.74 %
2025-05-23 11:38:24,138  INFO  EPOCH 28 | Validation MSE: G1: 0.04119739, G2: 0.04319143, G3: 0.01879078 | Accuracy: G1: 53.74 %, G2: 53.74 %, G3: 48.97 %
2025-05-23 11:38:30,032  INFO  EPOCH 28 | Validation MSE: G1: 0.06864869, G2: 0.04014781, G3: 0.00995186 | Accuracy: G1: 53.74 %, G2: 53.74 %, G3: 50.16 %
2025-05-23 11:38:38,670  INFO  EPOCH 29 | Validation MSE: G1: 0.04359834, G2: 0.04194170, G3: 0.02029512 | Accuracy: G1: 53.74 %, G2: 53.74 %, G3: 54.39 %
2025-05-23 11:38:46,525  INFO  EPOCH 29 | Validation MSE: G1: 0.06595330, G2: 0.03921565, G3: 0.01054155 | Accuracy: G1: 53.74 %, G2: 53.74 %, G3: 48.21 %
2025-05-23 11:38:56,695  INFO  Do distill 1 epoch! Distill from G3 to G2
2025-05-23 11:38:57,870  INFO  Start cross finetune!  So far G3 with D1
2025-05-23 11:39:02,390  INFO  == Cross finetune Epoch [1/1024]: G3 with D1: Validation MSE 0.01903113, Validation Acc 53.74%
2025-05-23 11:39:03,027  INFO  Do distill 1 epoch! Distill from G3 to G1
2025-05-23 11:39:04,263  INFO  Start cross finetune!  So far G3 with D1
2025-05-23 11:39:07,537  INFO  == Cross finetune Epoch [2/1024]: G3 with D1: Validation MSE 0.01821486, Validation Acc 53.74%
2025-05-23 11:39:09,498  INFO  == Cross finetune Epoch [1/1024]: G3 with D1: Validation MSE 0.01134137, Validation Acc 54.06%
2025-05-23 11:39:13,370  INFO  == Cross finetune Epoch [3/1024]: G3 with D1: Validation MSE 0.01749819, Validation Acc 54.39%
2025-05-23 11:39:15,661  INFO  == Cross finetune Epoch [2/1024]: G3 with D1: Validation MSE 0.01031349, Validation Acc 53.85%
2025-05-23 11:39:19,503  INFO  == Cross finetune Epoch [4/1024]: G3 with D1: Validation MSE 0.01817311, Validation Acc 53.74%
2025-05-23 11:39:21,757  INFO  == Cross finetune Epoch [3/1024]: G3 with D1: Validation MSE 0.00910518, Validation Acc 53.85%
2025-05-23 11:39:25,488  INFO  == Cross finetune Epoch [5/1024]: G3 with D1: Validation MSE 0.01745564, Validation Acc 53.74%
2025-05-23 11:39:25,489  INFO  EPOCH 30 | Validation MSE: G1: 0.04075577, G2: 0.04261603, G3: 0.02000667 | Accuracy: G1: 53.74 %, G2: 53.74 %, G3: 54.28 %
2025-05-23 11:39:27,337  INFO  == Cross finetune Epoch [4/1024]: G3 with D1: Validation MSE 0.01127820, Validation Acc 54.60%
2025-05-23 11:39:32,520  INFO  == Cross finetune Epoch [5/1024]: G3 with D1: Validation MSE 0.01023670, Validation Acc 54.60%
2025-05-23 11:39:32,521  INFO  EPOCH 30 | Validation MSE: G1: 0.06464183, G2: 0.03934960, G3: 0.00960270 | Accuracy: G1: 53.74 %, G2: 53.74 %, G3: 52.55 %
2025-05-23 11:39:41,208  INFO  EPOCH 31 | Validation MSE: G1: 0.04019025, G2: 0.08808955, G3: 0.01803935 | Accuracy: G1: 53.74 %, G2: 53.74 %, G3: 53.95 %
2025-05-23 11:39:47,901  INFO  EPOCH 31 | Validation MSE: G1: 0.08398435, G2: 0.03954315, G3: 0.01023580 | Accuracy: G1: 53.74 %, G2: 53.74 %, G3: 48.65 %
2025-05-23 11:39:57,158  INFO  EPOCH 32 | Validation MSE: G1: 0.04018391, G2: 0.06509770, G3: 0.02006834 | Accuracy: G1: 53.74 %, G2: 53.74 %, G3: 52.00 %
2025-05-23 11:40:03,980  INFO  EPOCH 32 | Validation MSE: G1: 0.08877020, G2: 0.03730423, G3: 0.01071839 | Accuracy: G1: 53.74 %, G2: 53.74 %, G3: 54.28 %
2025-05-23 11:40:11,940  INFO  EPOCH 33 | Validation MSE: G1: 0.03979480, G2: 0.05596226, G3: 0.01732576 | Accuracy: G1: 53.74 %, G2: 53.74 %, G3: 51.79 %
2025-05-23 11:40:18,292  INFO  EPOCH 33 | Validation MSE: G1: 0.08210353, G2: 0.03846775, G3: 0.01098849 | Accuracy: G1: 53.74 %, G2: 53.74 %, G3: 53.74 %
2025-05-23 11:40:26,103  INFO  EPOCH 34 | Validation MSE: G1: 0.04210294, G2: 0.04929071, G3: 0.01883913 | Accuracy: G1: 53.74 %, G2: 53.74 %, G3: 52.55 %
2025-05-23 11:40:33,041  INFO  EPOCH 34 | Validation MSE: G1: 0.07483929, G2: 0.03773670, G3: 0.01163474 | Accuracy: G1: 53.74 %, G2: 53.74 %, G3: 54.50 %
2025-05-23 11:40:40,550  INFO  EPOCH 35 | Validation MSE: G1: 0.04037111, G2: 0.04418170, G3: 0.02112871 | Accuracy: G1: 53.74 %, G2: 53.74 %, G3: 50.70 %
2025-05-23 11:40:46,968  INFO  EPOCH 35 | Validation MSE: G1: 0.07105356, G2: 0.03777687, G3: 0.00990896 | Accuracy: G1: 53.74 %, G2: 53.74 %, G3: 48.65 %
2025-05-23 11:40:53,552  INFO  EPOCH 36 | Validation MSE: G1: 0.04200479, G2: 0.04208155, G3: 0.01903646 | Accuracy: G1: 53.74 %, G2: 53.74 %, G3: 52.98 %
2025-05-23 11:41:00,405  INFO  EPOCH 36 | Validation MSE: G1: 0.06768604, G2: 0.03734477, G3: 0.01099447 | Accuracy: G1: 53.74 %, G2: 53.74 %, G3: 51.03 %
2025-05-23 11:41:08,006  INFO  EPOCH 37 | Validation MSE: G1: 0.03701807, G2: 0.04153919, G3: 0.01800960 | Accuracy: G1: 53.74 %, G2: 53.74 %, G3: 54.17 %
2025-05-23 11:41:15,586  INFO  EPOCH 37 | Validation MSE: G1: 0.06118490, G2: 0.03631878, G3: 0.01042052 | Accuracy: G1: 53.74 %, G2: 53.74 %, G3: 54.06 %
2025-05-23 11:41:22,626  INFO  EPOCH 38 | Validation MSE: G1: 0.03943334, G2: 0.04155765, G3: 0.01918014 | Accuracy: G1: 53.74 %, G2: 53.74 %, G3: 52.87 %
2025-05-23 11:41:30,193  INFO  EPOCH 38 | Validation MSE: G1: 0.05992789, G2: 0.03458353, G3: 0.01093822 | Accuracy: G1: 53.74 %, G2: 53.74 %, G3: 53.74 %
2025-05-23 11:41:37,206  INFO  EPOCH 39 | Validation MSE: G1: 0.03695142, G2: 0.04015580, G3: 0.01936532 | Accuracy: G1: 53.74 %, G2: 53.74 %, G3: 53.74 %
2025-05-23 11:41:44,565  INFO  EPOCH 39 | Validation MSE: G1: 0.05876001, G2: 0.03689389, G3: 0.01205195 | Accuracy: G1: 53.74 %, G2: 53.74 %, G3: 54.17 %
2025-05-23 11:41:51,817  INFO  Start cross finetune!  So far G3 with D1
2025-05-23 11:41:56,576  INFO  == Cross finetune Epoch [1/1024]: G3 with D1: Validation MSE 0.01956945, Validation Acc 51.68%
2025-05-23 11:41:59,565  INFO  Start cross finetune!  So far G3 with D1
2025-05-23 11:42:01,509  INFO  == Cross finetune Epoch [2/1024]: G3 with D1: Validation MSE 0.01948640, Validation Acc 51.57%
2025-05-23 11:42:04,876  INFO  == Cross finetune Epoch [1/1024]: G3 with D1: Validation MSE 0.00975447, Validation Acc 48.32%
2025-05-23 11:42:06,921  INFO  == Cross finetune Epoch [3/1024]: G3 with D1: Validation MSE 0.02010600, Validation Acc 53.74%
2025-05-23 11:42:10,706  INFO  == Cross finetune Epoch [2/1024]: G3 with D1: Validation MSE 0.00985285, Validation Acc 52.65%
2025-05-23 11:42:13,597  INFO  == Cross finetune Epoch [4/1024]: G3 with D1: Validation MSE 0.01867338, Validation Acc 53.85%
2025-05-23 11:42:50,512  INFO  == Cross finetune Epoch [3/1024]: G3 with D1: Validation MSE 0.00993669, Validation Acc 52.65%
2025-05-23 11:42:52,614  INFO  == Cross finetune Epoch [5/1024]: G3 with D1: Validation MSE 0.01816800, Validation Acc 54.17%
2025-05-23 11:42:52,615  INFO  EPOCH 40 | Validation MSE: G1: 0.03793777, G2: 0.04028539, G3: 0.01870897 | Accuracy: G1: 53.74 %, G2: 53.74 %, G3: 52.65 %
2025-05-23 11:42:55,472  INFO  == Cross finetune Epoch [4/1024]: G3 with D1: Validation MSE 0.00925243, Validation Acc 52.55%
2025-05-23 11:42:59,806  INFO  == Cross finetune Epoch [5/1024]: G3 with D1: Validation MSE 0.01034658, Validation Acc 49.84%
2025-05-23 11:42:59,806  INFO  EPOCH 40 | Validation MSE: G1: 0.05843535, G2: 0.03548158, G3: 0.00940857 | Accuracy: G1: 53.74 %, G2: 53.74 %, G3: 49.19 %
2025-05-23 11:43:15,552  INFO  EPOCH 41 | Validation MSE: G1: 0.03572982, G2: 0.03943276, G3: 0.01954817 | Accuracy: G1: 53.74 %, G2: 53.74 %, G3: 52.87 %
2025-05-23 11:43:21,450  INFO  EPOCH 41 | Validation MSE: G1: 0.05481878, G2: 0.03579479, G3: 0.01068131 | Accuracy: G1: 53.74 %, G2: 53.74 %, G3: 54.60 %
2025-05-23 11:43:28,159  INFO  EPOCH 42 | Validation MSE: G1: 0.03578598, G2: 0.03998901, G3: 0.02003940 | Accuracy: G1: 53.74 %, G2: 53.74 %, G3: 53.74 %
2025-05-23 11:43:34,302  INFO  EPOCH 42 | Validation MSE: G1: 0.05513838, G2: 0.03566404, G3: 0.01041612 | Accuracy: G1: 53.74 %, G2: 53.74 %, G3: 52.65 %
2025-05-23 11:43:40,686  INFO  EPOCH 43 | Validation MSE: G1: 0.03650268, G2: 0.03876752, G3: 0.01856198 | Accuracy: G1: 53.74 %, G2: 53.74 %, G3: 53.95 %
2025-05-23 11:43:47,469  INFO  EPOCH 43 | Validation MSE: G1: 0.05471364, G2: 0.03404891, G3: 0.01054979 | Accuracy: G1: 53.74 %, G2: 53.74 %, G3: 52.87 %
2025-05-23 11:43:54,191  INFO  EPOCH 44 | Validation MSE: G1: 0.03606302, G2: 0.04103493, G3: 0.02066935 | Accuracy: G1: 53.74 %, G2: 53.74 %, G3: 53.74 %
2025-05-23 11:44:01,410  INFO  EPOCH 44 | Validation MSE: G1: 0.05129460, G2: 0.03422493, G3: 0.01024814 | Accuracy: G1: 53.74 %, G2: 53.74 %, G3: 52.87 %
2025-05-23 11:44:08,042  INFO  EPOCH 45 | Validation MSE: G1: 0.03479725, G2: 0.03925727, G3: 0.01932435 | Accuracy: G1: 53.74 %, G2: 53.74 %, G3: 52.33 %
2025-05-23 11:44:15,772  INFO  EPOCH 45 | Validation MSE: G1: 0.05239996, G2: 0.03392494, G3: 0.01038639 | Accuracy: G1: 53.74 %, G2: 53.74 %, G3: 53.95 %
2025-05-23 11:44:22,434  INFO  EPOCH 46 | Validation MSE: G1: 0.03628594, G2: 0.03928568, G3: 0.02133078 | Accuracy: G1: 53.74 %, G2: 53.74 %, G3: 51.68 %
2025-05-23 11:44:29,727  INFO  EPOCH 46 | Validation MSE: G1: 0.05175237, G2: 0.03323973, G3: 0.01039085 | Accuracy: G1: 53.74 %, G2: 53.74 %, G3: 52.76 %
2025-05-23 11:44:36,438  INFO  EPOCH 47 | Validation MSE: G1: 0.03350670, G2: 0.03982159, G3: 0.01749458 | Accuracy: G1: 53.74 %, G2: 53.74 %, G3: 51.35 %
2025-05-23 11:44:44,437  INFO  EPOCH 47 | Validation MSE: G1: 0.05137236, G2: 0.03371801, G3: 0.01057666 | Accuracy: G1: 53.74 %, G2: 53.74 %, G3: 54.06 %
2025-05-23 11:44:51,627  INFO  EPOCH 48 | Validation MSE: G1: 0.03464739, G2: 0.03855088, G3: 0.01831037 | Accuracy: G1: 53.74 %, G2: 53.74 %, G3: 52.55 %
2025-05-23 11:44:59,810  INFO  EPOCH 48 | Validation MSE: G1: 0.04851180, G2: 0.03232128, G3: 0.01039507 | Accuracy: G1: 53.74 %, G2: 53.74 %, G3: 52.87 %
2025-05-23 11:45:06,077  INFO  EPOCH 49 | Validation MSE: G1: 0.03319922, G2: 0.03866864, G3: 0.01863219 | Accuracy: G1: 53.74 %, G2: 53.74 %, G3: 54.39 %
2025-05-23 11:45:14,598  INFO  EPOCH 49 | Validation MSE: G1: 0.05086225, G2: 0.03187381, G3: 0.01030075 | Accuracy: G1: 53.74 %, G2: 53.74 %, G3: 52.98 %
2025-05-23 11:45:20,618  INFO  Start cross finetune!  So far G3 with D1
2025-05-23 11:45:25,499  INFO  == Cross finetune Epoch [1/1024]: G3 with D1: Validation MSE 0.01938036, Validation Acc 53.20%
2025-05-23 11:45:29,042  INFO  Start cross finetune!  So far G3 with D1
2025-05-23 11:45:30,901  INFO  == Cross finetune Epoch [2/1024]: G3 with D1: Validation MSE 0.01904596, Validation Acc 52.98%
2025-05-23 11:45:34,540  INFO  == Cross finetune Epoch [1/1024]: G3 with D1: Validation MSE 0.01047892, Validation Acc 52.55%
2025-05-23 11:45:36,540  INFO  == Cross finetune Epoch [3/1024]: G3 with D1: Validation MSE 0.01856937, Validation Acc 52.87%
2025-05-23 11:45:40,261  INFO  == Cross finetune Epoch [2/1024]: G3 with D1: Validation MSE 0.01057217, Validation Acc 52.98%
2025-05-23 11:45:42,198  INFO  == Cross finetune Epoch [4/1024]: G3 with D1: Validation MSE 0.01901482, Validation Acc 51.57%
2025-05-23 11:45:45,780  INFO  == Cross finetune Epoch [3/1024]: G3 with D1: Validation MSE 0.01038652, Validation Acc 52.87%
2025-05-23 11:45:47,877  INFO  == Cross finetune Epoch [5/1024]: G3 with D1: Validation MSE 0.01944308, Validation Acc 52.00%
2025-05-23 11:45:47,878  INFO  EPOCH 50 | Validation MSE: G1: 0.03544012, G2: 0.03891610, G3: 0.01852721 | Accuracy: G1: 53.74 %, G2: 53.74 %, G3: 53.63 %
2025-05-23 11:45:51,998  INFO  == Cross finetune Epoch [4/1024]: G3 with D1: Validation MSE 0.01064256, Validation Acc 52.76%
2025-05-23 11:45:57,287  INFO  == Cross finetune Epoch [5/1024]: G3 with D1: Validation MSE 0.01061855, Validation Acc 53.20%
2025-05-23 11:45:57,288  INFO  EPOCH 50 | Validation MSE: G1: 0.05029089, G2: 0.03333198, G3: 0.01032074 | Accuracy: G1: 53.74 %, G2: 53.74 %, G3: 53.63 %
2025-05-23 11:46:03,952  INFO  EPOCH 51 | Validation MSE: G1: 0.03435563, G2: 0.03946989, G3: 0.01922807 | Accuracy: G1: 53.74 %, G2: 53.74 %, G3: 52.44 %
2025-05-23 11:46:12,373  INFO  EPOCH 51 | Validation MSE: G1: 0.05027440, G2: 0.03192140, G3: 0.01064703 | Accuracy: G1: 53.74 %, G2: 53.74 %, G3: 52.98 %
2025-05-23 11:46:27,695  INFO  EPOCH 52 | Validation MSE: G1: 0.03460294, G2: 0.03896833, G3: 0.01925744 | Accuracy: G1: 53.74 %, G2: 53.74 %, G3: 52.98 %
2025-05-23 11:46:35,865  INFO  EPOCH 52 | Validation MSE: G1: 0.04946686, G2: 0.03140250, G3: 0.01073185 | Accuracy: G1: 53.74 %, G2: 53.74 %, G3: 52.33 %
2025-05-23 11:49:10,333  INFO  EPOCH 53 | Validation MSE: G1: 0.03283676, G2: 0.03758236, G3: 0.01890697 | Accuracy: G1: 53.74 %, G2: 53.74 %, G3: 52.55 %
2025-05-23 11:54:36,440  INFO  EPOCH 53 | Validation MSE: G1: 0.04596698, G2: 0.03115710, G3: 0.01064521 | Accuracy: G1: 53.74 %, G2: 53.74 %, G3: 52.55 %
2025-05-23 11:57:38,320  INFO  EPOCH 54 | Validation MSE: G1: 0.03202662, G2: 0.03747505, G3: 0.01902363 | Accuracy: G1: 53.74 %, G2: 53.74 %, G3: 52.76 %
2025-05-23 12:02:29,098  INFO  EPOCH 54 | Validation MSE: G1: 0.04647584, G2: 0.03060646, G3: 0.01087414 | Accuracy: G1: 53.74 %, G2: 53.74 %, G3: 52.44 %
2025-05-23 12:05:37,087  INFO  EPOCH 55 | Validation MSE: G1: 0.03310567, G2: 0.03822675, G3: 0.01925795 | Accuracy: G1: 53.74 %, G2: 53.74 %, G3: 52.65 %
2025-05-23 12:09:55,765  INFO  EPOCH 55 | Validation MSE: G1: 0.04652603, G2: 0.03173054, G3: 0.01068942 | Accuracy: G1: 53.74 %, G2: 53.74 %, G3: 52.65 %
2025-05-23 12:12:50,948  INFO  EPOCH 56 | Validation MSE: G1: 0.03166932, G2: 0.03646488, G3: 0.01854902 | Accuracy: G1: 53.74 %, G2: 53.74 %, G3: 52.87 %
2025-05-23 12:17:52,390  INFO  EPOCH 56 | Validation MSE: G1: 0.04614073, G2: 0.03132249, G3: 0.01082092 | Accuracy: G1: 53.74 %, G2: 53.74 %, G3: 53.20 %
2025-05-23 12:21:20,184  INFO  EPOCH 57 | Validation MSE: G1: 0.03332831, G2: 0.03719637, G3: 0.01848539 | Accuracy: G1: 53.74 %, G2: 53.74 %, G3: 52.87 %
2025-05-23 12:25:04,397  INFO  EPOCH 57 | Validation MSE: G1: 0.04426235, G2: 0.03032642, G3: 0.01089350 | Accuracy: G1: 53.74 %, G2: 53.74 %, G3: 52.65 %
2025-05-23 12:28:49,166  INFO  EPOCH 58 | Validation MSE: G1: 0.03247304, G2: 0.03708195, G3: 0.01850598 | Accuracy: G1: 53.74 %, G2: 53.74 %, G3: 52.11 %
2025-05-23 12:32:49,147  INFO  EPOCH 58 | Validation MSE: G1: 0.04661340, G2: 0.03080221, G3: 0.01068212 | Accuracy: G1: 53.74 %, G2: 53.74 %, G3: 52.98 %
2025-05-23 12:36:18,868  INFO  EPOCH 59 | Validation MSE: G1: 0.03283219, G2: 0.03675816, G3: 0.01871721 | Accuracy: G1: 53.74 %, G2: 53.74 %, G3: 52.65 %
2025-05-23 12:38:43,255  INFO  EPOCH 59 | Validation MSE: G1: 0.04548293, G2: 0.03088193, G3: 0.01102554 | Accuracy: G1: 53.74 %, G2: 53.74 %, G3: 53.09 %
2025-05-23 12:38:50,197  INFO  Do distill 1 epoch! Distill from G3 to G2
2025-05-23 12:38:51,198  INFO  Start cross finetune!  So far G3 with D1
2025-05-23 12:38:55,267  INFO  == Cross finetune Epoch [1/1024]: G3 with D1: Validation MSE 0.01859343, Validation Acc 51.90%
2025-05-23 12:38:57,899  INFO  Do distill 1 epoch! Distill from G3 to G1
2025-05-23 12:38:59,072  INFO  Start cross finetune!  So far G3 with D1
2025-05-23 12:39:00,151  INFO  == Cross finetune Epoch [2/1024]: G3 with D1: Validation MSE 0.01911948, Validation Acc 52.65%
2025-05-23 12:39:04,588  INFO  == Cross finetune Epoch [1/1024]: G3 with D1: Validation MSE 0.01093847, Validation Acc 52.98%
2025-05-23 12:39:29,935  INFO  == Cross finetune Epoch [3/1024]: G3 with D1: Validation MSE 0.01935294, Validation Acc 52.87%
2025-05-23 12:39:33,980  INFO  == Cross finetune Epoch [2/1024]: G3 with D1: Validation MSE 0.01095108, Validation Acc 52.98%
2025-05-23 12:39:34,795  INFO  == Cross finetune Epoch [4/1024]: G3 with D1: Validation MSE 0.01883376, Validation Acc 52.98%
2025-05-23 12:39:38,616  INFO  == Cross finetune Epoch [3/1024]: G3 with D1: Validation MSE 0.01100278, Validation Acc 52.87%
2025-05-23 12:39:39,402  INFO  == Cross finetune Epoch [5/1024]: G3 with D1: Validation MSE 0.01821169, Validation Acc 52.76%
2025-05-23 12:39:39,402  INFO  EPOCH 60 | Validation MSE: G1: 0.03350624, G2: 0.03839369, G3: 0.01856035 | Accuracy: G1: 53.74 %, G2: 53.74 %, G3: 52.87 %
2025-05-23 12:39:43,393  INFO  == Cross finetune Epoch [4/1024]: G3 with D1: Validation MSE 0.01090532, Validation Acc 52.87%
2025-05-23 12:39:48,106  INFO  == Cross finetune Epoch [5/1024]: G3 with D1: Validation MSE 0.01095508, Validation Acc 52.22%
2025-05-23 12:39:48,106  INFO  EPOCH 60 | Validation MSE: G1: 0.04595633, G2: 0.03040336, G3: 0.01103772 | Accuracy: G1: 53.74 %, G2: 53.74 %, G3: 52.98 %
2025-05-23 12:39:54,253  INFO  EPOCH 61 | Validation MSE: G1: 0.03185846, G2: 0.08127266, G3: 0.01818398 | Accuracy: G1: 53.74 %, G2: 53.74 %, G3: 51.79 %
2025-05-23 12:40:02,294  INFO  EPOCH 61 | Validation MSE: G1: 0.07021908, G2: 0.02943266, G3: 0.01089204 | Accuracy: G1: 53.74 %, G2: 53.74 %, G3: 52.44 %
2025-05-23 12:40:09,424  INFO  EPOCH 62 | Validation MSE: G1: 0.03065476, G2: 0.05596144, G3: 0.01919291 | Accuracy: G1: 53.74 %, G2: 53.74 %, G3: 52.65 %
2025-05-23 12:40:17,851  INFO  EPOCH 62 | Validation MSE: G1: 0.07082015, G2: 0.03102545, G3: 0.01089429 | Accuracy: G1: 53.74 %, G2: 53.74 %, G3: 52.87 %
2025-05-23 12:40:23,355  INFO  EPOCH 63 | Validation MSE: G1: 0.02985200, G2: 0.04498548, G3: 0.01894130 | Accuracy: G1: 53.74 %, G2: 53.74 %, G3: 52.87 %
2025-05-23 12:40:31,033  INFO  EPOCH 63 | Validation MSE: G1: 0.06262466, G2: 0.02900403, G3: 0.01089054 | Accuracy: G1: 53.74 %, G2: 53.74 %, G3: 52.87 %
2025-05-23 12:40:35,839  INFO  EPOCH 64 | Validation MSE: G1: 0.03019794, G2: 0.04083663, G3: 0.01918400 | Accuracy: G1: 53.74 %, G2: 53.74 %, G3: 51.46 %
2025-05-23 12:40:43,991  INFO  EPOCH 64 | Validation MSE: G1: 0.05639485, G2: 0.02977950, G3: 0.01091939 | Accuracy: G1: 53.74 %, G2: 53.74 %, G3: 52.87 %
2025-05-23 12:40:49,074  INFO  EPOCH 65 | Validation MSE: G1: 0.03086904, G2: 0.03725635, G3: 0.01854963 | Accuracy: G1: 53.74 %, G2: 53.74 %, G3: 53.20 %
2025-05-23 12:40:57,389  INFO  EPOCH 65 | Validation MSE: G1: 0.05043012, G2: 0.02842717, G3: 0.01090826 | Accuracy: G1: 53.74 %, G2: 53.74 %, G3: 52.98 %
2025-05-23 12:41:02,775  INFO  EPOCH 66 | Validation MSE: G1: 0.03193137, G2: 0.03637102, G3: 0.01885562 | Accuracy: G1: 53.74 %, G2: 53.74 %, G3: 52.44 %
2025-05-23 12:41:22,617  INFO  EPOCH 66 | Validation MSE: G1: 0.04776497, G2: 0.02943203, G3: 0.01090955 | Accuracy: G1: 53.74 %, G2: 53.74 %, G3: 52.98 %
2025-05-23 12:41:27,951  INFO  EPOCH 67 | Validation MSE: G1: 0.02904681, G2: 0.03506212, G3: 0.01882555 | Accuracy: G1: 53.74 %, G2: 53.74 %, G3: 51.90 %
2025-05-23 12:41:36,632  INFO  EPOCH 67 | Validation MSE: G1: 0.04513875, G2: 0.02833754, G3: 0.01092935 | Accuracy: G1: 53.74 %, G2: 53.74 %, G3: 53.09 %
2025-05-23 12:41:40,876  INFO  EPOCH 68 | Validation MSE: G1: 0.03013575, G2: 0.03455492, G3: 0.01885024 | Accuracy: G1: 53.74 %, G2: 53.74 %, G3: 51.79 %
2025-05-23 12:41:49,715  INFO  EPOCH 68 | Validation MSE: G1: 0.04413620, G2: 0.02870820, G3: 0.01093214 | Accuracy: G1: 53.74 %, G2: 53.74 %, G3: 52.87 %
2025-05-23 12:41:54,108  INFO  EPOCH 69 | Validation MSE: G1: 0.02956703, G2: 0.03580951, G3: 0.01889174 | Accuracy: G1: 53.74 %, G2: 53.74 %, G3: 52.11 %
2025-05-23 12:42:29,902  INFO  EPOCH 69 | Validation MSE: G1: 0.04214541, G2: 0.02894871, G3: 0.01091509 | Accuracy: G1: 53.74 %, G2: 53.74 %, G3: 52.98 %
2025-05-23 12:43:01,366  INFO  Start cross finetune!  So far G3 with D1
2025-05-23 12:43:05,539  INFO  == Cross finetune Epoch [1/1024]: G3 with D1: Validation MSE 0.01882135, Validation Acc 52.00%
2025-05-23 12:43:09,693  INFO  == Cross finetune Epoch [2/1024]: G3 with D1: Validation MSE 0.01875963, Validation Acc 52.00%
2025-05-23 12:43:11,036  INFO  Start cross finetune!  So far G3 with D1
2025-05-23 12:43:14,366  INFO  == Cross finetune Epoch [3/1024]: G3 with D1: Validation MSE 0.01859674, Validation Acc 52.87%
2025-05-23 12:43:15,895  INFO  == Cross finetune Epoch [1/1024]: G3 with D1: Validation MSE 0.01095563, Validation Acc 52.87%
2025-05-23 12:43:19,318  INFO  == Cross finetune Epoch [4/1024]: G3 with D1: Validation MSE 0.01866588, Validation Acc 52.00%
2025-05-23 12:43:20,864  INFO  == Cross finetune Epoch [2/1024]: G3 with D1: Validation MSE 0.01096836, Validation Acc 52.33%
2025-05-23 12:43:24,350  INFO  == Cross finetune Epoch [5/1024]: G3 with D1: Validation MSE 0.01882251, Validation Acc 52.65%
2025-05-23 12:43:24,351  INFO  EPOCH 70 | Validation MSE: G1: 0.02876599, G2: 0.03685292, G3: 0.01883289 | Accuracy: G1: 53.74 %, G2: 53.74 %, G3: 52.33 %
2025-05-23 12:43:25,753  INFO  == Cross finetune Epoch [3/1024]: G3 with D1: Validation MSE 0.01097504, Validation Acc 52.33%
2025-05-23 12:43:30,368  INFO  == Cross finetune Epoch [4/1024]: G3 with D1: Validation MSE 0.01102603, Validation Acc 52.33%
2025-05-23 12:43:35,209  INFO  == Cross finetune Epoch [5/1024]: G3 with D1: Validation MSE 0.01097487, Validation Acc 52.33%
2025-05-23 12:43:35,209  INFO  EPOCH 70 | Validation MSE: G1: 0.04301380, G2: 0.02829011, G3: 0.01094815 | Accuracy: G1: 53.74 %, G2: 53.74 %, G3: 52.87 %
2025-05-23 12:43:39,872  INFO  EPOCH 71 | Validation MSE: G1: 0.02890435, G2: 0.03487873, G3: 0.01882137 | Accuracy: G1: 53.74 %, G2: 53.74 %, G3: 52.55 %
2025-05-23 12:43:50,494  INFO  EPOCH 71 | Validation MSE: G1: 0.04155855, G2: 0.02829454, G3: 0.01093081 | Accuracy: G1: 53.74 %, G2: 53.74 %, G3: 52.33 %
2025-05-23 12:43:55,265  INFO  EPOCH 72 | Validation MSE: G1: 0.02989315, G2: 0.03546467, G3: 0.01890230 | Accuracy: G1: 53.74 %, G2: 53.74 %, G3: 52.65 %
2025-05-23 12:44:06,236  INFO  EPOCH 72 | Validation MSE: G1: 0.04161476, G2: 0.02856348, G3: 0.01092108 | Accuracy: G1: 53.74 %, G2: 53.74 %, G3: 52.33 %
2025-05-23 12:44:10,472  INFO  EPOCH 73 | Validation MSE: G1: 0.02928614, G2: 0.03489467, G3: 0.01883765 | Accuracy: G1: 53.74 %, G2: 53.74 %, G3: 52.33 %
2025-05-23 12:44:21,490  INFO  EPOCH 73 | Validation MSE: G1: 0.04024788, G2: 0.02857537, G3: 0.01093359 | Accuracy: G1: 53.74 %, G2: 53.74 %, G3: 52.33 %
2025-05-23 12:44:25,037  INFO  EPOCH 74 | Validation MSE: G1: 0.02797155, G2: 0.03539234, G3: 0.01871137 | Accuracy: G1: 53.74 %, G2: 53.74 %, G3: 52.65 %
2025-05-23 12:44:35,983  INFO  EPOCH 74 | Validation MSE: G1: 0.04041364, G2: 0.02740315, G3: 0.01093549 | Accuracy: G1: 53.74 %, G2: 53.74 %, G3: 52.33 %
2025-05-23 12:44:39,274  INFO  EPOCH 75 | Validation MSE: G1: 0.02953785, G2: 0.03567792, G3: 0.01864594 | Accuracy: G1: 53.74 %, G2: 53.74 %, G3: 52.33 %
2025-05-23 12:44:51,658  INFO  EPOCH 75 | Validation MSE: G1: 0.03940593, G2: 0.02651238, G3: 0.01094253 | Accuracy: G1: 53.74 %, G2: 53.74 %, G3: 52.33 %
2025-05-23 12:44:55,407  INFO  EPOCH 76 | Validation MSE: G1: 0.02835032, G2: 0.03504291, G3: 0.01873947 | Accuracy: G1: 53.74 %, G2: 53.74 %, G3: 52.11 %
2025-05-23 12:45:17,190  INFO  EPOCH 76 | Validation MSE: G1: 0.04039118, G2: 0.02844622, G3: 0.01094022 | Accuracy: G1: 53.74 %, G2: 53.74 %, G3: 52.44 %
2025-05-23 12:45:20,488  INFO  EPOCH 77 | Validation MSE: G1: 0.02886786, G2: 0.03425613, G3: 0.01882479 | Accuracy: G1: 53.74 %, G2: 53.74 %, G3: 52.33 %
2025-05-23 12:45:32,826  INFO  EPOCH 77 | Validation MSE: G1: 0.03916437, G2: 0.02635920, G3: 0.01092132 | Accuracy: G1: 53.74 %, G2: 53.74 %, G3: 52.44 %
2025-05-23 12:45:36,011  INFO  EPOCH 78 | Validation MSE: G1: 0.02835099, G2: 0.03452514, G3: 0.01894077 | Accuracy: G1: 53.74 %, G2: 53.74 %, G3: 52.00 %
2025-05-23 12:45:47,070  INFO  EPOCH 78 | Validation MSE: G1: 0.04005878, G2: 0.02743733, G3: 0.01093553 | Accuracy: G1: 53.74 %, G2: 53.74 %, G3: 52.33 %
2025-05-23 12:45:50,071  INFO  EPOCH 79 | Validation MSE: G1: 0.02911277, G2: 0.03417292, G3: 0.01891763 | Accuracy: G1: 53.74 %, G2: 53.74 %, G3: 52.22 %
2025-05-23 12:46:39,317  INFO  EPOCH 79 | Validation MSE: G1: 0.03992790, G2: 0.02691031, G3: 0.01093004 | Accuracy: G1: 53.74 %, G2: 53.74 %, G3: 52.33 %
2025-05-23 12:46:42,457  INFO  Start cross finetune!  So far G3 with D1
2025-05-23 12:46:46,794  INFO  == Cross finetune Epoch [1/1024]: G3 with D1: Validation MSE 0.01895291, Validation Acc 52.98%
2025-05-23 12:46:51,380  INFO  == Cross finetune Epoch [2/1024]: G3 with D1: Validation MSE 0.01895625, Validation Acc 52.76%
2025-05-23 12:46:54,832  INFO  Start cross finetune!  So far G3 with D1
2025-05-23 12:46:56,809  INFO  == Cross finetune Epoch [3/1024]: G3 with D1: Validation MSE 0.01895319, Validation Acc 52.76%
2025-05-23 12:47:00,612  INFO  == Cross finetune Epoch [1/1024]: G3 with D1: Validation MSE 0.01092876, Validation Acc 52.76%
2025-05-23 12:47:02,420  INFO  == Cross finetune Epoch [4/1024]: G3 with D1: Validation MSE 0.01891312, Validation Acc 52.76%
2025-05-23 12:47:06,117  INFO  == Cross finetune Epoch [2/1024]: G3 with D1: Validation MSE 0.01091515, Validation Acc 52.87%
2025-05-23 12:47:07,772  INFO  == Cross finetune Epoch [5/1024]: G3 with D1: Validation MSE 0.01883947, Validation Acc 52.65%
2025-05-23 12:47:07,773  INFO  EPOCH 80 | Validation MSE: G1: 0.02871675, G2: 0.03559666, G3: 0.01894154 | Accuracy: G1: 53.74 %, G2: 53.74 %, G3: 52.55 %
2025-05-23 12:47:11,382  INFO  == Cross finetune Epoch [3/1024]: G3 with D1: Validation MSE 0.01093293, Validation Acc 52.76%
2025-05-23 12:47:16,503  INFO  == Cross finetune Epoch [4/1024]: G3 with D1: Validation MSE 0.01093649, Validation Acc 52.76%
2025-05-23 12:47:21,807  INFO  == Cross finetune Epoch [5/1024]: G3 with D1: Validation MSE 0.01090800, Validation Acc 52.76%
2025-05-23 12:47:21,808  INFO  EPOCH 80 | Validation MSE: G1: 0.04023731, G2: 0.02773047, G3: 0.01092007 | Accuracy: G1: 53.74 %, G2: 53.74 %, G3: 52.33 %
2025-05-23 12:48:04,782  INFO  EPOCH 81 | Validation MSE: G1: 0.02867689, G2: 0.03349035, G3: 0.01874060 | Accuracy: G1: 53.74 %, G2: 53.74 %, G3: 52.55 %
2025-05-23 12:52:28,706  INFO  EPOCH 81 | Validation MSE: G1: 0.03961846, G2: 0.02575890, G3: 0.01089588 | Accuracy: G1: 53.74 %, G2: 53.74 %, G3: 52.87 %
2025-05-23 12:52:30,264  INFO  EPOCH 82 | Validation MSE: G1: 0.02751296, G2: 0.03408613, G3: 0.01887029 | Accuracy: G1: 53.74 %, G2: 53.74 %, G3: 52.65 %
2025-05-23 12:52:42,061  INFO  EPOCH 82 | Validation MSE: G1: 0.03908622, G2: 0.02505410, G3: 0.01093365 | Accuracy: G1: 53.74 %, G2: 53.74 %, G3: 52.44 %
2025-05-23 12:52:43,536  INFO  EPOCH 83 | Validation MSE: G1: 0.02587997, G2: 0.03487369, G3: 0.01899703 | Accuracy: G1: 53.74 %, G2: 53.74 %, G3: 52.76 %
2025-05-23 12:52:57,092  INFO  EPOCH 83 | Validation MSE: G1: 0.03963467, G2: 0.02744031, G3: 0.01096337 | Accuracy: G1: 53.74 %, G2: 53.74 %, G3: 52.87 %
2025-05-23 12:52:58,678  INFO  EPOCH 84 | Validation MSE: G1: 0.02695557, G2: 0.03410666, G3: 0.01899345 | Accuracy: G1: 53.74 %, G2: 53.74 %, G3: 52.65 %
2025-05-23 12:53:12,670  INFO  EPOCH 84 | Validation MSE: G1: 0.03808152, G2: 0.02527138, G3: 0.01096610 | Accuracy: G1: 53.74 %, G2: 53.74 %, G3: 52.87 %
2025-05-23 12:53:14,152  INFO  EPOCH 85 | Validation MSE: G1: 0.02831646, G2: 0.03300820, G3: 0.01893225 | Accuracy: G1: 53.74 %, G2: 53.74 %, G3: 52.65 %
2025-05-23 12:58:37,768  INFO  EPOCH 85 | Validation MSE: G1: 0.03818973, G2: 0.02712419, G3: 0.01097431 | Accuracy: G1: 53.74 %, G2: 53.74 %, G3: 52.87 %
2025-05-23 12:59:26,427  INFO  EPOCH 86 | Validation MSE: G1: 0.02814835, G2: 0.03405648, G3: 0.01887718 | Accuracy: G1: 53.74 %, G2: 53.74 %, G3: 52.87 %
2025-05-23 13:05:18,650  INFO  EPOCH 86 | Validation MSE: G1: 0.03775280, G2: 0.02518582, G3: 0.01095812 | Accuracy: G1: 53.74 %, G2: 53.74 %, G3: 52.87 %
2025-05-23 13:05:55,741  INFO  EPOCH 87 | Validation MSE: G1: 0.02757138, G2: 0.03376368, G3: 0.01889878 | Accuracy: G1: 53.74 %, G2: 53.74 %, G3: 53.20 %
2025-05-23 13:10:34,144  INFO  EPOCH 87 | Validation MSE: G1: 0.03822210, G2: 0.02466346, G3: 0.01097043 | Accuracy: G1: 53.74 %, G2: 53.74 %, G3: 52.87 %
2025-05-23 13:10:35,054  INFO  EPOCH 88 | Validation MSE: G1: 0.02783427, G2: 0.03380646, G3: 0.01883593 | Accuracy: G1: 53.74 %, G2: 53.74 %, G3: 52.87 %
2025-05-23 13:10:48,620  INFO  EPOCH 88 | Validation MSE: G1: 0.03682205, G2: 0.02555046, G3: 0.01098066 | Accuracy: G1: 53.74 %, G2: 53.74 %, G3: 52.87 %
2025-05-23 13:10:49,800  INFO  EPOCH 89 | Validation MSE: G1: 0.02597383, G2: 0.03290599, G3: 0.01873711 | Accuracy: G1: 53.74 %, G2: 53.74 %, G3: 52.98 %
2025-05-23 13:11:04,443  INFO  EPOCH 89 | Validation MSE: G1: 0.03716734, G2: 0.02574536, G3: 0.01095420 | Accuracy: G1: 53.74 %, G2: 53.74 %, G3: 52.87 %
2025-05-23 13:11:05,023  INFO  Do distill 1 epoch! Distill from G3 to G2
2025-05-23 13:11:06,334  INFO  Start cross finetune!  So far G3 with D1
2025-05-23 13:11:11,769  INFO  == Cross finetune Epoch [1/1024]: G3 with D1: Validation MSE 0.01863702, Validation Acc 52.76%
2025-05-23 13:11:16,962  INFO  == Cross finetune Epoch [2/1024]: G3 with D1: Validation MSE 0.01870126, Validation Acc 52.87%
2025-05-23 13:11:20,917  INFO  Do distill 1 epoch! Distill from G3 to G1
2025-05-23 13:11:22,185  INFO  == Cross finetune Epoch [3/1024]: G3 with D1: Validation MSE 0.01870990, Validation Acc 52.98%
2025-05-23 13:11:22,399  INFO  Start cross finetune!  So far G3 with D1
2025-05-23 13:11:27,693  INFO  == Cross finetune Epoch [4/1024]: G3 with D1: Validation MSE 0.01873677, Validation Acc 53.09%
2025-05-23 13:11:27,874  INFO  == Cross finetune Epoch [1/1024]: G3 with D1: Validation MSE 0.01088475, Validation Acc 52.87%
2025-05-23 13:11:33,000  INFO  == Cross finetune Epoch [5/1024]: G3 with D1: Validation MSE 0.01875522, Validation Acc 52.98%
2025-05-23 13:11:33,001  INFO  EPOCH 90 | Validation MSE: G1: 0.02541747, G2: 0.03348036, G3: 0.01871976 | Accuracy: G1: 53.74 %, G2: 53.74 %, G3: 53.09 %
2025-05-23 13:11:33,154  INFO  == Cross finetune Epoch [2/1024]: G3 with D1: Validation MSE 0.01089585, Validation Acc 52.98%
2025-05-23 13:11:38,120  INFO  == Cross finetune Epoch [3/1024]: G3 with D1: Validation MSE 0.01089428, Validation Acc 52.87%
2025-05-23 13:11:43,050  INFO  == Cross finetune Epoch [4/1024]: G3 with D1: Validation MSE 0.01091755, Validation Acc 52.98%
2025-05-23 13:11:47,992  INFO  == Cross finetune Epoch [5/1024]: G3 with D1: Validation MSE 0.01092671, Validation Acc 52.87%
2025-05-23 13:11:47,993  INFO  EPOCH 90 | Validation MSE: G1: 0.03542133, G2: 0.02573105, G3: 0.01091692 | Accuracy: G1: 53.74 %, G2: 53.74 %, G3: 52.76 %
2025-05-23 13:11:48,810  INFO  EPOCH 91 | Validation MSE: G1: 0.02682447, G2: 0.07824387, G3: 0.01876502 | Accuracy: G1: 53.74 %, G2: 53.74 %, G3: 53.20 %
2025-05-23 13:12:03,606  INFO  EPOCH 91 | Validation MSE: G1: 0.06596238, G2: 0.02459460, G3: 0.01092247 | Accuracy: G1: 53.74 %, G2: 53.74 %, G3: 52.76 %
2025-05-23 13:12:04,187  INFO  EPOCH 92 | Validation MSE: G1: 0.02578225, G2: 0.05153431, G3: 0.01874822 | Accuracy: G1: 53.74 %, G2: 53.74 %, G3: 53.30 %
2025-05-23 13:12:18,714  INFO  EPOCH 92 | Validation MSE: G1: 0.06478284, G2: 0.02442866, G3: 0.01090820 | Accuracy: G1: 53.74 %, G2: 53.74 %, G3: 52.76 %
2025-05-23 13:12:19,233  INFO  EPOCH 93 | Validation MSE: G1: 0.02576658, G2: 0.04062781, G3: 0.01870855 | Accuracy: G1: 53.74 %, G2: 53.74 %, G3: 52.65 %
2025-05-23 13:12:34,431  INFO  EPOCH 93 | Validation MSE: G1: 0.05370047, G2: 0.02540772, G3: 0.01089543 | Accuracy: G1: 53.74 %, G2: 53.74 %, G3: 52.65 %
2025-05-23 13:12:35,034  INFO  EPOCH 94 | Validation MSE: G1: 0.02626451, G2: 0.03607591, G3: 0.01875570 | Accuracy: G1: 53.74 %, G2: 53.74 %, G3: 53.20 %
2025-05-23 13:12:49,414  INFO  EPOCH 94 | Validation MSE: G1: 0.04630981, G2: 0.02448435, G3: 0.01090247 | Accuracy: G1: 53.74 %, G2: 53.74 %, G3: 52.44 %
2025-05-23 13:12:49,951  INFO  EPOCH 95 | Validation MSE: G1: 0.02604275, G2: 0.03464199, G3: 0.01877127 | Accuracy: G1: 53.74 %, G2: 53.74 %, G3: 53.09 %
2025-05-23 13:13:04,742  INFO  EPOCH 95 | Validation MSE: G1: 0.04223197, G2: 0.02480718, G3: 0.01093978 | Accuracy: G1: 53.74 %, G2: 53.74 %, G3: 52.76 %
2025-05-23 13:13:05,261  INFO  EPOCH 96 | Validation MSE: G1: 0.02522798, G2: 0.03380333, G3: 0.01873601 | Accuracy: G1: 53.74 %, G2: 53.74 %, G3: 53.09 %
2025-05-23 13:13:20,108  INFO  EPOCH 96 | Validation MSE: G1: 0.04014657, G2: 0.02393946, G3: 0.01093126 | Accuracy: G1: 53.74 %, G2: 53.74 %, G3: 52.76 %
2025-05-23 13:13:20,730  INFO  EPOCH 97 | Validation MSE: G1: 0.02656895, G2: 0.03317505, G3: 0.01878082 | Accuracy: G1: 53.74 %, G2: 53.74 %, G3: 52.87 %
2025-05-23 13:13:35,708  INFO  EPOCH 97 | Validation MSE: G1: 0.03919186, G2: 0.02532198, G3: 0.01096312 | Accuracy: G1: 53.74 %, G2: 53.74 %, G3: 52.76 %
2025-05-23 13:13:36,294  INFO  EPOCH 98 | Validation MSE: G1: 0.02495492, G2: 0.03195933, G3: 0.01879886 | Accuracy: G1: 53.74 %, G2: 53.74 %, G3: 52.55 %
2025-05-23 13:13:51,395  INFO  EPOCH 98 | Validation MSE: G1: 0.03685322, G2: 0.02527678, G3: 0.01091280 | Accuracy: G1: 53.74 %, G2: 53.74 %, G3: 52.76 %
2025-05-23 13:13:51,936  INFO  EPOCH 99 | Validation MSE: G1: 0.02618382, G2: 0.03230248, G3: 0.01879226 | Accuracy: G1: 53.74 %, G2: 53.74 %, G3: 53.09 %
2025-05-23 13:14:06,917  INFO  EPOCH 99 | Validation MSE: G1: 0.03631264, G2: 0.02497466, G3: 0.01091291 | Accuracy: G1: 53.74 %, G2: 53.74 %, G3: 52.76 %
2025-05-23 13:14:07,451  INFO  Start cross finetune!  So far G3 with D1
2025-05-23 13:14:12,740  INFO  == Cross finetune Epoch [1/1024]: G3 with D1: Validation MSE 0.01867236, Validation Acc 52.44%
2025-05-23 13:14:18,008  INFO  == Cross finetune Epoch [2/1024]: G3 with D1: Validation MSE 0.01866854, Validation Acc 52.65%
2025-05-23 13:14:23,194  INFO  == Cross finetune Epoch [3/1024]: G3 with D1: Validation MSE 0.01871733, Validation Acc 52.76%
2025-05-23 13:14:23,506  INFO  Start cross finetune!  So far G3 with D1
2025-05-23 13:14:28,946  INFO  == Cross finetune Epoch [4/1024]: G3 with D1: Validation MSE 0.01879971, Validation Acc 52.87%
2025-05-23 13:14:29,264  INFO  == Cross finetune Epoch [1/1024]: G3 with D1: Validation MSE 0.01088723, Validation Acc 52.76%
2025-05-23 13:14:34,377  INFO  == Cross finetune Epoch [5/1024]: G3 with D1: Validation MSE 0.01881467, Validation Acc 53.09%
2025-05-23 13:14:34,378  INFO  EPOCH 100 | Validation MSE: G1: 0.02746228, G2: 0.03300541, G3: 0.01876611 | Accuracy: G1: 53.74 %, G2: 53.74 %, G3: 52.76 %
2025-05-23 13:14:34,671  INFO  == Cross finetune Epoch [2/1024]: G3 with D1: Validation MSE 0.01089924, Validation Acc 52.76%
2025-05-23 13:14:39,841  INFO  == Cross finetune Epoch [3/1024]: G3 with D1: Validation MSE 0.01085891, Validation Acc 52.87%
2025-05-23 13:14:45,164  INFO  == Cross finetune Epoch [4/1024]: G3 with D1: Validation MSE 0.01087917, Validation Acc 52.87%
2025-05-23 13:14:50,708  INFO  == Cross finetune Epoch [5/1024]: G3 with D1: Validation MSE 0.01089411, Validation Acc 52.87%
2025-05-23 13:14:50,709  INFO  EPOCH 100 | Validation MSE: G1: 0.03499738, G2: 0.02355039, G3: 0.01091402 | Accuracy: G1: 53.74 %, G2: 53.74 %, G3: 52.87 %
2025-05-23 13:14:51,518  INFO  EPOCH 101 | Validation MSE: G1: 0.02627560, G2: 0.03274401, G3: 0.01876129 | Accuracy: G1: 53.74 %, G2: 53.74 %, G3: 52.55 %
2025-05-23 13:15:09,081  INFO  EPOCH 101 | Validation MSE: G1: 0.03476823, G2: 0.02414962, G3: 0.01090316 | Accuracy: G1: 53.74 %, G2: 53.74 %, G3: 52.55 %
2025-05-23 13:15:09,662  INFO  EPOCH 102 | Validation MSE: G1: 0.02567237, G2: 0.03193397, G3: 0.01874197 | Accuracy: G1: 53.74 %, G2: 53.74 %, G3: 52.65 %
2025-05-23 13:15:25,573  INFO  EPOCH 102 | Validation MSE: G1: 0.03489297, G2: 0.02342273, G3: 0.01092635 | Accuracy: G1: 53.74 %, G2: 53.74 %, G3: 52.65 %
2025-05-23 13:15:25,856  INFO  EPOCH 103 | Validation MSE: G1: 0.02604879, G2: 0.03239592, G3: 0.01881939 | Accuracy: G1: 53.74 %, G2: 53.74 %, G3: 52.44 %
2025-05-23 13:15:41,087  INFO  EPOCH 103 | Validation MSE: G1: 0.03531172, G2: 0.02533841, G3: 0.01091421 | Accuracy: G1: 53.74 %, G2: 53.74 %, G3: 52.44 %
2025-05-23 13:15:41,201  INFO  EPOCH 104 | Validation MSE: G1: 0.02668076, G2: 0.03245253, G3: 0.01879684 | Accuracy: G1: 53.74 %, G2: 53.74 %, G3: 52.76 %
2025-05-23 13:15:57,387  INFO  EPOCH 105 | Validation MSE: G1: 0.02538447, G2: 0.03223040, G3: 0.01876455 | Accuracy: G1: 53.74 %, G2: 53.74 %, G3: 52.55 %
2025-05-23 13:15:57,542  INFO  EPOCH 104 | Validation MSE: G1: 0.03592769, G2: 0.02327218, G3: 0.01092959 | Accuracy: G1: 53.74 %, G2: 53.74 %, G3: 52.33 %
2025-05-23 13:16:11,702  INFO  EPOCH 106 | Validation MSE: G1: 0.02515109, G2: 0.03170521, G3: 0.01878494 | Accuracy: G1: 53.74 %, G2: 53.74 %, G3: 52.44 %
2025-05-23 13:16:12,017  INFO  EPOCH 105 | Validation MSE: G1: 0.03472007, G2: 0.02392627, G3: 0.01094591 | Accuracy: G1: 53.74 %, G2: 53.74 %, G3: 52.76 %
2025-05-23 13:16:26,286  INFO  EPOCH 107 | Validation MSE: G1: 0.02548350, G2: 0.03269561, G3: 0.01881721 | Accuracy: G1: 53.74 %, G2: 53.74 %, G3: 52.55 %
2025-05-23 13:16:26,636  INFO  EPOCH 106 | Validation MSE: G1: 0.03487371, G2: 0.02336045, G3: 0.01096179 | Accuracy: G1: 53.74 %, G2: 53.74 %, G3: 52.76 %
2025-05-23 13:16:42,776  INFO  EPOCH 108 | Validation MSE: G1: 0.02611192, G2: 0.03235628, G3: 0.01885081 | Accuracy: G1: 53.74 %, G2: 53.74 %, G3: 52.55 %
2025-05-23 13:16:43,099  INFO  EPOCH 107 | Validation MSE: G1: 0.03427751, G2: 0.02417088, G3: 0.01093600 | Accuracy: G1: 53.74 %, G2: 53.74 %, G3: 52.76 %
2025-05-23 13:16:56,862  INFO  EPOCH 109 | Validation MSE: G1: 0.02571423, G2: 0.03203919, G3: 0.01891325 | Accuracy: G1: 53.74 %, G2: 53.74 %, G3: 52.98 %
2025-05-23 13:16:57,344  INFO  EPOCH 108 | Validation MSE: G1: 0.03385901, G2: 0.02324507, G3: 0.01093020 | Accuracy: G1: 53.74 %, G2: 53.74 %, G3: 52.44 %
2025-05-23 13:17:13,305  INFO  Start cross finetune!  So far G3 with D1
2025-05-23 13:17:13,911  INFO  EPOCH 109 | Validation MSE: G1: 0.03347985, G2: 0.02365515, G3: 0.01087713 | Accuracy: G1: 53.74 %, G2: 53.74 %, G3: 52.33 %
2025-05-23 13:17:18,208  INFO  == Cross finetune Epoch [1/1024]: G3 with D1: Validation MSE 0.01891061, Validation Acc 52.87%
2025-05-23 13:17:23,072  INFO  == Cross finetune Epoch [2/1024]: G3 with D1: Validation MSE 0.01880429, Validation Acc 52.55%
2025-05-23 13:17:27,940  INFO  == Cross finetune Epoch [3/1024]: G3 with D1: Validation MSE 0.01879575, Validation Acc 52.55%
2025-05-23 13:17:29,622  INFO  Start cross finetune!  So far G3 with D1
2025-05-23 13:17:33,366  INFO  == Cross finetune Epoch [4/1024]: G3 with D1: Validation MSE 0.01879282, Validation Acc 52.55%
2025-05-23 13:17:35,150  INFO  == Cross finetune Epoch [1/1024]: G3 with D1: Validation MSE 0.01090096, Validation Acc 52.33%
2025-05-23 13:17:38,776  INFO  == Cross finetune Epoch [5/1024]: G3 with D1: Validation MSE 0.01879055, Validation Acc 52.44%
2025-05-23 13:17:38,776  INFO  EPOCH 110 | Validation MSE: G1: 0.02596925, G2: 0.03290037, G3: 0.01892977 | Accuracy: G1: 53.74 %, G2: 53.74 %, G3: 52.65 %
2025-05-23 13:17:40,397  INFO  == Cross finetune Epoch [2/1024]: G3 with D1: Validation MSE 0.01091037, Validation Acc 52.76%
2025-05-23 13:17:45,142  INFO  == Cross finetune Epoch [3/1024]: G3 with D1: Validation MSE 0.01088895, Validation Acc 52.33%
2025-05-23 13:17:49,935  INFO  == Cross finetune Epoch [4/1024]: G3 with D1: Validation MSE 0.01087224, Validation Acc 52.33%
2025-05-23 13:17:54,197  INFO  EPOCH 111 | Validation MSE: G1: 0.02491817, G2: 0.03244980, G3: 0.01879899 | Accuracy: G1: 53.74 %, G2: 53.74 %, G3: 52.44 %
2025-05-23 13:17:54,856  INFO  == Cross finetune Epoch [5/1024]: G3 with D1: Validation MSE 0.01086690, Validation Acc 52.33%
2025-05-23 13:17:54,856  INFO  EPOCH 110 | Validation MSE: G1: 0.03396038, G2: 0.02396849, G3: 0.01087162 | Accuracy: G1: 53.74 %, G2: 53.74 %, G3: 52.33 %
2025-05-23 13:18:09,075  INFO  EPOCH 112 | Validation MSE: G1: 0.02569248, G2: 0.03198238, G3: 0.01883851 | Accuracy: G1: 53.74 %, G2: 53.74 %, G3: 52.44 %
2025-05-23 13:18:09,791  INFO  EPOCH 111 | Validation MSE: G1: 0.03357102, G2: 0.02438481, G3: 0.01085281 | Accuracy: G1: 53.74 %, G2: 53.74 %, G3: 52.33 %
2025-05-23 13:18:24,951  INFO  EPOCH 113 | Validation MSE: G1: 0.02720021, G2: 0.03267176, G3: 0.01879912 | Accuracy: G1: 53.74 %, G2: 53.74 %, G3: 52.55 %
2025-05-23 13:18:25,806  INFO  EPOCH 112 | Validation MSE: G1: 0.03323330, G2: 0.02310806, G3: 0.01089314 | Accuracy: G1: 53.74 %, G2: 53.74 %, G3: 52.22 %
2025-05-23 13:18:43,983  INFO  EPOCH 114 | Validation MSE: G1: 0.02645807, G2: 0.03159747, G3: 0.01885727 | Accuracy: G1: 53.74 %, G2: 53.74 %, G3: 52.55 %
2025-05-23 13:18:44,879  INFO  EPOCH 113 | Validation MSE: G1: 0.03304901, G2: 0.02236512, G3: 0.01093283 | Accuracy: G1: 53.74 %, G2: 53.74 %, G3: 52.33 %
2025-05-23 13:18:59,425  INFO  EPOCH 115 | Validation MSE: G1: 0.02503527, G2: 0.03214262, G3: 0.01882666 | Accuracy: G1: 53.74 %, G2: 53.74 %, G3: 52.55 %
2025-05-23 13:19:00,364  INFO  EPOCH 114 | Validation MSE: G1: 0.03385932, G2: 0.02294155, G3: 0.01091829 | Accuracy: G1: 53.74 %, G2: 53.74 %, G3: 52.33 %
2025-05-23 13:19:17,094  INFO  EPOCH 116 | Validation MSE: G1: 0.02432685, G2: 0.03088057, G3: 0.01882934 | Accuracy: G1: 53.74 %, G2: 53.74 %, G3: 52.44 %
2025-05-23 13:19:18,245  INFO  EPOCH 115 | Validation MSE: G1: 0.03221412, G2: 0.02220471, G3: 0.01092926 | Accuracy: G1: 53.74 %, G2: 53.74 %, G3: 52.76 %
2025-05-23 13:19:32,885  INFO  EPOCH 117 | Validation MSE: G1: 0.02391930, G2: 0.03143022, G3: 0.01883127 | Accuracy: G1: 53.74 %, G2: 53.74 %, G3: 52.76 %
2025-05-23 13:19:33,767  INFO  EPOCH 116 | Validation MSE: G1: 0.03261503, G2: 0.02329728, G3: 0.01091242 | Accuracy: G1: 53.74 %, G2: 53.74 %, G3: 52.33 %
2025-05-23 13:19:47,343  INFO  EPOCH 118 | Validation MSE: G1: 0.02442202, G2: 0.03200177, G3: 0.01889457 | Accuracy: G1: 53.74 %, G2: 53.74 %, G3: 52.55 %
2025-05-23 13:19:48,466  INFO  EPOCH 117 | Validation MSE: G1: 0.03092914, G2: 0.02162612, G3: 0.01091567 | Accuracy: G1: 53.74 %, G2: 53.74 %, G3: 52.76 %
2025-05-23 13:20:03,737  INFO  EPOCH 119 | Validation MSE: G1: 0.02485664, G2: 0.03218487, G3: 0.01888620 | Accuracy: G1: 53.74 %, G2: 53.74 %, G3: 52.33 %
2025-05-23 13:20:05,206  INFO  EPOCH 118 | Validation MSE: G1: 0.03221019, G2: 0.02360328, G3: 0.01091278 | Accuracy: G1: 53.74 %, G2: 53.74 %, G3: 52.55 %
2025-05-23 13:20:20,259  INFO  Do distill 1 epoch! Distill from G3 to G2
2025-05-23 13:20:21,666  INFO  Start cross finetune!  So far G3 with D1
2025-05-23 13:20:21,978  INFO  EPOCH 119 | Validation MSE: G1: 0.03158011, G2: 0.02283699, G3: 0.01089936 | Accuracy: G1: 53.74 %, G2: 53.74 %, G3: 52.76 %
2025-05-23 13:20:27,145  INFO  == Cross finetune Epoch [1/1024]: G3 with D1: Validation MSE 0.01885537, Validation Acc 52.44%
2025-05-23 13:20:32,548  INFO  == Cross finetune Epoch [2/1024]: G3 with D1: Validation MSE 0.01882988, Validation Acc 52.33%
2025-05-23 13:20:38,578  INFO  == Cross finetune Epoch [3/1024]: G3 with D1: Validation MSE 0.01873117, Validation Acc 52.44%
2025-05-23 13:20:39,134  INFO  Do distill 1 epoch! Distill from G3 to G1
2025-05-23 13:20:40,641  INFO  Start cross finetune!  So far G3 with D1
2025-05-23 13:20:44,968  INFO  == Cross finetune Epoch [4/1024]: G3 with D1: Validation MSE 0.01868423, Validation Acc 52.00%
2025-05-23 13:20:47,054  INFO  == Cross finetune Epoch [1/1024]: G3 with D1: Validation MSE 0.01092979, Validation Acc 52.33%
2025-05-23 13:20:51,095  INFO  == Cross finetune Epoch [5/1024]: G3 with D1: Validation MSE 0.01866887, Validation Acc 52.44%
2025-05-23 13:20:51,095  INFO  EPOCH 120 | Validation MSE: G1: 0.02594596, G2: 0.03148846, G3: 0.01894850 | Accuracy: G1: 53.74 %, G2: 53.74 %, G3: 52.33 %
2025-05-23 13:20:53,223  INFO  == Cross finetune Epoch [2/1024]: G3 with D1: Validation MSE 0.01092220, Validation Acc 52.55%
2025-05-23 13:20:58,826  INFO  == Cross finetune Epoch [3/1024]: G3 with D1: Validation MSE 0.01090802, Validation Acc 52.65%
2025-05-23 13:21:04,432  INFO  == Cross finetune Epoch [4/1024]: G3 with D1: Validation MSE 0.01093640, Validation Acc 52.76%
2025-05-23 13:21:07,573  INFO  EPOCH 121 | Validation MSE: G1: 0.02528853, G2: 0.07533605, G3: 0.01870522 | Accuracy: G1: 53.74 %, G2: 53.74 %, G3: 52.11 %
2025-05-23 13:21:10,235  INFO  == Cross finetune Epoch [5/1024]: G3 with D1: Validation MSE 0.01090932, Validation Acc 52.65%
2025-05-23 13:21:10,235  INFO  EPOCH 120 | Validation MSE: G1: 0.03187802, G2: 0.02337627, G3: 0.01091408 | Accuracy: G1: 53.74 %, G2: 53.74 %, G3: 52.76 %
2025-05-23 13:21:24,070  INFO  EPOCH 122 | Validation MSE: G1: 0.02479083, G2: 0.04926969, G3: 0.01875328 | Accuracy: G1: 53.74 %, G2: 53.74 %, G3: 52.11 %
2025-05-23 13:21:26,532  INFO  EPOCH 121 | Validation MSE: G1: 0.06252202, G2: 0.02120704, G3: 0.01093616 | Accuracy: G1: 53.74 %, G2: 53.74 %, G3: 52.76 %
2025-05-23 13:21:39,983  INFO  EPOCH 123 | Validation MSE: G1: 0.02472805, G2: 0.03915074, G3: 0.01876573 | Accuracy: G1: 53.74 %, G2: 53.74 %, G3: 52.00 %
2025-05-23 13:21:43,165  INFO  EPOCH 122 | Validation MSE: G1: 0.05927270, G2: 0.02313793, G3: 0.01100336 | Accuracy: G1: 53.74 %, G2: 53.74 %, G3: 52.76 %
2025-05-23 13:21:56,351  INFO  EPOCH 124 | Validation MSE: G1: 0.02371804, G2: 0.03404103, G3: 0.01871835 | Accuracy: G1: 53.74 %, G2: 53.74 %, G3: 52.00 %
2025-05-23 13:21:58,829  INFO  EPOCH 123 | Validation MSE: G1: 0.04647392, G2: 0.02265417, G3: 0.01104662 | Accuracy: G1: 53.74 %, G2: 53.74 %, G3: 52.76 %
2025-05-23 13:22:12,634  INFO  EPOCH 125 | Validation MSE: G1: 0.02404393, G2: 0.03132305, G3: 0.01871381 | Accuracy: G1: 53.74 %, G2: 53.74 %, G3: 52.00 %
2025-05-23 13:22:15,689  INFO  EPOCH 124 | Validation MSE: G1: 0.03959911, G2: 0.02299083, G3: 0.01102022 | Accuracy: G1: 53.74 %, G2: 53.74 %, G3: 52.76 %
2025-05-23 13:22:29,142  INFO  EPOCH 126 | Validation MSE: G1: 0.02364783, G2: 0.03022375, G3: 0.01876397 | Accuracy: G1: 53.74 %, G2: 53.74 %, G3: 52.00 %
2025-05-23 13:22:32,508  INFO  EPOCH 125 | Validation MSE: G1: 0.03610632, G2: 0.02239548, G3: 0.01102611 | Accuracy: G1: 53.74 %, G2: 53.74 %, G3: 52.76 %
2025-05-23 13:22:45,853  INFO  EPOCH 127 | Validation MSE: G1: 0.02451666, G2: 0.03064716, G3: 0.01877415 | Accuracy: G1: 53.74 %, G2: 53.74 %, G3: 52.11 %
2025-05-23 13:22:49,425  INFO  EPOCH 126 | Validation MSE: G1: 0.03433370, G2: 0.02193766, G3: 0.01101184 | Accuracy: G1: 53.74 %, G2: 53.74 %, G3: 52.76 %
2025-05-23 13:23:01,921  INFO  EPOCH 128 | Validation MSE: G1: 0.02399886, G2: 0.03085899, G3: 0.01874395 | Accuracy: G1: 53.74 %, G2: 53.74 %, G3: 52.00 %
2025-05-23 13:23:05,790  INFO  EPOCH 127 | Validation MSE: G1: 0.03178703, G2: 0.02255373, G3: 0.01100037 | Accuracy: G1: 53.74 %, G2: 53.74 %, G3: 52.44 %
2025-05-23 13:23:18,277  INFO  EPOCH 129 | Validation MSE: G1: 0.02311016, G2: 0.03089974, G3: 0.01879571 | Accuracy: G1: 53.74 %, G2: 53.74 %, G3: 52.11 %
2025-05-23 13:23:22,285  INFO  EPOCH 128 | Validation MSE: G1: 0.03152395, G2: 0.02152578, G3: 0.01094853 | Accuracy: G1: 53.74 %, G2: 53.74 %, G3: 52.76 %
2025-05-23 13:23:35,729  INFO  Start cross finetune!  So far G3 with D1
2025-05-23 13:23:39,897  INFO  EPOCH 129 | Validation MSE: G1: 0.03202487, G2: 0.02186731, G3: 0.01093896 | Accuracy: G1: 53.74 %, G2: 53.74 %, G3: 52.76 %
2025-05-23 13:23:41,624  INFO  == Cross finetune Epoch [1/1024]: G3 with D1: Validation MSE 0.01878986, Validation Acc 52.00%
2025-05-23 13:23:47,555  INFO  == Cross finetune Epoch [2/1024]: G3 with D1: Validation MSE 0.01871046, Validation Acc 52.11%
2025-05-23 13:23:53,117  INFO  == Cross finetune Epoch [3/1024]: G3 with D1: Validation MSE 0.01873881, Validation Acc 52.11%
2025-05-23 13:23:57,522  INFO  Start cross finetune!  So far G3 with D1
2025-05-23 13:23:58,890  INFO  == Cross finetune Epoch [4/1024]: G3 with D1: Validation MSE 0.01872548, Validation Acc 52.11%
2025-05-23 13:24:03,622  INFO  == Cross finetune Epoch [1/1024]: G3 with D1: Validation MSE 0.01100744, Validation Acc 52.76%
2025-05-23 13:24:05,035  INFO  == Cross finetune Epoch [5/1024]: G3 with D1: Validation MSE 0.01863492, Validation Acc 52.22%
2025-05-23 13:24:05,036  INFO  EPOCH 130 | Validation MSE: G1: 0.02316910, G2: 0.03006050, G3: 0.01886778 | Accuracy: G1: 53.74 %, G2: 53.74 %, G3: 52.33 %
2025-05-23 13:24:09,515  INFO  == Cross finetune Epoch [2/1024]: G3 with D1: Validation MSE 0.01096134, Validation Acc 52.44%
2025-05-23 13:24:15,109  INFO  == Cross finetune Epoch [3/1024]: G3 with D1: Validation MSE 0.01095185, Validation Acc 52.44%
2025-05-23 13:24:20,606  INFO  == Cross finetune Epoch [4/1024]: G3 with D1: Validation MSE 0.01097302, Validation Acc 52.76%
2025-05-23 13:24:22,031  INFO  EPOCH 131 | Validation MSE: G1: 0.02232922, G2: 0.02998898, G3: 0.01872895 | Accuracy: G1: 53.74 %, G2: 53.74 %, G3: 52.00 %
2025-05-23 13:24:26,230  INFO  == Cross finetune Epoch [5/1024]: G3 with D1: Validation MSE 0.01096721, Validation Acc 52.76%
2025-05-23 13:24:26,230  INFO  EPOCH 130 | Validation MSE: G1: 0.03130920, G2: 0.02370953, G3: 0.01101257 | Accuracy: G1: 53.74 %, G2: 53.74 %, G3: 52.33 %
2025-05-23 13:24:38,818  INFO  EPOCH 132 | Validation MSE: G1: 0.02280657, G2: 0.03071860, G3: 0.01881139 | Accuracy: G1: 53.74 %, G2: 53.74 %, G3: 52.44 %
2025-05-23 13:24:43,263  INFO  EPOCH 131 | Validation MSE: G1: 0.03080452, G2: 0.02074642, G3: 0.01096669 | Accuracy: G1: 53.74 %, G2: 53.74 %, G3: 52.65 %
2025-05-23 13:24:55,538  INFO  EPOCH 133 | Validation MSE: G1: 0.02378206, G2: 0.03134755, G3: 0.01874789 | Accuracy: G1: 53.74 %, G2: 53.74 %, G3: 52.44 %
2025-05-23 13:25:00,105  INFO  EPOCH 132 | Validation MSE: G1: 0.03117274, G2: 0.02131096, G3: 0.01100909 | Accuracy: G1: 53.74 %, G2: 53.74 %, G3: 52.76 %
2025-05-23 13:25:11,828  INFO  EPOCH 134 | Validation MSE: G1: 0.02341229, G2: 0.03037508, G3: 0.01867391 | Accuracy: G1: 53.74 %, G2: 53.74 %, G3: 52.44 %
2025-05-23 13:25:16,040  INFO  EPOCH 133 | Validation MSE: G1: 0.03147130, G2: 0.02294759, G3: 0.01100033 | Accuracy: G1: 53.74 %, G2: 53.74 %, G3: 52.33 %
2025-05-23 13:25:26,895  INFO  EPOCH 135 | Validation MSE: G1: 0.02337530, G2: 0.02995587, G3: 0.01861229 | Accuracy: G1: 53.74 %, G2: 53.74 %, G3: 52.00 %
2025-05-23 13:25:31,677  INFO  EPOCH 134 | Validation MSE: G1: 0.03049769, G2: 0.02078500, G3: 0.01099259 | Accuracy: G1: 53.74 %, G2: 53.74 %, G3: 52.87 %
2025-05-23 13:25:42,691  INFO  EPOCH 136 | Validation MSE: G1: 0.02422902, G2: 0.03059219, G3: 0.01866837 | Accuracy: G1: 53.74 %, G2: 53.74 %, G3: 52.44 %
2025-05-23 13:25:47,764  INFO  EPOCH 135 | Validation MSE: G1: 0.02991313, G2: 0.02184526, G3: 0.01099068 | Accuracy: G1: 53.74 %, G2: 53.74 %, G3: 52.87 %
2025-05-23 13:25:58,692  INFO  EPOCH 137 | Validation MSE: G1: 0.02511154, G2: 0.03041297, G3: 0.01869448 | Accuracy: G1: 53.74 %, G2: 53.74 %, G3: 52.65 %
2025-05-23 13:26:03,527  INFO  EPOCH 136 | Validation MSE: G1: 0.03035880, G2: 0.02189704, G3: 0.01103444 | Accuracy: G1: 53.74 %, G2: 53.74 %, G3: 52.76 %
2025-05-23 13:26:14,335  INFO  EPOCH 138 | Validation MSE: G1: 0.02451912, G2: 0.03078472, G3: 0.01868069 | Accuracy: G1: 53.74 %, G2: 53.74 %, G3: 52.44 %
2025-05-23 13:26:20,216  INFO  EPOCH 137 | Validation MSE: G1: 0.02965212, G2: 0.02173894, G3: 0.01104687 | Accuracy: G1: 53.74 %, G2: 53.74 %, G3: 52.76 %
2025-05-23 13:26:35,180  INFO  EPOCH 139 | Validation MSE: G1: 0.02439757, G2: 0.02931924, G3: 0.01864045 | Accuracy: G1: 53.74 %, G2: 53.74 %, G3: 52.11 %
2025-05-23 13:26:41,569  INFO  EPOCH 138 | Validation MSE: G1: 0.02865838, G2: 0.02048609, G3: 0.01102154 | Accuracy: G1: 53.74 %, G2: 53.74 %, G3: 52.87 %
2025-05-23 13:26:51,166  INFO  Start cross finetune!  So far G3 with D1
2025-05-23 13:26:56,626  INFO  EPOCH 139 | Validation MSE: G1: 0.02962745, G2: 0.02135225, G3: 0.01102989 | Accuracy: G1: 53.74 %, G2: 53.74 %, G3: 52.76 %
2025-05-23 13:26:56,855  INFO  == Cross finetune Epoch [1/1024]: G3 with D1: Validation MSE 0.01874892, Validation Acc 52.33%
2025-05-23 13:27:02,635  INFO  == Cross finetune Epoch [2/1024]: G3 with D1: Validation MSE 0.01875881, Validation Acc 52.11%
2025-05-23 13:27:08,130  INFO  == Cross finetune Epoch [3/1024]: G3 with D1: Validation MSE 0.01878933, Validation Acc 52.33%
2025-05-23 13:27:12,854  INFO  Start cross finetune!  So far G3 with D1
2025-05-23 13:27:13,287  INFO  == Cross finetune Epoch [4/1024]: G3 with D1: Validation MSE 0.01875401, Validation Acc 52.33%
2025-05-23 13:27:18,807  INFO  == Cross finetune Epoch [1/1024]: G3 with D1: Validation MSE 0.01098995, Validation Acc 52.76%
2025-05-23 13:27:19,279  INFO  == Cross finetune Epoch [5/1024]: G3 with D1: Validation MSE 0.01870593, Validation Acc 52.11%
2025-05-23 13:27:19,279  INFO  EPOCH 140 | Validation MSE: G1: 0.02268431, G2: 0.02971204, G3: 0.01868456 | Accuracy: G1: 53.74 %, G2: 53.74 %, G3: 52.11 %
2025-05-23 13:27:24,277  INFO  == Cross finetune Epoch [2/1024]: G3 with D1: Validation MSE 0.01102629, Validation Acc 52.76%
2025-05-23 13:27:29,576  INFO  == Cross finetune Epoch [3/1024]: G3 with D1: Validation MSE 0.01105865, Validation Acc 52.76%
2025-05-23 13:27:34,706  INFO  == Cross finetune Epoch [4/1024]: G3 with D1: Validation MSE 0.01111199, Validation Acc 52.76%
2025-05-23 13:27:35,640  INFO  EPOCH 141 | Validation MSE: G1: 0.02253646, G2: 0.03100966, G3: 0.01876883 | Accuracy: G1: 53.74 %, G2: 53.74 %, G3: 52.11 %
2025-05-23 13:27:40,755  INFO  == Cross finetune Epoch [5/1024]: G3 with D1: Validation MSE 0.01111128, Validation Acc 52.76%
2025-05-23 13:27:40,756  INFO  EPOCH 140 | Validation MSE: G1: 0.02984926, G2: 0.02231324, G3: 0.01103028 | Accuracy: G1: 53.74 %, G2: 53.74 %, G3: 52.76 %
2025-05-23 13:27:51,597  INFO  EPOCH 142 | Validation MSE: G1: 0.02421797, G2: 0.03059236, G3: 0.01877395 | Accuracy: G1: 53.74 %, G2: 53.74 %, G3: 52.33 %
2025-05-23 13:27:55,903  INFO  EPOCH 141 | Validation MSE: G1: 0.03053539, G2: 0.02063213, G3: 0.01111707 | Accuracy: G1: 53.74 %, G2: 53.74 %, G3: 52.76 %
2025-05-23 13:28:06,370  INFO  EPOCH 143 | Validation MSE: G1: 0.02223644, G2: 0.02981540, G3: 0.01882572 | Accuracy: G1: 53.74 %, G2: 53.74 %, G3: 52.22 %
2025-05-23 13:28:11,304  INFO  EPOCH 142 | Validation MSE: G1: 0.02883664, G2: 0.02097446, G3: 0.01108079 | Accuracy: G1: 53.74 %, G2: 53.74 %, G3: 52.76 %
2025-05-23 13:28:23,844  INFO  EPOCH 144 | Validation MSE: G1: 0.02307171, G2: 0.03041590, G3: 0.01887957 | Accuracy: G1: 53.74 %, G2: 53.74 %, G3: 52.44 %
2025-05-23 13:28:29,125  INFO  EPOCH 143 | Validation MSE: G1: 0.02855455, G2: 0.02034503, G3: 0.01103588 | Accuracy: G1: 53.74 %, G2: 53.74 %, G3: 52.87 %
2025-05-23 13:28:40,556  INFO  EPOCH 145 | Validation MSE: G1: 0.02201950, G2: 0.03034318, G3: 0.01884168 | Accuracy: G1: 53.74 %, G2: 53.74 %, G3: 52.55 %
2025-05-23 13:28:45,801  INFO  EPOCH 144 | Validation MSE: G1: 0.02953335, G2: 0.02196445, G3: 0.01105526 | Accuracy: G1: 53.74 %, G2: 53.74 %, G3: 52.76 %
2025-05-23 13:28:56,868  INFO  EPOCH 146 | Validation MSE: G1: 0.02146993, G2: 0.03084145, G3: 0.01890578 | Accuracy: G1: 53.74 %, G2: 53.74 %, G3: 52.65 %
2025-05-23 13:29:02,354  INFO  EPOCH 145 | Validation MSE: G1: 0.02951811, G2: 0.02052862, G3: 0.01107529 | Accuracy: G1: 53.74 %, G2: 53.74 %, G3: 52.76 %
2025-05-23 13:29:12,992  INFO  EPOCH 147 | Validation MSE: G1: 0.02174973, G2: 0.02984414, G3: 0.01885848 | Accuracy: G1: 53.74 %, G2: 53.74 %, G3: 52.65 %
2025-05-23 13:29:17,223  INFO  EPOCH 146 | Validation MSE: G1: 0.02917111, G2: 0.02101178, G3: 0.01103605 | Accuracy: G1: 53.74 %, G2: 53.74 %, G3: 52.76 %
2025-05-23 13:29:27,176  INFO  EPOCH 148 | Validation MSE: G1: 0.02268721, G2: 0.02994571, G3: 0.01876657 | Accuracy: G1: 53.74 %, G2: 53.74 %, G3: 52.65 %
2025-05-23 13:29:32,475  INFO  EPOCH 147 | Validation MSE: G1: 0.02828945, G2: 0.02007352, G3: 0.01103204 | Accuracy: G1: 53.74 %, G2: 53.74 %, G3: 52.87 %
2025-05-23 13:29:42,867  INFO  EPOCH 149 | Validation MSE: G1: 0.02370720, G2: 0.03054542, G3: 0.01882236 | Accuracy: G1: 53.74 %, G2: 53.74 %, G3: 52.65 %
2025-05-23 13:29:46,976  INFO  EPOCH 148 | Validation MSE: G1: 0.02907959, G2: 0.02132014, G3: 0.01103755 | Accuracy: G1: 53.74 %, G2: 53.74 %, G3: 52.76 %
2025-05-23 13:29:57,255  INFO  Do distill 1 epoch! Distill from G3 to G2
2025-05-23 13:29:58,573  INFO  Start cross finetune!  So far G3 with D1
2025-05-23 13:30:02,287  INFO  EPOCH 149 | Validation MSE: G1: 0.02822802, G2: 0.02047375, G3: 0.01106954 | Accuracy: G1: 53.74 %, G2: 53.74 %, G3: 52.76 %
2025-05-23 13:30:03,866  INFO  == Cross finetune Epoch [1/1024]: G3 with D1: Validation MSE 0.01878735, Validation Acc 52.44%
2025-05-23 13:30:09,125  INFO  == Cross finetune Epoch [2/1024]: G3 with D1: Validation MSE 0.01873724, Validation Acc 52.33%
2025-05-23 13:30:14,264  INFO  == Cross finetune Epoch [3/1024]: G3 with D1: Validation MSE 0.01873532, Validation Acc 52.11%
2025-05-23 13:30:19,179  INFO  == Cross finetune Epoch [4/1024]: G3 with D1: Validation MSE 0.01873587, Validation Acc 52.33%
2025-05-23 13:30:19,346  INFO  Do distill 1 epoch! Distill from G3 to G1
2025-05-23 13:30:20,633  INFO  Start cross finetune!  So far G3 with D1
2025-05-23 13:30:24,704  INFO  == Cross finetune Epoch [5/1024]: G3 with D1: Validation MSE 0.01879675, Validation Acc 52.33%
2025-05-23 13:30:24,705  INFO  EPOCH 150 | Validation MSE: G1: 0.02191660, G2: 0.02977921, G3: 0.01879583 | Accuracy: G1: 53.74 %, G2: 53.95 %, G3: 52.44 %
2025-05-23 13:30:26,035  INFO  == Cross finetune Epoch [1/1024]: G3 with D1: Validation MSE 0.01109101, Validation Acc 52.76%
2025-05-23 13:30:30,755  INFO  == Cross finetune Epoch [2/1024]: G3 with D1: Validation MSE 0.01109673, Validation Acc 52.76%
2025-05-23 13:30:35,569  INFO  == Cross finetune Epoch [3/1024]: G3 with D1: Validation MSE 0.01112231, Validation Acc 52.87%
2025-05-23 13:30:40,589  INFO  EPOCH 151 | Validation MSE: G1: 0.02163551, G2: 0.07376357, G3: 0.01873632 | Accuracy: G1: 53.74 %, G2: 53.74 %, G3: 52.11 %
2025-05-23 13:30:40,928  INFO  == Cross finetune Epoch [4/1024]: G3 with D1: Validation MSE 0.01109381, Validation Acc 52.87%
2025-05-23 13:30:45,829  INFO  == Cross finetune Epoch [5/1024]: G3 with D1: Validation MSE 0.01106954, Validation Acc 52.87%
2025-05-23 13:30:45,830  INFO  EPOCH 150 | Validation MSE: G1: 0.02734792, G2: 0.02083257, G3: 0.01108828 | Accuracy: G1: 53.74 %, G2: 53.74 %, G3: 52.76 %
2025-05-23 13:30:55,965  INFO  EPOCH 152 | Validation MSE: G1: 0.02260971, G2: 0.04907408, G3: 0.01873428 | Accuracy: G1: 53.74 %, G2: 53.74 %, G3: 52.11 %
2025-05-23 13:31:00,410  INFO  EPOCH 151 | Validation MSE: G1: 0.06095007, G2: 0.02006859, G3: 0.01108489 | Accuracy: G1: 53.74 %, G2: 53.74 %, G3: 52.98 %
2025-05-23 13:31:10,564  INFO  EPOCH 153 | Validation MSE: G1: 0.02204935, G2: 0.03792163, G3: 0.01876953 | Accuracy: G1: 53.74 %, G2: 53.74 %, G3: 52.11 %
2025-05-23 13:31:15,500  INFO  EPOCH 152 | Validation MSE: G1: 0.05637934, G2: 0.02145389, G3: 0.01106571 | Accuracy: G1: 53.74 %, G2: 53.74 %, G3: 52.98 %
2025-05-23 13:31:25,693  INFO  EPOCH 154 | Validation MSE: G1: 0.02072376, G2: 0.03276169, G3: 0.01874828 | Accuracy: G1: 53.74 %, G2: 53.74 %, G3: 52.00 %
2025-05-23 13:31:31,058  INFO  EPOCH 153 | Validation MSE: G1: 0.04266678, G2: 0.01994151, G3: 0.01103618 | Accuracy: G1: 53.74 %, G2: 53.74 %, G3: 52.98 %
2025-05-23 13:31:40,700  INFO  EPOCH 155 | Validation MSE: G1: 0.02389459, G2: 0.03030269, G3: 0.01871692 | Accuracy: G1: 53.74 %, G2: 53.74 %, G3: 52.22 %
2025-05-23 13:31:45,388  INFO  EPOCH 154 | Validation MSE: G1: 0.03609034, G2: 0.02080603, G3: 0.01104083 | Accuracy: G1: 53.74 %, G2: 53.74 %, G3: 52.98 %
2025-05-23 13:31:56,034  INFO  EPOCH 156 | Validation MSE: G1: 0.02120365, G2: 0.02962876, G3: 0.01875998 | Accuracy: G1: 53.74 %, G2: 53.74 %, G3: 52.44 %
2025-05-23 13:32:01,806  INFO  EPOCH 155 | Validation MSE: G1: 0.03347244, G2: 0.01935051, G3: 0.01104662 | Accuracy: G1: 53.74 %, G2: 53.74 %, G3: 52.87 %
2025-05-23 13:32:11,349  INFO  EPOCH 157 | Validation MSE: G1: 0.02073960, G2: 0.02960498, G3: 0.01877910 | Accuracy: G1: 53.74 %, G2: 53.74 %, G3: 52.11 %
2025-05-23 13:32:17,217  INFO  EPOCH 156 | Validation MSE: G1: 0.03111802, G2: 0.02034957, G3: 0.01105695 | Accuracy: G1: 53.74 %, G2: 53.74 %, G3: 52.76 %
2025-05-23 13:32:27,430  INFO  EPOCH 158 | Validation MSE: G1: 0.02145498, G2: 0.02963551, G3: 0.01882979 | Accuracy: G1: 53.74 %, G2: 53.74 %, G3: 52.00 %
2025-05-23 13:32:33,444  INFO  EPOCH 157 | Validation MSE: G1: 0.03002245, G2: 0.02029524, G3: 0.01105849 | Accuracy: G1: 53.74 %, G2: 53.74 %, G3: 52.87 %
2025-05-23 13:32:43,596  INFO  EPOCH 159 | Validation MSE: G1: 0.02089844, G2: 0.02954699, G3: 0.01876123 | Accuracy: G1: 53.74 %, G2: 53.74 %, G3: 52.11 %
2025-05-23 13:32:49,633  INFO  EPOCH 158 | Validation MSE: G1: 0.02913938, G2: 0.01900091, G3: 0.01107352 | Accuracy: G1: 53.74 %, G2: 53.74 %, G3: 52.87 %
2025-05-23 13:32:58,733  INFO  Start cross finetune!  So far G3 with D1
2025-05-23 13:33:04,191  INFO  == Cross finetune Epoch [1/1024]: G3 with D1: Validation MSE 0.01875521, Validation Acc 52.11%
2025-05-23 13:33:05,808  INFO  EPOCH 159 | Validation MSE: G1: 0.02871406, G2: 0.02004260, G3: 0.01110239 | Accuracy: G1: 53.74 %, G2: 53.74 %, G3: 52.98 %
2025-05-23 13:33:10,844  INFO  == Cross finetune Epoch [2/1024]: G3 with D1: Validation MSE 0.01867902, Validation Acc 52.00%
2025-05-23 13:33:15,957  INFO  == Cross finetune Epoch [3/1024]: G3 with D1: Validation MSE 0.01868085, Validation Acc 51.90%
2025-05-23 13:33:21,195  INFO  == Cross finetune Epoch [4/1024]: G3 with D1: Validation MSE 0.01871421, Validation Acc 51.90%
2025-05-23 13:33:23,766  INFO  Start cross finetune!  So far G3 with D1
2025-05-23 13:33:26,785  INFO  == Cross finetune Epoch [5/1024]: G3 with D1: Validation MSE 0.01873424, Validation Acc 51.68%
2025-05-23 13:33:26,786  INFO  EPOCH 160 | Validation MSE: G1: 0.02017420, G2: 0.02948542, G3: 0.01880656 | Accuracy: G1: 53.74 %, G2: 53.74 %, G3: 52.11 %
2025-05-23 13:33:29,261  INFO  == Cross finetune Epoch [1/1024]: G3 with D1: Validation MSE 0.01108454, Validation Acc 52.76%
2025-05-23 13:33:34,533  INFO  == Cross finetune Epoch [2/1024]: G3 with D1: Validation MSE 0.01107935, Validation Acc 52.76%
2025-05-23 13:33:39,757  INFO  == Cross finetune Epoch [3/1024]: G3 with D1: Validation MSE 0.01107915, Validation Acc 52.87%
2025-05-23 13:33:43,504  INFO  EPOCH 161 | Validation MSE: G1: 0.02049715, G2: 0.02957456, G3: 0.01877520 | Accuracy: G1: 53.74 %, G2: 53.74 %, G3: 51.90 %
2025-05-23 13:33:45,063  INFO  == Cross finetune Epoch [4/1024]: G3 with D1: Validation MSE 0.01106766, Validation Acc 52.87%
2025-05-23 13:33:49,881  INFO  == Cross finetune Epoch [5/1024]: G3 with D1: Validation MSE 0.01112464, Validation Acc 52.98%
2025-05-23 13:33:49,881  INFO  EPOCH 160 | Validation MSE: G1: 0.02879597, G2: 0.02062994, G3: 0.01109584 | Accuracy: G1: 53.74 %, G2: 53.74 %, G3: 52.76 %
2025-05-23 13:33:59,660  INFO  EPOCH 162 | Validation MSE: G1: 0.01996970, G2: 0.02950302, G3: 0.01887052 | Accuracy: G1: 53.74 %, G2: 53.74 %, G3: 51.57 %
2025-05-23 13:34:05,854  INFO  EPOCH 161 | Validation MSE: G1: 0.02769971, G2: 0.01975913, G3: 0.01113385 | Accuracy: G1: 53.74 %, G2: 53.74 %, G3: 52.98 %
2025-05-23 13:34:14,732  INFO  EPOCH 163 | Validation MSE: G1: 0.02019565, G2: 0.02949686, G3: 0.01886122 | Accuracy: G1: 53.74 %, G2: 53.74 %, G3: 51.68 %
2025-05-23 13:34:22,448  INFO  EPOCH 162 | Validation MSE: G1: 0.02791861, G2: 0.02006699, G3: 0.01111825 | Accuracy: G1: 53.74 %, G2: 53.74 %, G3: 52.87 %
2025-05-23 13:34:32,232  INFO  EPOCH 164 | Validation MSE: G1: 0.02064578, G2: 0.02944735, G3: 0.01894512 | Accuracy: G1: 53.74 %, G2: 53.74 %, G3: 51.90 %
2025-05-23 13:34:38,563  INFO  EPOCH 163 | Validation MSE: G1: 0.02878333, G2: 0.02057644, G3: 0.01109974 | Accuracy: G1: 53.74 %, G2: 53.74 %, G3: 52.87 %
2025-05-23 13:34:46,748  INFO  EPOCH 165 | Validation MSE: G1: 0.02032636, G2: 0.02942679, G3: 0.01893690 | Accuracy: G1: 53.74 %, G2: 53.74 %, G3: 51.57 %
2025-05-23 13:34:53,297  INFO  EPOCH 164 | Validation MSE: G1: 0.02871155, G2: 0.01960338, G3: 0.01110536 | Accuracy: G1: 53.74 %, G2: 53.74 %, G3: 52.98 %
2025-05-23 13:35:01,646  INFO  EPOCH 166 | Validation MSE: G1: 0.02046218, G2: 0.02940818, G3: 0.01891567 | Accuracy: G1: 53.74 %, G2: 53.74 %, G3: 51.68 %
2025-05-23 13:35:08,303  INFO  EPOCH 165 | Validation MSE: G1: 0.02882637, G2: 0.01929709, G3: 0.01115416 | Accuracy: G1: 53.74 %, G2: 53.74 %, G3: 52.87 %
2025-05-23 13:35:16,160  INFO  EPOCH 167 | Validation MSE: G1: 0.02065782, G2: 0.02940589, G3: 0.01883489 | Accuracy: G1: 53.74 %, G2: 53.74 %, G3: 51.90 %
2025-05-23 13:35:24,043  INFO  EPOCH 166 | Validation MSE: G1: 0.02820446, G2: 0.02005826, G3: 0.01116330 | Accuracy: G1: 53.74 %, G2: 53.74 %, G3: 52.87 %
2025-05-23 13:35:33,110  INFO  EPOCH 168 | Validation MSE: G1: 0.02109050, G2: 0.02928417, G3: 0.01886866 | Accuracy: G1: 53.74 %, G2: 53.74 %, G3: 52.00 %
2025-05-23 13:35:40,088  INFO  EPOCH 167 | Validation MSE: G1: 0.02867624, G2: 0.01915798, G3: 0.01116534 | Accuracy: G1: 53.74 %, G2: 53.74 %, G3: 52.76 %
2025-05-23 13:35:51,389  INFO  EPOCH 169 | Validation MSE: G1: 0.02028206, G2: 0.02923240, G3: 0.01891413 | Accuracy: G1: 53.74 %, G2: 53.74 %, G3: 52.33 %
2025-05-23 13:35:58,491  INFO  EPOCH 168 | Validation MSE: G1: 0.02856908, G2: 0.01816003, G3: 0.01115118 | Accuracy: G1: 53.74 %, G2: 53.74 %, G3: 52.87 %
2025-05-23 13:36:07,204  INFO  Start cross finetune!  So far G1 with D1
2025-05-23 13:36:09,544  INFO  == Cross finetune Epoch [1/1024]: G1 with D1: Validation MSE 0.02011520, Validation Acc 53.74%
2025-05-23 13:36:11,873  INFO  == Cross finetune Epoch [2/1024]: G1 with D1: Validation MSE 0.02085607, Validation Acc 53.74%
2025-05-23 13:36:13,908  INFO  EPOCH 169 | Validation MSE: G1: 0.02847354, G2: 0.01993153, G3: 0.01113828 | Accuracy: G1: 53.74 %, G2: 53.74 %, G3: 52.87 %
2025-05-23 13:36:14,471  INFO  == Cross finetune Epoch [3/1024]: G1 with D1: Validation MSE 0.02058993, Validation Acc 53.74%
2025-05-23 13:36:17,036  INFO  == Cross finetune Epoch [4/1024]: G1 with D1: Validation MSE 0.02127738, Validation Acc 53.74%
2025-05-23 13:36:19,658  INFO  == Cross finetune Epoch [5/1024]: G1 with D1: Validation MSE 0.02107312, Validation Acc 53.74%
2025-05-23 13:36:19,659  INFO  EPOCH 170 | Validation MSE: G1: 0.01887405, G2: 0.02929015, G3: 0.01895182 | Accuracy: G1: 53.74 %, G2: 53.74 %, G3: 52.22 %
2025-05-23 13:36:30,753  INFO  Start cross finetune!  So far G3 with D1
2025-05-23 13:36:36,453  INFO  EPOCH 171 | Validation MSE: G1: 0.01951547, G2: 0.02933160, G3: 0.01890631 | Accuracy: G1: 53.74 %, G2: 53.74 %, G3: 52.00 %
2025-05-23 13:36:36,613  INFO  == Cross finetune Epoch [1/1024]: G3 with D1: Validation MSE 0.01111768, Validation Acc 52.98%
2025-05-23 13:36:42,464  INFO  == Cross finetune Epoch [2/1024]: G3 with D1: Validation MSE 0.01111477, Validation Acc 52.76%
2025-05-23 13:36:48,341  INFO  == Cross finetune Epoch [3/1024]: G3 with D1: Validation MSE 0.01111139, Validation Acc 52.87%
2025-05-23 13:36:53,622  INFO  EPOCH 172 | Validation MSE: G1: 0.01962575, G2: 0.02932128, G3: 0.01895603 | Accuracy: G1: 53.74 %, G2: 53.74 %, G3: 52.00 %
2025-05-23 13:36:54,684  INFO  == Cross finetune Epoch [4/1024]: G3 with D1: Validation MSE 0.01111021, Validation Acc 52.87%
2025-05-23 13:37:00,709  INFO  == Cross finetune Epoch [5/1024]: G3 with D1: Validation MSE 0.01107932, Validation Acc 52.87%
2025-05-23 13:37:00,709  INFO  EPOCH 170 | Validation MSE: G1: 0.02849533, G2: 0.01885995, G3: 0.01112088 | Accuracy: G1: 53.74 %, G2: 53.74 %, G3: 52.98 %
2025-05-23 13:37:10,191  INFO  EPOCH 173 | Validation MSE: G1: 0.01923080, G2: 0.02929450, G3: 0.01891595 | Accuracy: G1: 53.74 %, G2: 53.74 %, G3: 52.11 %
2025-05-23 13:37:17,165  INFO  EPOCH 171 | Validation MSE: G1: 0.02845353, G2: 0.02037315, G3: 0.01109124 | Accuracy: G1: 53.74 %, G2: 53.74 %, G3: 52.87 %
2025-05-23 13:37:27,939  INFO  EPOCH 174 | Validation MSE: G1: 0.02003168, G2: 0.02927794, G3: 0.01878696 | Accuracy: G1: 53.74 %, G2: 53.74 %, G3: 52.00 %
2025-05-23 13:37:34,973  INFO  EPOCH 172 | Validation MSE: G1: 0.02829044, G2: 0.01957760, G3: 0.01111298 | Accuracy: G1: 53.74 %, G2: 53.74 %, G3: 52.98 %
2025-05-23 13:37:46,099  INFO  EPOCH 175 | Validation MSE: G1: 0.01953521, G2: 0.02923028, G3: 0.01883608 | Accuracy: G1: 53.74 %, G2: 53.74 %, G3: 52.11 %
2025-05-23 13:37:53,825  INFO  EPOCH 173 | Validation MSE: G1: 0.02822104, G2: 0.01793943, G3: 0.01111999 | Accuracy: G1: 53.74 %, G2: 53.74 %, G3: 52.98 %
2025-05-23 13:38:03,500  INFO  EPOCH 176 | Validation MSE: G1: 0.02046326, G2: 0.02925870, G3: 0.01885945 | Accuracy: G1: 53.74 %, G2: 53.74 %, G3: 52.33 %
2025-05-23 13:38:10,783  INFO  EPOCH 174 | Validation MSE: G1: 0.02842214, G2: 0.01960571, G3: 0.01111865 | Accuracy: G1: 53.74 %, G2: 53.74 %, G3: 53.09 %
2025-05-23 13:38:19,658  INFO  EPOCH 177 | Validation MSE: G1: 0.01928933, G2: 0.02923425, G3: 0.01887430 | Accuracy: G1: 53.74 %, G2: 53.74 %, G3: 52.11 %
2025-05-23 13:38:26,423  INFO  EPOCH 175 | Validation MSE: G1: 0.02839805, G2: 0.02001558, G3: 0.01114842 | Accuracy: G1: 53.74 %, G2: 53.74 %, G3: 52.98 %
2025-05-23 13:38:35,657  INFO  EPOCH 178 | Validation MSE: G1: 0.01929843, G2: 0.02918835, G3: 0.01898333 | Accuracy: G1: 53.74 %, G2: 53.74 %, G3: 52.11 %
2025-05-23 13:38:43,234  INFO  EPOCH 176 | Validation MSE: G1: 0.02827836, G2: 0.01950365, G3: 0.01117217 | Accuracy: G1: 53.74 %, G2: 53.74 %, G3: 52.98 %
2025-05-23 13:38:51,126  INFO  EPOCH 179 | Validation MSE: G1: 0.01915887, G2: 0.02919541, G3: 0.01902332 | Accuracy: G1: 53.74 %, G2: 53.74 %, G3: 52.44 %
2025-05-23 13:38:57,200  INFO  EPOCH 177 | Validation MSE: G1: 0.02828739, G2: 0.01845131, G3: 0.01120971 | Accuracy: G1: 53.74 %, G2: 53.74 %, G3: 52.98 %
2025-05-23 13:39:05,450  INFO  Do distill 1 epoch! Distill from G3 to G2
2025-05-23 13:39:06,705  INFO  Start cross finetune!  So far G3 with D1
2025-05-23 13:39:11,601  INFO  == Cross finetune Epoch [1/1024]: G3 with D1: Validation MSE 0.01893000, Validation Acc 52.33%
2025-05-23 13:39:12,676  INFO  EPOCH 178 | Validation MSE: G1: 0.02843198, G2: 0.01898086, G3: 0.01121822 | Accuracy: G1: 53.74 %, G2: 53.74 %, G3: 52.87 %
2025-05-23 13:39:16,618  INFO  == Cross finetune Epoch [2/1024]: G3 with D1: Validation MSE 0.01891810, Validation Acc 52.44%
2025-05-23 13:39:21,700  INFO  == Cross finetune Epoch [3/1024]: G3 with D1: Validation MSE 0.01893971, Validation Acc 52.44%
2025-05-23 13:39:26,686  INFO  == Cross finetune Epoch [4/1024]: G3 with D1: Validation MSE 0.01894136, Validation Acc 52.22%
2025-05-23 13:39:28,928  INFO  EPOCH 179 | Validation MSE: G1: 0.02854011, G2: 0.01826463, G3: 0.01117537 | Accuracy: G1: 53.74 %, G2: 53.74 %, G3: 52.87 %
2025-05-23 13:39:31,658  INFO  == Cross finetune Epoch [5/1024]: G3 with D1: Validation MSE 0.01892248, Validation Acc 52.11%
2025-05-23 13:39:31,659  INFO  EPOCH 180 | Validation MSE: G1: 0.02037353, G2: 0.02921473, G3: 0.01901726 | Accuracy: G1: 53.74 %, G2: 53.74 %, G3: 52.33 %
2025-05-23 13:39:44,940  INFO  Do distill 1 epoch! Distill from G3 to G1
2025-05-23 13:39:46,108  INFO  Start cross finetune!  So far G3 with D1
2025-05-23 13:39:47,462  INFO  EPOCH 181 | Validation MSE: G1: 0.01978422, G2: 0.03751870, G3: 0.01892669 | Accuracy: G1: 53.74 %, G2: 53.74 %, G3: 52.00 %
2025-05-23 13:39:51,302  INFO  == Cross finetune Epoch [1/1024]: G3 with D1: Validation MSE 0.01110850, Validation Acc 52.76%
2025-05-23 13:39:56,193  INFO  == Cross finetune Epoch [2/1024]: G3 with D1: Validation MSE 0.01112031, Validation Acc 52.87%
2025-05-23 13:40:01,482  INFO  == Cross finetune Epoch [3/1024]: G3 with D1: Validation MSE 0.01114065, Validation Acc 52.76%
2025-05-23 13:40:04,207  INFO  EPOCH 182 | Validation MSE: G1: 0.01995742, G2: 0.03111267, G3: 0.01895059 | Accuracy: G1: 53.74 %, G2: 53.74 %, G3: 52.44 %
2025-05-23 13:40:07,259  INFO  == Cross finetune Epoch [4/1024]: G3 with D1: Validation MSE 0.01122413, Validation Acc 52.76%
2025-05-23 13:40:12,725  INFO  == Cross finetune Epoch [5/1024]: G3 with D1: Validation MSE 0.01122567, Validation Acc 52.87%
2025-05-23 13:40:12,725  INFO  EPOCH 180 | Validation MSE: G1: 0.02850034, G2: 0.01917110, G3: 0.01114402 | Accuracy: G1: 53.74 %, G2: 53.74 %, G3: 52.87 %
2025-05-23 13:40:21,407  INFO  EPOCH 183 | Validation MSE: G1: 0.01891321, G2: 0.03054746, G3: 0.01893951 | Accuracy: G1: 53.74 %, G2: 53.74 %, G3: 52.11 %
2025-05-23 13:40:29,160  INFO  EPOCH 181 | Validation MSE: G1: 0.05465864, G2: 0.01871159, G3: 0.01117714 | Accuracy: G1: 53.74 %, G2: 53.74 %, G3: 52.87 %
2025-05-23 13:43:04,701  INFO  EPOCH 184 | Validation MSE: G1: 0.01926225, G2: 0.03057241, G3: 0.01890498 | Accuracy: G1: 53.74 %, G2: 53.74 %, G3: 52.33 %
2025-05-23 13:45:38,799  INFO  EPOCH 182 | Validation MSE: G1: 0.04354082, G2: 0.01893676, G3: 0.01117153 | Accuracy: G1: 53.74 %, G2: 53.74 %, G3: 52.76 %
2025-05-23 13:48:29,004  INFO  EPOCH 185 | Validation MSE: G1: 0.02001012, G2: 0.03054132, G3: 0.01893326 | Accuracy: G1: 53.74 %, G2: 53.74 %, G3: 52.44 %
2025-05-23 13:50:33,498  INFO  EPOCH 183 | Validation MSE: G1: 0.03766006, G2: 0.01845139, G3: 0.01116472 | Accuracy: G1: 53.74 %, G2: 53.74 %, G3: 52.76 %
2025-05-23 13:53:18,191  INFO  EPOCH 186 | Validation MSE: G1: 0.02041868, G2: 0.03035760, G3: 0.01897056 | Accuracy: G1: 53.74 %, G2: 53.74 %, G3: 52.44 %
2025-05-23 13:56:22,931  INFO  EPOCH 184 | Validation MSE: G1: 0.03462239, G2: 0.01901723, G3: 0.01116542 | Accuracy: G1: 53.74 %, G2: 53.74 %, G3: 52.76 %
2025-05-23 13:59:50,492  INFO  EPOCH 187 | Validation MSE: G1: 0.01944466, G2: 0.03033898, G3: 0.01895679 | Accuracy: G1: 53.74 %, G2: 53.74 %, G3: 52.44 %
2025-05-23 14:01:46,003  INFO  EPOCH 185 | Validation MSE: G1: 0.03443334, G2: 0.01816082, G3: 0.01120914 | Accuracy: G1: 53.74 %, G2: 53.74 %, G3: 52.76 %
2025-05-23 14:05:12,306  INFO  EPOCH 188 | Validation MSE: G1: 0.01861778, G2: 0.03031547, G3: 0.01897793 | Accuracy: G1: 53.74 %, G2: 53.74 %, G3: 52.11 %
2025-05-23 14:08:23,005  INFO  EPOCH 186 | Validation MSE: G1: 0.03427003, G2: 0.01901663, G3: 0.01120817 | Accuracy: G1: 53.74 %, G2: 53.74 %, G3: 52.87 %
2025-05-23 14:10:37,173  INFO  EPOCH 189 | Validation MSE: G1: 0.01863852, G2: 0.03019219, G3: 0.01897398 | Accuracy: G1: 53.74 %, G2: 53.74 %, G3: 52.00 %
2025-05-23 14:12:52,137  INFO  EPOCH 187 | Validation MSE: G1: 0.03409625, G2: 0.01841365, G3: 0.01120979 | Accuracy: G1: 53.74 %, G2: 53.74 %, G3: 52.76 %
2025-05-23 14:16:06,684  INFO  Start cross finetune!  So far G1 with D1
2025-05-23 14:16:41,167  INFO  == Cross finetune Epoch [1/1024]: G1 with D1: Validation MSE 0.01875963, Validation Acc 53.74%
2025-05-23 14:17:23,173  INFO  == Cross finetune Epoch [2/1024]: G1 with D1: Validation MSE 0.01866305, Validation Acc 53.74%
2025-05-23 14:17:53,794  INFO  EPOCH 188 | Validation MSE: G1: 0.03391948, G2: 0.01820087, G3: 0.01122063 | Accuracy: G1: 53.74 %, G2: 53.74 %, G3: 52.76 %
2025-05-23 14:17:55,146  INFO  == Cross finetune Epoch [3/1024]: G1 with D1: Validation MSE 0.01912066, Validation Acc 53.74%
2025-05-23 14:18:41,893  INFO  == Cross finetune Epoch [4/1024]: G1 with D1: Validation MSE 0.01886371, Validation Acc 53.74%
2025-05-23 14:19:29,466  INFO  == Cross finetune Epoch [5/1024]: G1 with D1: Validation MSE 0.01905883, Validation Acc 53.74%
2025-05-23 14:19:29,466  INFO  EPOCH 190 | Validation MSE: G1: 0.01874446, G2: 0.03003285, G3: 0.01896856 | Accuracy: G1: 53.74 %, G2: 53.74 %, G3: 52.00 %
2025-05-23 14:23:07,394  INFO  EPOCH 189 | Validation MSE: G1: 0.03375811, G2: 0.01773493, G3: 0.01129664 | Accuracy: G1: 53.74 %, G2: 53.74 %, G3: 52.76 %
2025-05-23 14:25:18,486  INFO  EPOCH 191 | Validation MSE: G1: 0.01888700, G2: 0.03000320, G3: 0.01897541 | Accuracy: G1: 53.74 %, G2: 53.74 %, G3: 52.00 %
2025-05-23 14:28:55,811  INFO  Start cross finetune!  So far G3 with D1
2025-05-23 14:30:38,081  INFO  == Cross finetune Epoch [1/1024]: G3 with D1: Validation MSE 0.01126423, Validation Acc 52.76%
2025-05-23 14:30:55,155  INFO  EPOCH 192 | Validation MSE: G1: 0.01887062, G2: 0.02999653, G3: 0.01895945 | Accuracy: G1: 53.74 %, G2: 53.74 %, G3: 51.90 %
2025-05-23 14:32:00,679  INFO  == Cross finetune Epoch [2/1024]: G3 with D1: Validation MSE 0.01131360, Validation Acc 52.76%
2025-05-23 14:32:49,129  INFO  == Cross finetune Epoch [3/1024]: G3 with D1: Validation MSE 0.01129564, Validation Acc 52.76%
2025-05-23 14:33:46,545  INFO  == Cross finetune Epoch [4/1024]: G3 with D1: Validation MSE 0.01129664, Validation Acc 52.76%
2025-05-23 14:35:10,449  INFO  EPOCH 193 | Validation MSE: G1: 0.01927946, G2: 0.02996472, G3: 0.01890117 | Accuracy: G1: 53.74 %, G2: 53.74 %, G3: 51.90 %
2025-05-23 14:35:11,394  INFO  == Cross finetune Epoch [5/1024]: G3 with D1: Validation MSE 0.01130484, Validation Acc 52.76%
2025-05-23 14:35:11,395  INFO  EPOCH 190 | Validation MSE: G1: 0.03361127, G2: 0.01886409, G3: 0.01128653 | Accuracy: G1: 53.74 %, G2: 53.74 %, G3: 52.76 %
2025-05-23 14:41:14,386  INFO  EPOCH 191 | Validation MSE: G1: 0.03348256, G2: 0.01829029, G3: 0.01125667 | Accuracy: G1: 53.74 %, G2: 53.74 %, G3: 52.76 %
2025-05-23 14:41:22,423  INFO  EPOCH 194 | Validation MSE: G1: 0.01881164, G2: 0.02981176, G3: 0.01899536 | Accuracy: G1: 53.74 %, G2: 53.74 %, G3: 52.00 %
2025-05-23 14:46:27,723  INFO  127.0.0.1 - - [23/May/2025 14:46:27] "GET / HTTP/1.1" 200 -
2025-05-23 14:46:31,327  INFO  127.0.0.1 - - [23/May/2025 14:46:31] "GET /columns?path=database/zx_processed_黄金_day.csv HTTP/1.1" 200 -
2025-05-23 14:46:49,003  INFO  127.0.0.1 - - [23/May/2025 14:46:49] "POST /analyze_model HTTP/1.1" 200 -
2025-05-23 14:46:56,227  INFO  127.0.0.1 - - [23/May/2025 14:46:56] "POST /upload_models HTTP/1.1" 200 -
2025-05-23 14:46:57,849  INFO  EPOCH 192 | Validation MSE: G1: 0.03336705, G2: 0.01923258, G3: 0.01126352 | Accuracy: G1: 53.74 %, G2: 53.74 %, G3: 52.87 %
2025-05-23 14:47:03,133  INFO  EPOCH 195 | Validation MSE: G1: 0.01889341, G2: 0.02983673, G3: 0.01899890 | Accuracy: G1: 53.74 %, G2: 53.74 %, G3: 52.00 %
2025-05-23 14:47:05,188  INFO  127.0.0.1 - - [23/May/2025 14:47:05] "GET /stream HTTP/1.1" 200 -
2025-05-23 14:47:05,192  INFO  127.0.0.1 - - [23/May/2025 14:47:05] "GET /stream HTTP/1.1" 200 -
2025-05-23 14:47:05,227  INFO  127.0.0.1 - - [23/May/2025 14:47:05] "POST /train HTTP/1.1" 200 -
2025-05-23 14:47:05,227  INFO  127.0.0.1 - - [23/May/2025 14:47:05] "POST /train HTTP/1.1" 200 -
2025-05-23 14:47:06,136  INFO  ARGS = {
  "notes": "",
  "data_path": "database/zx_processed_黄金_day.csv",
  "output_dir": "out_put/ckpt",
  "ckpt_dir": "ckpt",
  "feature_groups": [
    [
      1,
      2,
      3,
      4,
      5,
      6,
      7,
      8,
      9,
      10,
      11,
      12,
      13,
      14,
      15,
      16,
      17,
      18,
      19,
      20,
      21,
      22,
      23,
      24,
      25,
      26,
      27,
      28,
      29
    ],
    [
      1,
      2,
      3,
      4,
      5,
      6,
      7,
      8,
      9,
      10,
      11,
      12,
      13,
      14,
      15,
      16,
      17,
      18,
      19,
      20,
      21,
      22,
      23,
      24,
      25,
      26,
      27,
      28,
      29
    ],
    [
      1,
      2,
      3,
      4,
      5,
      6,
      7,
      8,
      9,
      10,
      11,
      12,
      13,
      14,
      15,
      16,
      17,
      18,
      19,
      20,
      21,
      22,
      23,
      24,
      25,
      26,
      27,
      28,
      29
    ]
  ],
  "target_columns": [
    [
      1
    ]
  ],
  "start_timestamp": 31,
  "end_timestamp": -1,
  "window_sizes": [
    5,
    10,
    15
  ],
  "N_pairs": 3,
  "num_classes": 3,
  "generators": [
    "gru",
    "lstm",
    "transformer"
  ],
  "discriminators": null,
  "distill_epochs": 1,
  "cross_finetune_epochs": 5,
  "device": [
    "cpu"
  ],
  "num_epochs": 1024,
  "lr": 2e-05,
  "batch_size": 64,
  "train_split": 0.7,
  "random_seed": 3407,
  "amp_dtype": "none",
  "mode": "train",
  "ckpt_path": "latest",
  "log_diff": false,
  "model_config": {
    "models": [
      {
        "type": "custom",
        "index": 1,
        "file": "custom_models\\model_1.pt"
      },
      {
        "type": "preset",
        "index": 2,
        "preset": "lstm",
        "file": "custom_models\\preset_lstm.pt"
      },
      {
        "type": "preset",
        "index": 3,
        "preset": "transformer",
        "file": "custom_models\\preset_transformer.pt"
      }
    ]
  }
}
2025-05-23 14:47:06,140  INFO  ARGS = {
  "notes": "",
  "data_path": "database/zx_processed_黄金_day.csv",
  "output_dir": "out_put/ckpt",
  "ckpt_dir": "ckpt",
  "feature_groups": [
    [
      1,
      2,
      3,
      4,
      5,
      6,
      7,
      8,
      9,
      10,
      11,
      12,
      13,
      14,
      15,
      16,
      17,
      18,
      19,
      20,
      21,
      22,
      23,
      24,
      25,
      26,
      27,
      28,
      29
    ],
    [
      1,
      2,
      3,
      4,
      5,
      6,
      7,
      8,
      9,
      10,
      11,
      12,
      13,
      14,
      15,
      16,
      17,
      18,
      19,
      20,
      21,
      22,
      23,
      24,
      25,
      26,
      27,
      28,
      29
    ],
    [
      1,
      2,
      3,
      4,
      5,
      6,
      7,
      8,
      9,
      10,
      11,
      12,
      13,
      14,
      15,
      16,
      17,
      18,
      19,
      20,
      21,
      22,
      23,
      24,
      25,
      26,
      27,
      28,
      29
    ]
  ],
  "target_columns": [
    [
      1
    ]
  ],
  "start_timestamp": 31,
  "end_timestamp": -1,
  "window_sizes": [
    5,
    10,
    15
  ],
  "N_pairs": 3,
  "num_classes": 3,
  "generators": [
    "gru",
    "lstm",
    "transformer"
  ],
  "discriminators": null,
  "distill_epochs": 1,
  "cross_finetune_epochs": 5,
  "device": [
    "cpu"
  ],
  "num_epochs": 1024,
  "lr": 2e-05,
  "batch_size": 64,
  "train_split": 0.7,
  "random_seed": 3407,
  "amp_dtype": "none",
  "mode": "train",
  "ckpt_path": "latest",
  "log_diff": false,
  "model_config": {
    "models": [
      {
        "type": "custom",
        "index": 1,
        "file": "custom_models\\model_1.pt"
      },
      {
        "type": "preset",
        "index": 2,
        "preset": "lstm",
        "file": "custom_models\\preset_lstm.pt"
      },
      {
        "type": "preset",
        "index": 3,
        "preset": "transformer",
        "file": "custom_models\\preset_transformer.pt"
      }
    ]
  }
}
