2025-05-22 14:57:57,382  INFO  ARGS = {
  "data_path": "database/zx_processed_黄金_day.csv",
  "output_dir": "out_put",
  "ckpt_dir": "out_put/ckpt",
  "ckpt_path": "20250520_162930",
  "N_pairs": 3,
  "batch_size": 64,
  "window_sizes": [
    5,
    10,
    15
  ],
  "num_classes": 3,
  "feature_groups": [
    [
      1,
      2,
      3,
      4,
      5,
      6,
      7,
      8,
      9,
      10,
      11,
      12,
      13,
      14,
      15,
      16,
      17,
      18,
      19,
      20,
      21,
      22,
      23,
      24,
      25,
      26,
      27,
      28,
      29
    ],
    [
      1,
      2,
      3,
      4,
      5,
      6,
      7,
      8,
      9,
      10,
      11,
      12,
      13,
      14,
      15,
      16,
      17,
      18,
      19,
      20,
      21,
      22,
      23,
      24,
      25,
      26,
      27,
      28,
      29
    ],
    [
      1,
      2,
      3,
      4,
      5,
      6,
      7,
      8,
      9,
      10,
      11,
      12,
      13,
      14,
      15,
      16,
      17,
      18,
      19,
      20,
      21,
      22,
      23,
      24,
      25,
      26,
      27,
      28,
      29
    ]
  ],
  "target_columns": [
    [
      1
    ]
  ],
  "device": [
    "cpu"
  ],
  "random_seed": 3407,
  "log_diff": false,
  "start_timestamp": 31,
  "end_timestamp": -1,
  "generators": [
    "transformer",
    "transformer",
    "transformer"
  ],
  "discriminators": null,
  "distill_epochs": 1,
  "cross_finetune_epochs": 5,
  "lr": 2e-05,
  "train_split": 0.7,
  "num_epochs": 1
}
2025-05-22 14:57:57,386  INFO  开始预测过程
2025-05-22 14:57:57,387  INFO  使用参数: {'data_path': 'database/zx_processed_黄金_day.csv', 'output_dir': 'out_put', 'ckpt_dir': 'out_put/ckpt', 'ckpt_path': '20250520_162930', 'N_pairs': 3, 'batch_size': 64, 'window_sizes': [5, 10, 15], 'num_classes': 3, 'feature_groups': [[1, 2, 3, 4, 5, 6, 7, 8, 9, 10, 11, 12, 13, 14, 15, 16, 17, 18, 19, 20, 21, 22, 23, 24, 25, 26, 27, 28, 29], [1, 2, 3, 4, 5, 6, 7, 8, 9, 10, 11, 12, 13, 14, 15, 16, 17, 18, 19, 20, 21, 22, 23, 24, 25, 26, 27, 28, 29], [1, 2, 3, 4, 5, 6, 7, 8, 9, 10, 11, 12, 13, 14, 15, 16, 17, 18, 19, 20, 21, 22, 23, 24, 25, 26, 27, 28, 29]], 'target_columns': [[1]], 'device': ['cpu'], 'random_seed': 3407, 'log_diff': False, 'start_timestamp': 31, 'end_timestamp': -1, 'generators': ['transformer', 'transformer', 'transformer'], 'discriminators': None, 'distill_epochs': 1, 'cross_finetune_epochs': 5, 'lr': 2e-05, 'train_split': 0.7, 'num_epochs': 1}
2025-05-22 14:57:57,388  INFO  初始化MAA模型...
2025-05-22 14:57:57,395  INFO  处理输入数据...
2025-05-22 14:57:57,394  INFO  127.0.0.1 - - [22/May/2025 14:57:57] "GET /stream HTTP/1.1" 200 -
2025-05-22 14:57:57,444  INFO  初始化数据加载器...
2025-05-22 14:57:57,662  INFO  初始化模型...
2025-05-22 14:57:57,735  INFO  从 20250520_162930 加载模型权重...
2025-05-22 14:57:57,736  INFO  开始预测...
2025-05-22 14:57:57,757  ERROR  预测过程出错: Error(s) in loading state_dict for Generator_transformer:
	size mismatch for input_projection.weight: copying a param with shape torch.Size([128, 90]) from checkpoint, the shape in current model is torch.Size([128, 87]).
Traceback (most recent call last):
  File "D:\users\pythonProject\ai量化\MAA_UI\run_multi_gan_pred.py", line 90, in run_prediction
    results = gca.pred()
  File "D:\users\pythonProject\ai量化\MAA_UI\time_series_maa.py", line 424, in pred
    gen.load_state_dict(state_dict)
  File "C:\Users\91713\.conda\envs\quant\lib\site-packages\torch\nn\modules\module.py", line 2189, in load_state_dict
    raise RuntimeError('Error(s) in loading state_dict for {}:\n\t{}'.format(
RuntimeError: Error(s) in loading state_dict for Generator_transformer:
	size mismatch for input_projection.weight: copying a param with shape torch.Size([128, 90]) from checkpoint, the shape in current model is torch.Size([128, 87]).
2025-05-22 14:59:24,136  INFO  127.0.0.1 - - [22/May/2025 14:59:24] "POST /train HTTP/1.1" 200 -
2025-05-22 14:59:24,143  INFO  127.0.0.1 - - [22/May/2025 14:59:24] "GET /stream HTTP/1.1" 200 -
2025-05-22 14:59:24,370  ERROR  运行实验时出错: Torch not compiled with CUDA enabled
2025-05-22 14:59:26,948  INFO  127.0.0.1 - - [22/May/2025 14:59:26] "POST /predict HTTP/1.1" 200 -
2025-05-22 14:59:26,951  INFO  ARGS = {
  "data_path": "database/zx_processed_黄金_day.csv",
  "output_dir": "out_put",
  "ckpt_dir": "out_put/ckpt",
  "ckpt_path": "20250520_162930",
  "N_pairs": 3,
  "batch_size": 64,
  "window_sizes": [
    5,
    10,
    15
  ],
  "num_classes": 3,
  "feature_groups": [
    [
      1,
      2,
      3,
      4,
      6,
      7,
      8,
      9,
      10,
      15,
      16,
      17
    ],
    [
      1,
      2,
      3,
      4,
      5,
      11,
      12,
      13,
      14
    ],
    [
      1,
      2,
      3,
      4,
      18,
      19,
      20,
      21,
      22,
      23,
      24,
      25,
      26,
      27,
      28,
      29
    ]
  ],
  "target_columns": [
    [
      1
    ]
  ],
  "device": [
    "cpu"
  ],
  "random_seed": 3407,
  "log_diff": false,
  "start_timestamp": 31,
  "end_timestamp": -1,
  "generators": [
    "transformer",
    "transformer",
    "transformer"
  ],
  "discriminators": null,
  "distill_epochs": 1,
  "cross_finetune_epochs": 5,
  "lr": 2e-05,
  "train_split": 0.7,
  "num_epochs": 1
}
2025-05-22 14:59:26,953  INFO  开始预测过程
2025-05-22 14:59:26,954  INFO  使用参数: {'data_path': 'database/zx_processed_黄金_day.csv', 'output_dir': 'out_put', 'ckpt_dir': 'out_put/ckpt', 'ckpt_path': '20250520_162930', 'N_pairs': 3, 'batch_size': 64, 'window_sizes': [5, 10, 15], 'num_classes': 3, 'feature_groups': [[1, 2, 3, 4, 6, 7, 8, 9, 10, 15, 16, 17], [1, 2, 3, 4, 5, 11, 12, 13, 14], [1, 2, 3, 4, 18, 19, 20, 21, 22, 23, 24, 25, 26, 27, 28, 29]], 'target_columns': [[1]], 'device': ['cpu'], 'random_seed': 3407, 'log_diff': False, 'start_timestamp': 31, 'end_timestamp': -1, 'generators': ['transformer', 'transformer', 'transformer'], 'discriminators': None, 'distill_epochs': 1, 'cross_finetune_epochs': 5, 'lr': 2e-05, 'train_split': 0.7, 'num_epochs': 1}
2025-05-22 14:59:26,955  INFO  初始化MAA模型...
2025-05-22 14:59:26,963  INFO  处理输入数据...
2025-05-22 14:59:26,960  INFO  127.0.0.1 - - [22/May/2025 14:59:26] "GET /stream HTTP/1.1" 200 -
2025-05-22 14:59:27,038  INFO  初始化数据加载器...
2025-05-22 14:59:27,200  INFO  初始化模型...
2025-05-22 14:59:27,311  INFO  从 20250520_162930 加载模型权重...
2025-05-22 14:59:27,312  INFO  开始预测...
2025-05-22 14:59:27,339  ERROR  预测过程出错: Error(s) in loading state_dict for Generator_transformer:
	size mismatch for input_projection.weight: copying a param with shape torch.Size([128, 90]) from checkpoint, the shape in current model is torch.Size([128, 37]).
Traceback (most recent call last):
  File "D:\users\pythonProject\ai量化\MAA_UI\run_multi_gan_pred.py", line 90, in run_prediction
    results = gca.pred()
  File "D:\users\pythonProject\ai量化\MAA_UI\time_series_maa.py", line 424, in pred
    gen.load_state_dict(state_dict)
  File "C:\Users\91713\.conda\envs\quant\lib\site-packages\torch\nn\modules\module.py", line 2189, in load_state_dict
    raise RuntimeError('Error(s) in loading state_dict for {}:\n\t{}'.format(
RuntimeError: Error(s) in loading state_dict for Generator_transformer:
	size mismatch for input_projection.weight: copying a param with shape torch.Size([128, 90]) from checkpoint, the shape in current model is torch.Size([128, 37]).
2025-05-22 15:02:07,058  INFO   * Detected change in 'D:\\users\\pythonProject\\ai量化\\MAA_UI\\app.py', reloading
