2025-05-22 17:10:28,526  INFO  ARGS = {
  "data_path": "database/zx_processed_é»„é‡‘_day.csv",
  "output_dir": "out_put",
  "ckpt_dir": "out_put/ckpt",
  "ckpt_path": "20250520_162930",
  "N_pairs": 3,
  "batch_size": 64,
  "window_sizes": [
    5,
    10,
    15
  ],
  "num_classes": 3,
  "feature_groups": [
    [
      1,
      2,
      3,
      4,
      5,
      6,
      7,
      8,
      9,
      10,
      11,
      12,
      13,
      14,
      15,
      16,
      17,
      18,
      19,
      20,
      21,
      22,
      23,
      24,
      25,
      26,
      27,
      28,
      29,
      1
    ],
    [
      1,
      2,
      3,
      4,
      5,
      6,
      7,
      8,
      9,
      10,
      11,
      12,
      13,
      14,
      15,
      16,
      17,
      18,
      19,
      20,
      21,
      22,
      23,
      24,
      25,
      26,
      27,
      28,
      29,
      1
    ],
    [
      1,
      2,
      3,
      4,
      5,
      6,
      7,
      8,
      9,
      10,
      11,
      12,
      13,
      14,
      15,
      16,
      17,
      18,
      19,
      20,
      21,
      22,
      23,
      24,
      25,
      26,
      27,
      28,
      29,
      1
    ]
  ],
  "target_columns": [
    [
      1
    ]
  ],
  "device": [
    "cpu"
  ],
  "random_seed": 3407,
  "log_diff": false,
  "start_timestamp": 31,
  "end_timestamp": -1,
  "generators": [
    "transformer",
    "transformer",
    "transformer"
  ],
  "discriminators": null,
  "distill_epochs": 1,
  "cross_finetune_epochs": 5,
  "lr": 2e-05,
  "train_split": 0.7,
  "num_epochs": 1
}
2025-05-22 17:10:28,528  INFO  å¼€å§‹é¢„æµ‹è¿‡ç¨‹
2025-05-22 17:10:28,528  INFO  ä½¿ç”¨å‚æ•°: {'data_path': 'database/zx_processed_é»„é‡‘_day.csv', 'output_dir': 'out_put', 'ckpt_dir': 'out_put/ckpt', 'ckpt_path': '20250520_162930', 'N_pairs': 3, 'batch_size': 64, 'window_sizes': [5, 10, 15], 'num_classes': 3, 'feature_groups': [[1, 2, 3, 4, 5, 6, 7, 8, 9, 10, 11, 12, 13, 14, 15, 16, 17, 18, 19, 20, 21, 22, 23, 24, 25, 26, 27, 28, 29, 1], [1, 2, 3, 4, 5, 6, 7, 8, 9, 10, 11, 12, 13, 14, 15, 16, 17, 18, 19, 20, 21, 22, 23, 24, 25, 26, 27, 28, 29, 1], [1, 2, 3, 4, 5, 6, 7, 8, 9, 10, 11, 12, 13, 14, 15, 16, 17, 18, 19, 20, 21, 22, 23, 24, 25, 26, 27, 28, 29, 1]], 'target_columns': [[1]], 'device': ['cpu'], 'random_seed': 3407, 'log_diff': False, 'start_timestamp': 31, 'end_timestamp': -1, 'generators': ['transformer', 'transformer', 'transformer'], 'discriminators': None, 'distill_epochs': 1, 'cross_finetune_epochs': 5, 'lr': 2e-05, 'train_split': 0.7, 'num_epochs': 1}
2025-05-22 17:10:28,529  INFO  åˆå§‹åŒ–MAAæ¨¡å‹...
2025-05-22 17:10:28,532  INFO  å¤„ç†è¾“å…¥æ•°æ®...
2025-05-22 17:10:28,532  INFO  127.0.0.1 - - [22/May/2025 17:10:28] "GET /stream HTTP/1.1" 200 -
2025-05-22 17:10:28,556  INFO  åˆå§‹åŒ–æ•°æ®åŠ è½½å™¨...
2025-05-22 17:10:28,667  INFO  åˆå§‹åŒ–æ¨¡å‹...
2025-05-22 17:10:28,703  INFO  ä» 20250520_162930 åŠ è½½æ¨¡å‹æƒé‡...
2025-05-22 17:10:28,704  INFO  å¼€å§‹é¢„æµ‹...
2025-05-22 17:10:29,762  INFO  Train Metrics for G1: MSE=25.3776, MAE=3.7555, RMSE=5.0376, MAPE=1.2295
2025-05-22 17:10:30,848  INFO  Train Metrics for G2: MSE=19.5397, MAE=3.1038, RMSE=4.4204, MAPE=1.0054
2025-05-22 17:10:32,524  INFO  Train Metrics for G3: MSE=10.2006, MAE=2.2166, RMSE=3.1938, MAPE=0.7473
2025-05-22 17:10:33,751  INFO  Test Metrics for G1: MSE=798.2901, MAE=17.6919, RMSE=28.2540, MAPE=3.4425
2025-05-22 17:10:39,965  INFO  Test Metrics for G2: MSE=817.9484, MAE=17.4405, RMSE=28.5998, MAPE=3.3778
2025-05-22 17:10:40,975  INFO  Test Metrics for G3: MSE=692.6315, MAE=14.6261, RMSE=26.3179, MAPE=2.6992
2025-05-22 17:10:41,455  INFO  é¢„æµ‹ç»“æœå·²ä¿å­˜åˆ°: out_put\prediction_results.csv
2025-05-22 17:11:06,869  INFO  127.0.0.1 - - [22/May/2025 17:11:06] "GET / HTTP/1.1" 200 -
2025-05-22 17:11:10,708  INFO  127.0.0.1 - - [22/May/2025 17:11:10] "GET /columns?path=database/zx_processed_é»„é‡‘_day.csv HTTP/1.1" 200 -
2025-05-22 17:11:35,892  INFO  127.0.0.1 - - [22/May/2025 17:11:35] "POST /train HTTP/1.1" 200 -
2025-05-22 17:11:35,895  INFO  127.0.0.1 - - [22/May/2025 17:11:35] "GET /stream HTTP/1.1" 200 -
2025-05-22 17:11:36,086  ERROR  è¿è¡Œå®éªŒæ—¶å‡ºé”™: Torch not compiled with CUDA enabled
2025-05-22 17:11:37,179  INFO  127.0.0.1 - - [22/May/2025 17:11:37] "POST /predict HTTP/1.1" 200 -
2025-05-22 17:11:37,181  INFO  ARGS = {
  "data_path": "database/zx_processed_é»„é‡‘_day.csv",
  "output_dir": "out_put",
  "ckpt_dir": "out_put/ckpt",
  "ckpt_path": "20250520_162930",
  "N_pairs": 3,
  "batch_size": 64,
  "window_sizes": [
    5,
    10,
    15
  ],
  "num_classes": 3,
  "feature_groups": [
    [
      1,
      2,
      3,
      4,
      5,
      6,
      7,
      8,
      9,
      10,
      11,
      12,
      13,
      14,
      15,
      16,
      17,
      18,
      19,
      20,
      21,
      22,
      23,
      24,
      25,
      26,
      27,
      28,
      29,
      1
    ],
    [
      1,
      2,
      3,
      4,
      5,
      6,
      7,
      8,
      9,
      10,
      11,
      12,
      13,
      14,
      15,
      16,
      17,
      18,
      19,
      20,
      21,
      22,
      23,
      24,
      25,
      26,
      27,
      28,
      29,
      1
    ],
    [
      1,
      2,
      3,
      4,
      5,
      6,
      7,
      8,
      9,
      10,
      11,
      12,
      13,
      14,
      15,
      16,
      17,
      18,
      19,
      20,
      21,
      22,
      23,
      24,
      25,
      26,
      27,
      28,
      29,
      1
    ]
  ],
  "target_columns": [
    [
      1
    ]
  ],
  "device": [
    "cpu"
  ],
  "random_seed": 3407,
  "log_diff": false,
  "start_timestamp": 31,
  "end_timestamp": -1,
  "generators": [
    "transformer",
    "transformer",
    "transformer"
  ],
  "discriminators": null,
  "distill_epochs": 1,
  "cross_finetune_epochs": 5,
  "lr": 2e-05,
  "train_split": 0.7,
  "num_epochs": 1
}
2025-05-22 17:11:37,184  INFO  å¼€å§‹é¢„æµ‹è¿‡ç¨‹
2025-05-22 17:11:37,184  INFO  ä½¿ç”¨å‚æ•°: {'data_path': 'database/zx_processed_é»„é‡‘_day.csv', 'output_dir': 'out_put', 'ckpt_dir': 'out_put/ckpt', 'ckpt_path': '20250520_162930', 'N_pairs': 3, 'batch_size': 64, 'window_sizes': [5, 10, 15], 'num_classes': 3, 'feature_groups': [[1, 2, 3, 4, 5, 6, 7, 8, 9, 10, 11, 12, 13, 14, 15, 16, 17, 18, 19, 20, 21, 22, 23, 24, 25, 26, 27, 28, 29, 1], [1, 2, 3, 4, 5, 6, 7, 8, 9, 10, 11, 12, 13, 14, 15, 16, 17, 18, 19, 20, 21, 22, 23, 24, 25, 26, 27, 28, 29, 1], [1, 2, 3, 4, 5, 6, 7, 8, 9, 10, 11, 12, 13, 14, 15, 16, 17, 18, 19, 20, 21, 22, 23, 24, 25, 26, 27, 28, 29, 1]], 'target_columns': [[1]], 'device': ['cpu'], 'random_seed': 3407, 'log_diff': False, 'start_timestamp': 31, 'end_timestamp': -1, 'generators': ['transformer', 'transformer', 'transformer'], 'discriminators': None, 'distill_epochs': 1, 'cross_finetune_epochs': 5, 'lr': 2e-05, 'train_split': 0.7, 'num_epochs': 1}
2025-05-22 17:11:37,186  INFO  åˆå§‹åŒ–MAAæ¨¡å‹...
2025-05-22 17:11:37,189  INFO  å¤„ç†è¾“å…¥æ•°æ®...
2025-05-22 17:11:37,232  INFO  åˆå§‹åŒ–æ•°æ®åŠ è½½å™¨...
2025-05-22 17:11:37,393  INFO  åˆå§‹åŒ–æ¨¡å‹...
2025-05-22 17:11:37,436  INFO  ä» 20250520_162930 åŠ è½½æ¨¡å‹æƒé‡...
2025-05-22 17:11:37,436  INFO  å¼€å§‹é¢„æµ‹...
2025-05-22 17:11:46,044  INFO  127.0.0.1 - - [22/May/2025 17:11:46] "[33mGET /prediction_results/out_put/predict_results.json HTTP/1.1[0m" 404 -
2025-05-22 17:11:46,054  INFO  127.0.0.1 - - [22/May/2025 17:11:46] "[33mGET /prediction_results/out_put/predict_results.json HTTP/1.1[0m" 404 -
2025-05-22 17:11:46,164  INFO  127.0.0.1 - - [22/May/2025 17:11:46] "[33mGET /prediction_results/out_put/predict_results.json HTTP/1.1[0m" 404 -
2025-05-22 17:11:46,195  INFO  127.0.0.1 - - [22/May/2025 17:11:46] "[33mGET /prediction_results/out_put/predict_results.json HTTP/1.1[0m" 404 -
2025-05-22 17:11:48,470  INFO  127.0.0.1 - - [22/May/2025 17:11:48] "[33mGET /prediction_results/out_put/predict_results.json HTTP/1.1[0m" 404 -
2025-05-22 17:11:49,041  INFO  Train Metrics for G1: MSE=25.3776, MAE=3.7555, RMSE=5.0376, MAPE=1.2295
2025-05-22 17:11:51,054  INFO  Train Metrics for G2: MSE=19.5397, MAE=3.1038, RMSE=4.4204, MAPE=1.0054
2025-05-22 17:11:51,552  INFO  127.0.0.1 - - [22/May/2025 17:11:51] "[33mGET /prediction_results/out_put/predict_results.json HTTP/1.1[0m" 404 -
2025-05-22 17:11:52,254  INFO  Train Metrics for G3: MSE=10.2006, MAE=2.2166, RMSE=3.1938, MAPE=0.7473
2025-05-22 17:11:52,956  INFO  Test Metrics for G1: MSE=798.2901, MAE=17.6919, RMSE=28.2540, MAPE=3.4425
2025-05-22 17:11:53,322  INFO  127.0.0.1 - - [22/May/2025 17:11:53] "[33mGET /prediction_results/out_put/predict_results.json HTTP/1.1[0m" 404 -
2025-05-22 17:11:53,686  INFO  Test Metrics for G2: MSE=817.9484, MAE=17.4405, RMSE=28.5998, MAPE=3.3778
2025-05-22 17:11:54,542  INFO  Test Metrics for G3: MSE=692.6315, MAE=14.6261, RMSE=26.3179, MAPE=2.6992
2025-05-22 17:11:54,985  INFO  é¢„æµ‹ç»“æœå·²ä¿å­˜åˆ°: out_put\prediction_results.csv
2025-05-22 17:11:55,589  INFO  127.0.0.1 - - [22/May/2025 17:11:55] "[33mGET /prediction_results/out_put/predict_results.json HTTP/1.1[0m" 404 -
2025-05-22 17:11:57,321  INFO  127.0.0.1 - - [22/May/2025 17:11:57] "[33mGET /prediction_results/out_put/predict_results.json HTTP/1.1[0m" 404 -
2025-05-22 17:11:59,196  INFO  127.0.0.1 - - [22/May/2025 17:11:59] "[33mGET /prediction_results/out_put/predict_results.json HTTP/1.1[0m" 404 -
2025-05-22 17:12:01,191  INFO  127.0.0.1 - - [22/May/2025 17:12:01] "[33mGET /prediction_results/out_put/predict_results.json HTTP/1.1[0m" 404 -
2025-05-22 17:12:03,195  INFO  127.0.0.1 - - [22/May/2025 17:12:03] "[33mGET /prediction_results/out_put/predict_results.json HTTP/1.1[0m" 404 -
2025-05-22 17:12:05,654  INFO  127.0.0.1 - - [22/May/2025 17:12:05] "[33mGET /prediction_results/out_put/predict_results.json HTTP/1.1[0m" 404 -
2025-05-22 17:12:07,322  INFO  127.0.0.1 - - [22/May/2025 17:12:07] "[33mGET /prediction_results/out_put/predict_results.json HTTP/1.1[0m" 404 -
2025-05-22 17:12:08,455  INFO   * Detected change in 'D:\\users\\pythonProject\\aié‡åŒ–\\MAA_UI\\app.py', reloading
