2025-05-22 14:10:26,356  INFO  ARGS = {
  "data_path": "database/zx_processed_黄金_day.csv",
  "output_dir": "out_put",
  "ckpt_dir": "out_put/ckpt",
  "ckpt_path": "20250520_162930",
  "N_pairs": 3,
  "batch_size": 64,
  "window_sizes": [
    5,
    10,
    15
  ],
  "num_classes": 3,
  "feature_groups": [
    [
      1,
      2,
      3,
      4,
      5,
      6,
      7,
      8,
      9,
      10,
      11,
      12,
      13,
      14,
      15,
      16,
      17,
      18,
      19,
      20,
      21,
      22,
      23,
      24,
      25,
      26,
      27,
      28,
      29
    ],
    [
      1,
      2,
      3,
      4,
      5,
      6,
      7,
      8,
      9,
      10,
      11,
      12,
      13,
      14,
      15,
      16,
      17,
      18,
      19,
      20,
      21,
      22,
      23,
      24,
      25,
      26,
      27,
      28,
      29
    ],
    [
      1,
      2,
      3,
      4,
      5,
      6,
      7,
      8,
      9,
      10,
      11,
      12,
      13,
      14,
      15,
      16,
      17,
      18,
      19,
      20,
      21,
      22,
      23,
      24,
      25,
      26,
      27,
      28,
      29
    ]
  ],
  "target_columns": [
    [
      1
    ]
  ],
  "device": [
    "cpu"
  ],
  "random_seed": 3407,
  "log_diff": false,
  "start_timestamp": 31,
  "end_timestamp": -1,
  "generators": [
    "transformer",
    "transformer",
    "transformer"
  ],
  "discriminators": null,
  "distill_epochs": 1,
  "cross_finetune_epochs": 5,
  "lr": 2e-05,
  "train_split": 0.7,
  "num_epochs": 1
}
2025-05-22 14:10:26,358  INFO  开始预测过程
2025-05-22 14:10:26,358  INFO  使用参数: {'data_path': 'database/zx_processed_黄金_day.csv', 'output_dir': 'out_put', 'ckpt_dir': 'out_put/ckpt', 'ckpt_path': '20250520_162930', 'N_pairs': 3, 'batch_size': 64, 'window_sizes': [5, 10, 15], 'num_classes': 3, 'feature_groups': [[1, 2, 3, 4, 5, 6, 7, 8, 9, 10, 11, 12, 13, 14, 15, 16, 17, 18, 19, 20, 21, 22, 23, 24, 25, 26, 27, 28, 29], [1, 2, 3, 4, 5, 6, 7, 8, 9, 10, 11, 12, 13, 14, 15, 16, 17, 18, 19, 20, 21, 22, 23, 24, 25, 26, 27, 28, 29], [1, 2, 3, 4, 5, 6, 7, 8, 9, 10, 11, 12, 13, 14, 15, 16, 17, 18, 19, 20, 21, 22, 23, 24, 25, 26, 27, 28, 29]], 'target_columns': [[1]], 'device': ['cpu'], 'random_seed': 3407, 'log_diff': False, 'start_timestamp': 31, 'end_timestamp': -1, 'generators': ['transformer', 'transformer', 'transformer'], 'discriminators': None, 'distill_epochs': 1, 'cross_finetune_epochs': 5, 'lr': 2e-05, 'train_split': 0.7, 'num_epochs': 1}
2025-05-22 14:10:26,359  INFO  初始化MAA模型...
2025-05-22 14:10:26,364  INFO  处理输入数据...
2025-05-22 14:10:26,364  INFO  127.0.0.1 - - [22/May/2025 14:10:26] "GET /stream HTTP/1.1" 200 -
2025-05-22 14:10:26,401  INFO  初始化数据加载器...
2025-05-22 14:10:26,562  INFO  初始化模型...
2025-05-22 14:10:26,631  INFO  从 20250520_162930 加载模型权重...
2025-05-22 14:10:26,632  INFO  开始预测...
2025-05-22 14:10:26,633  ERROR  预测过程出错: [Errno 2] No such file or directory: '20250520_162930\\generators\\1_Generator_transformer.pt'
Traceback (most recent call last):
  File "D:\users\pythonProject\ai量化\MAA_UI\run_multi_gan_pred.py", line 90, in run_prediction
    results = gca.pred()
  File "D:\users\pythonProject\ai量化\MAA_UI\time_series_maa.py", line 420, in pred
    state_dict = torch.load(save_path, map_location=self.device)
  File "C:\Users\91713\.conda\envs\quant\lib\site-packages\torch\serialization.py", line 997, in load
    with _open_file_like(f, 'rb') as opened_file:
  File "C:\Users\91713\.conda\envs\quant\lib\site-packages\torch\serialization.py", line 444, in _open_file_like
    return _open_file(name_or_buffer, mode)
  File "C:\Users\91713\.conda\envs\quant\lib\site-packages\torch\serialization.py", line 425, in __init__
    super().__init__(open(name, mode))
FileNotFoundError: [Errno 2] No such file or directory: '20250520_162930\\generators\\1_Generator_transformer.pt'
2025-05-22 14:12:11,909  INFO   * Detected change in 'D:\\users\\pythonProject\\ai量化\\MAA_UI\\time_series_maa.py', reloading
