2025-05-22 17:28:41,806  INFO  ARGS = {
  "data_path": "database/zx_processed_é»„é‡‘_day.csv",
  "output_dir": "out_put",
  "ckpt_dir": "out_put/ckpt",
  "ckpt_path": "20250520_162930",
  "N_pairs": 3,
  "batch_size": 64,
  "window_sizes": [
    5,
    10,
    15
  ],
  "num_classes": 3,
  "feature_groups": [
    [
      1,
      2,
      3,
      4,
      5,
      6,
      7,
      8,
      9,
      10,
      11,
      12,
      13,
      14,
      15,
      16,
      17,
      18,
      19,
      20,
      21,
      22,
      23,
      24,
      25,
      26,
      27,
      28,
      29,
      1
    ],
    [
      1,
      2,
      3,
      4,
      5,
      6,
      7,
      8,
      9,
      10,
      11,
      12,
      13,
      14,
      15,
      16,
      17,
      18,
      19,
      20,
      21,
      22,
      23,
      24,
      25,
      26,
      27,
      28,
      29,
      1
    ],
    [
      1,
      2,
      3,
      4,
      5,
      6,
      7,
      8,
      9,
      10,
      11,
      12,
      13,
      14,
      15,
      16,
      17,
      18,
      19,
      20,
      21,
      22,
      23,
      24,
      25,
      26,
      27,
      28,
      29,
      1
    ]
  ],
  "target_columns": [
    [
      1
    ]
  ],
  "device": [
    "cpu"
  ],
  "random_seed": 3407,
  "log_diff": false,
  "start_timestamp": 31,
  "end_timestamp": -1,
  "generators": [
    "transformer",
    "transformer",
    "transformer"
  ],
  "discriminators": null,
  "distill_epochs": 1,
  "cross_finetune_epochs": 5,
  "lr": 2e-05,
  "train_split": 0.7,
  "num_epochs": 1
}
2025-05-22 17:28:41,808  INFO  å¼€å§‹é¢„æµ‹è¿‡ç¨‹
2025-05-22 17:28:41,808  INFO  ä½¿ç”¨å‚æ•°: {'data_path': 'database/zx_processed_é»„é‡‘_day.csv', 'output_dir': 'out_put', 'ckpt_dir': 'out_put/ckpt', 'ckpt_path': '20250520_162930', 'N_pairs': 3, 'batch_size': 64, 'window_sizes': [5, 10, 15], 'num_classes': 3, 'feature_groups': [[1, 2, 3, 4, 5, 6, 7, 8, 9, 10, 11, 12, 13, 14, 15, 16, 17, 18, 19, 20, 21, 22, 23, 24, 25, 26, 27, 28, 29, 1], [1, 2, 3, 4, 5, 6, 7, 8, 9, 10, 11, 12, 13, 14, 15, 16, 17, 18, 19, 20, 21, 22, 23, 24, 25, 26, 27, 28, 29, 1], [1, 2, 3, 4, 5, 6, 7, 8, 9, 10, 11, 12, 13, 14, 15, 16, 17, 18, 19, 20, 21, 22, 23, 24, 25, 26, 27, 28, 29, 1]], 'target_columns': [[1]], 'device': ['cpu'], 'random_seed': 3407, 'log_diff': False, 'start_timestamp': 31, 'end_timestamp': -1, 'generators': ['transformer', 'transformer', 'transformer'], 'discriminators': None, 'distill_epochs': 1, 'cross_finetune_epochs': 5, 'lr': 2e-05, 'train_split': 0.7, 'num_epochs': 1}
2025-05-22 17:28:41,809  INFO  åˆå§‹åŒ–MAAæ¨¡å‹...
2025-05-22 17:28:41,812  INFO  127.0.0.1 - - [22/May/2025 17:28:41] "GET /stream HTTP/1.1" 200 -
2025-05-22 17:28:41,813  INFO  å¤„ç†è¾“å…¥æ•°æ®...
2025-05-22 17:28:41,840  INFO  åˆå§‹åŒ–æ•°æ®åŠ è½½å™¨...
2025-05-22 17:28:41,959  INFO  åˆå§‹åŒ–æ¨¡å‹...
2025-05-22 17:28:42,003  INFO  ä» 20250520_162930 åŠ è½½æ¨¡å‹æƒé‡...
2025-05-22 17:28:42,003  INFO  å¼€å§‹é¢„æµ‹...
2025-05-22 17:28:42,969  INFO  Train Metrics for G1: MSE=25.3776, MAE=3.7555, RMSE=5.0376, MAPE=1.2295
2025-05-22 17:28:44,031  INFO  Train Metrics for G2: MSE=19.5397, MAE=3.1038, RMSE=4.4204, MAPE=1.0054
2025-05-22 17:28:46,551  INFO  Train Metrics for G3: MSE=10.2006, MAE=2.2166, RMSE=3.1938, MAPE=0.7473
2025-05-22 17:28:48,125  INFO  Test Metrics for G1: MSE=798.2901, MAE=17.6919, RMSE=28.2540, MAPE=3.4425
2025-05-22 17:28:49,769  INFO  Test Metrics for G2: MSE=817.9484, MAE=17.4405, RMSE=28.5998, MAPE=3.3778
2025-05-22 17:28:51,133  INFO  Test Metrics for G3: MSE=692.6315, MAE=14.6261, RMSE=26.3179, MAPE=2.6992
2025-05-22 17:28:51,550  INFO  é¢„æµ‹ç»“æœå·²ä¿å­˜åˆ°: out_put\prediction_results.csv
2025-05-22 17:29:24,388  INFO  127.0.0.1 - - [22/May/2025 17:29:24] "GET / HTTP/1.1" 200 -
2025-05-22 17:29:26,893  INFO  127.0.0.1 - - [22/May/2025 17:29:26] "GET / HTTP/1.1" 200 -
2025-05-22 17:29:35,267  INFO  127.0.0.1 - - [22/May/2025 17:29:35] "GET /columns?path=database/zx_processed_é»„é‡‘_day.csv HTTP/1.1" 200 -
2025-05-22 17:29:41,834  INFO  127.0.0.1 - - [22/May/2025 17:29:41] "POST /train HTTP/1.1" 200 -
2025-05-22 17:29:41,837  INFO  127.0.0.1 - - [22/May/2025 17:29:41] "GET /stream HTTP/1.1" 200 -
2025-05-22 17:29:42,000  ERROR  è¿è¡Œå®éªŒæ—¶å‡ºé”™: Torch not compiled with CUDA enabled
2025-05-22 17:29:42,269  INFO  127.0.0.1 - - [22/May/2025 17:29:42] "POST /train HTTP/1.1" 200 -
2025-05-22 17:29:42,276  INFO  127.0.0.1 - - [22/May/2025 17:29:42] "GET /stream HTTP/1.1" 200 -
2025-05-22 17:29:42,448  ERROR  è¿è¡Œå®éªŒæ—¶å‡ºé”™: Torch not compiled with CUDA enabled
2025-05-22 17:29:43,410  INFO  127.0.0.1 - - [22/May/2025 17:29:43] "POST /predict HTTP/1.1" 200 -
2025-05-22 17:29:43,412  INFO  ARGS = {
  "data_path": "database/zx_processed_é»„é‡‘_day.csv",
  "output_dir": "out_put",
  "ckpt_dir": "out_put/ckpt",
  "ckpt_path": "20250520_162930",
  "N_pairs": 3,
  "batch_size": 64,
  "window_sizes": [
    5,
    10,
    15
  ],
  "num_classes": 3,
  "feature_groups": [
    [
      1,
      2,
      3,
      4,
      5,
      6,
      7,
      8,
      9,
      10,
      11,
      12,
      13,
      14,
      15,
      16,
      17,
      18,
      19,
      20,
      21,
      22,
      23,
      24,
      25,
      26,
      27,
      28,
      29,
      1
    ],
    [
      1,
      2,
      3,
      4,
      5,
      6,
      7,
      8,
      9,
      10,
      11,
      12,
      13,
      14,
      15,
      16,
      17,
      18,
      19,
      20,
      21,
      22,
      23,
      24,
      25,
      26,
      27,
      28,
      29,
      1
    ],
    [
      1,
      2,
      3,
      4,
      5,
      6,
      7,
      8,
      9,
      10,
      11,
      12,
      13,
      14,
      15,
      16,
      17,
      18,
      19,
      20,
      21,
      22,
      23,
      24,
      25,
      26,
      27,
      28,
      29,
      1
    ]
  ],
  "target_columns": [
    [
      1
    ]
  ],
  "device": [
    "cpu"
  ],
  "random_seed": 3407,
  "log_diff": false,
  "start_timestamp": 31,
  "end_timestamp": -1,
  "generators": [
    "transformer",
    "transformer",
    "transformer"
  ],
  "discriminators": null,
  "distill_epochs": 1,
  "cross_finetune_epochs": 5,
  "lr": 2e-05,
  "train_split": 0.7,
  "num_epochs": 1
}
2025-05-22 17:29:43,415  INFO  å¼€å§‹é¢„æµ‹è¿‡ç¨‹
2025-05-22 17:29:43,415  INFO  ä½¿ç”¨å‚æ•°: {'data_path': 'database/zx_processed_é»„é‡‘_day.csv', 'output_dir': 'out_put', 'ckpt_dir': 'out_put/ckpt', 'ckpt_path': '20250520_162930', 'N_pairs': 3, 'batch_size': 64, 'window_sizes': [5, 10, 15], 'num_classes': 3, 'feature_groups': [[1, 2, 3, 4, 5, 6, 7, 8, 9, 10, 11, 12, 13, 14, 15, 16, 17, 18, 19, 20, 21, 22, 23, 24, 25, 26, 27, 28, 29, 1], [1, 2, 3, 4, 5, 6, 7, 8, 9, 10, 11, 12, 13, 14, 15, 16, 17, 18, 19, 20, 21, 22, 23, 24, 25, 26, 27, 28, 29, 1], [1, 2, 3, 4, 5, 6, 7, 8, 9, 10, 11, 12, 13, 14, 15, 16, 17, 18, 19, 20, 21, 22, 23, 24, 25, 26, 27, 28, 29, 1]], 'target_columns': [[1]], 'device': ['cpu'], 'random_seed': 3407, 'log_diff': False, 'start_timestamp': 31, 'end_timestamp': -1, 'generators': ['transformer', 'transformer', 'transformer'], 'discriminators': None, 'distill_epochs': 1, 'cross_finetune_epochs': 5, 'lr': 2e-05, 'train_split': 0.7, 'num_epochs': 1}
2025-05-22 17:29:43,416  INFO  åˆå§‹åŒ–MAAæ¨¡å‹...
2025-05-22 17:29:43,419  INFO  å¤„ç†è¾“å…¥æ•°æ®...
2025-05-22 17:29:43,418  INFO  127.0.0.1 - - [22/May/2025 17:29:43] "GET /stream HTTP/1.1" 200 -
2025-05-22 17:29:43,455  INFO  åˆå§‹åŒ–æ•°æ®åŠ è½½å™¨...
2025-05-22 17:29:43,590  INFO  åˆå§‹åŒ–æ¨¡å‹...
2025-05-22 17:29:43,717  INFO  ä» 20250520_162930 åŠ è½½æ¨¡å‹æƒé‡...
2025-05-22 17:29:43,721  INFO  å¼€å§‹é¢„æµ‹...
2025-05-22 17:29:45,459  INFO  Train Metrics for G1: MSE=25.3776, MAE=3.7555, RMSE=5.0376, MAPE=1.2295
2025-05-22 17:29:47,180  INFO  Train Metrics for G2: MSE=19.5397, MAE=3.1038, RMSE=4.4204, MAPE=1.0054
2025-05-22 17:29:48,573  INFO  127.0.0.1 - - [22/May/2025 17:29:48] "[33mGET /get_prediction_results?output_dir=out_put/predict.csv HTTP/1.1[0m" 404 -
2025-05-22 17:29:49,737  INFO  Train Metrics for G3: MSE=10.2006, MAE=2.2166, RMSE=3.1938, MAPE=0.7473
2025-05-22 17:29:51,529  INFO  Test Metrics for G1: MSE=798.2901, MAE=17.6919, RMSE=28.2540, MAPE=3.4425
2025-05-22 17:29:53,431  INFO  127.0.0.1 - - [22/May/2025 17:29:53] "[33mGET /get_prediction_results?output_dir=out_put/predict.csv HTTP/1.1[0m" 404 -
2025-05-22 17:29:53,550  INFO  Test Metrics for G2: MSE=817.9484, MAE=17.4405, RMSE=28.5998, MAPE=3.3778
2025-05-22 17:29:55,257  INFO  Test Metrics for G3: MSE=692.6315, MAE=14.6261, RMSE=26.3179, MAPE=2.6992
2025-05-22 17:29:56,695  INFO  é¢„æµ‹ç»“æœå·²ä¿å­˜åˆ°: out_put\prediction_results.csv
2025-05-22 17:29:58,426  INFO  127.0.0.1 - - [22/May/2025 17:29:58] "[33mGET /get_prediction_results?output_dir=out_put/predict.csv HTTP/1.1[0m" 404 -
2025-05-22 17:30:04,427  INFO  127.0.0.1 - - [22/May/2025 17:30:04] "[33mGET /get_prediction_results?output_dir=out_put/predict.csv HTTP/1.1[0m" 404 -
2025-05-22 17:30:09,324  INFO  127.0.0.1 - - [22/May/2025 17:30:09] "[33mGET /get_prediction_results?output_dir=out_put/predict.csv HTTP/1.1[0m" 404 -
2025-05-22 17:30:14,368  INFO  127.0.0.1 - - [22/May/2025 17:30:14] "[33mGET /get_prediction_results?output_dir=out_put/predict.csv HTTP/1.1[0m" 404 -
2025-05-22 17:30:30,784  INFO   * Detected change in 'D:\\users\\pythonProject\\aié‡åŒ–\\MAA_UI\\app.py', reloading
