2025-05-22 13:14:10,538  INFO  ARGS = {
  "data_path": "database/zx_processed_黄金_day.csv",
  "output_dir": "out_put",
  "ckpt_dir": "out_put/ckpt",
  "ckpt_path": "latest",
  "N_pairs": 3,
  "batch_size": 64,
  "window_sizes": [
    5,
    10,
    15
  ],
  "num_classes": 3,
  "feature_groups": [
    [
      1,
      2,
      3,
      4,
      5,
      6,
      7,
      8,
      9,
      10,
      11,
      12,
      13,
      14,
      15,
      16,
      17,
      18,
      19,
      20,
      21,
      22,
      23,
      24,
      25,
      26,
      27,
      28,
      29
    ],
    [
      1,
      2,
      3,
      4,
      5,
      6,
      7,
      8,
      9,
      10,
      11,
      12,
      13,
      14,
      15,
      16,
      17,
      18,
      19,
      20,
      21,
      22,
      23,
      24,
      25,
      26,
      27,
      28,
      29
    ],
    [
      1,
      2,
      3,
      4,
      5,
      6,
      7,
      8,
      9,
      10,
      11,
      12,
      13,
      14,
      15,
      16,
      17,
      18,
      19,
      20,
      21,
      22,
      23,
      24,
      25,
      26,
      27,
      28,
      29
    ]
  ],
  "target_columns": [
    [
      1
    ]
  ],
  "device": [
    0
  ],
  "random_seed": 3407,
  "log_diff": false,
  "start_timestamp": 31,
  "end_timestamp": -1,
  "generators": [
    "transformer",
    "transformer",
    "transformer"
  ],
  "discriminators": null,
  "distill_epochs": 1,
  "cross_finetune_epochs": 5,
  "lr": 2e-05,
  "train_split": 0.7,
  "num_epochs": 1
}
2025-05-22 13:14:10,540  INFO  开始预测过程
2025-05-22 13:14:10,541  INFO  使用参数: {'data_path': 'database/zx_processed_黄金_day.csv', 'output_dir': 'out_put', 'ckpt_dir': 'out_put/ckpt', 'ckpt_path': 'latest', 'N_pairs': 3, 'batch_size': 64, 'window_sizes': [5, 10, 15], 'num_classes': 3, 'feature_groups': [[1, 2, 3, 4, 5, 6, 7, 8, 9, 10, 11, 12, 13, 14, 15, 16, 17, 18, 19, 20, 21, 22, 23, 24, 25, 26, 27, 28, 29], [1, 2, 3, 4, 5, 6, 7, 8, 9, 10, 11, 12, 13, 14, 15, 16, 17, 18, 19, 20, 21, 22, 23, 24, 25, 26, 27, 28, 29], [1, 2, 3, 4, 5, 6, 7, 8, 9, 10, 11, 12, 13, 14, 15, 16, 17, 18, 19, 20, 21, 22, 23, 24, 25, 26, 27, 28, 29]], 'target_columns': [[1]], 'device': [0], 'random_seed': 3407, 'log_diff': False, 'start_timestamp': 31, 'end_timestamp': -1, 'generators': ['transformer', 'transformer', 'transformer'], 'discriminators': None, 'distill_epochs': 1, 'cross_finetune_epochs': 5, 'lr': 2e-05, 'train_split': 0.7, 'num_epochs': 1}
2025-05-22 13:14:10,542  INFO  初始化MAA模型...
2025-05-22 13:14:10,552  INFO  处理输入数据...
2025-05-22 13:14:10,552  INFO  127.0.0.1 - - [22/May/2025 13:14:10] "GET /stream HTTP/1.1" 200 -
2025-05-22 13:14:10,595  INFO  初始化数据加载器...
2025-05-22 13:14:10,763  ERROR  预测过程出错: Torch not compiled with CUDA enabled
Traceback (most recent call last):
  File "D:\users\pythonProject\ai量化\MAA_UI\run_multi_gan_pred.py", line 79, in run_prediction
    gca.init_dataloader()
  File "D:\users\pythonProject\ai量化\MAA_UI\time_series_maa.py", line 24, in wrapper
    result = func(*args, **kwargs)  # 执行目标函数
  File "D:\users\pythonProject\ai量化\MAA_UI\time_series_maa.py", line 259, in init_dataloader
    self.train_x_all = [x.to(self.device) for x, _, _, _ in train_data_list]
  File "D:\users\pythonProject\ai量化\MAA_UI\time_series_maa.py", line 259, in <listcomp>
    self.train_x_all = [x.to(self.device) for x, _, _, _ in train_data_list]
  File "C:\Users\91713\.conda\envs\quant\lib\site-packages\torch\cuda\__init__.py", line 284, in _lazy_init
    raise AssertionError("Torch not compiled with CUDA enabled")
AssertionError: Torch not compiled with CUDA enabled
2025-05-22 13:14:31,682  INFO  127.0.0.1 - - [22/May/2025 13:14:31] "POST /predict HTTP/1.1" 200 -
2025-05-22 13:14:31,686  INFO  ARGS = {
  "data_path": "database/zx_processed_黄金_day.csv",
  "output_dir": "out_put",
  "ckpt_dir": "out_put/ckpt",
  "ckpt_path": "latest",
  "N_pairs": 3,
  "batch_size": 64,
  "window_sizes": [
    5,
    10,
    15
  ],
  "num_classes": 3,
  "feature_groups": [
    [
      1,
      2,
      3,
      4,
      5,
      6,
      7,
      8,
      9,
      10,
      11,
      12,
      13,
      14,
      15,
      16,
      17,
      18,
      19,
      20,
      21,
      22,
      23,
      24,
      25,
      26,
      27,
      28,
      29
    ],
    [
      1,
      2,
      3,
      4,
      5,
      6,
      7,
      8,
      9,
      10,
      11,
      12,
      13,
      14,
      15,
      16,
      17,
      18,
      19,
      20,
      21,
      22,
      23,
      24,
      25,
      26,
      27,
      28,
      29
    ],
    [
      1,
      2,
      3,
      4,
      5,
      6,
      7,
      8,
      9,
      10,
      11,
      12,
      13,
      14,
      15,
      16,
      17,
      18,
      19,
      20,
      21,
      22,
      23,
      24,
      25,
      26,
      27,
      28,
      29
    ]
  ],
  "target_columns": [
    [
      1
    ]
  ],
  "device": [
    0
  ],
  "random_seed": 3407,
  "log_diff": false,
  "start_timestamp": 31,
  "end_timestamp": -1,
  "generators": [
    "transformer",
    "transformer",
    "transformer"
  ],
  "discriminators": null,
  "distill_epochs": 1,
  "cross_finetune_epochs": 5,
  "lr": 2e-05,
  "train_split": 0.7,
  "num_epochs": 1
}
2025-05-22 13:14:31,689  INFO  开始预测过程
2025-05-22 13:14:31,690  INFO  使用参数: {'data_path': 'database/zx_processed_黄金_day.csv', 'output_dir': 'out_put', 'ckpt_dir': 'out_put/ckpt', 'ckpt_path': 'latest', 'N_pairs': 3, 'batch_size': 64, 'window_sizes': [5, 10, 15], 'num_classes': 3, 'feature_groups': [[1, 2, 3, 4, 5, 6, 7, 8, 9, 10, 11, 12, 13, 14, 15, 16, 17, 18, 19, 20, 21, 22, 23, 24, 25, 26, 27, 28, 29], [1, 2, 3, 4, 5, 6, 7, 8, 9, 10, 11, 12, 13, 14, 15, 16, 17, 18, 19, 20, 21, 22, 23, 24, 25, 26, 27, 28, 29], [1, 2, 3, 4, 5, 6, 7, 8, 9, 10, 11, 12, 13, 14, 15, 16, 17, 18, 19, 20, 21, 22, 23, 24, 25, 26, 27, 28, 29]], 'target_columns': [[1]], 'device': [0], 'random_seed': 3407, 'log_diff': False, 'start_timestamp': 31, 'end_timestamp': -1, 'generators': ['transformer', 'transformer', 'transformer'], 'discriminators': None, 'distill_epochs': 1, 'cross_finetune_epochs': 5, 'lr': 2e-05, 'train_split': 0.7, 'num_epochs': 1}
2025-05-22 13:14:31,691  INFO  初始化MAA模型...
2025-05-22 13:14:31,696  INFO  127.0.0.1 - - [22/May/2025 13:14:31] "GET /stream HTTP/1.1" 200 -
2025-05-22 13:14:31,697  INFO  处理输入数据...
2025-05-22 13:14:31,763  INFO  初始化数据加载器...
2025-05-22 13:14:32,003  ERROR  预测过程出错: Torch not compiled with CUDA enabled
Traceback (most recent call last):
  File "D:\users\pythonProject\ai量化\MAA_UI\run_multi_gan_pred.py", line 79, in run_prediction
    gca.init_dataloader()
  File "D:\users\pythonProject\ai量化\MAA_UI\time_series_maa.py", line 24, in wrapper
    result = func(*args, **kwargs)  # 执行目标函数
  File "D:\users\pythonProject\ai量化\MAA_UI\time_series_maa.py", line 259, in init_dataloader
    self.train_x_all = [x.to(self.device) for x, _, _, _ in train_data_list]
  File "D:\users\pythonProject\ai量化\MAA_UI\time_series_maa.py", line 259, in <listcomp>
    self.train_x_all = [x.to(self.device) for x, _, _, _ in train_data_list]
  File "C:\Users\91713\.conda\envs\quant\lib\site-packages\torch\cuda\__init__.py", line 284, in _lazy_init
    raise AssertionError("Torch not compiled with CUDA enabled")
AssertionError: Torch not compiled with CUDA enabled
2025-05-22 13:54:22,162  INFO  127.0.0.1 - - [22/May/2025 13:54:22] "GET / HTTP/1.1" 200 -
2025-05-22 13:54:26,752  INFO  127.0.0.1 - - [22/May/2025 13:54:26] "GET /columns?path=database/zx_processed_黄金_day.csv HTTP/1.1" 200 -
2025-05-22 13:55:57,550  INFO  127.0.0.1 - - [22/May/2025 13:55:57] "POST /train HTTP/1.1" 200 -
2025-05-22 13:55:57,555  INFO  127.0.0.1 - - [22/May/2025 13:55:57] "GET /stream HTTP/1.1" 200 -
2025-05-22 13:55:57,767  ERROR  运行实验时出错: Torch not compiled with CUDA enabled
2025-05-22 13:56:20,473  INFO  127.0.0.1 - - [22/May/2025 13:56:20] "POST /predict HTTP/1.1" 200 -
2025-05-22 13:56:20,503  INFO  ARGS = {
  "data_path": "database/zx_processed_黄金_day.csv",
  "output_dir": "out_put",
  "ckpt_dir": "out_put/ckpt",
  "ckpt_path": "latest",
  "N_pairs": 3,
  "batch_size": 64,
  "window_sizes": [
    5,
    10,
    15
  ],
  "num_classes": 3,
  "feature_groups": [
    [
      1,
      2,
      3,
      4,
      5,
      6,
      7,
      8,
      9,
      10,
      11,
      12,
      13,
      14,
      15,
      16,
      17,
      18,
      19,
      20,
      21,
      22,
      23,
      24,
      25,
      26,
      27,
      28,
      29
    ],
    [
      1,
      2,
      3,
      4,
      5,
      6,
      7,
      8,
      9,
      10,
      11,
      12,
      13,
      14,
      15,
      16,
      17,
      18,
      19,
      20,
      21,
      22,
      23,
      24,
      25,
      26,
      27,
      28,
      29
    ],
    [
      1,
      2,
      3,
      4,
      5,
      6,
      7,
      8,
      9,
      10,
      11,
      12,
      13,
      14,
      15,
      16,
      17,
      18,
      19,
      20,
      21,
      22,
      23,
      24,
      25,
      26,
      27,
      28,
      29
    ]
  ],
  "target_columns": [
    [
      1
    ]
  ],
  "device": [
    0
  ],
  "random_seed": 3407,
  "log_diff": false,
  "start_timestamp": 31,
  "end_timestamp": -1,
  "generators": [
    "transformer",
    "transformer",
    "transformer"
  ],
  "discriminators": null,
  "distill_epochs": 1,
  "cross_finetune_epochs": 5,
  "lr": 2e-05,
  "train_split": 0.7,
  "num_epochs": 1
}
2025-05-22 13:56:20,505  INFO  开始预测过程
2025-05-22 13:56:20,506  INFO  使用参数: {'data_path': 'database/zx_processed_黄金_day.csv', 'output_dir': 'out_put', 'ckpt_dir': 'out_put/ckpt', 'ckpt_path': 'latest', 'N_pairs': 3, 'batch_size': 64, 'window_sizes': [5, 10, 15], 'num_classes': 3, 'feature_groups': [[1, 2, 3, 4, 5, 6, 7, 8, 9, 10, 11, 12, 13, 14, 15, 16, 17, 18, 19, 20, 21, 22, 23, 24, 25, 26, 27, 28, 29], [1, 2, 3, 4, 5, 6, 7, 8, 9, 10, 11, 12, 13, 14, 15, 16, 17, 18, 19, 20, 21, 22, 23, 24, 25, 26, 27, 28, 29], [1, 2, 3, 4, 5, 6, 7, 8, 9, 10, 11, 12, 13, 14, 15, 16, 17, 18, 19, 20, 21, 22, 23, 24, 25, 26, 27, 28, 29]], 'target_columns': [[1]], 'device': [0], 'random_seed': 3407, 'log_diff': False, 'start_timestamp': 31, 'end_timestamp': -1, 'generators': ['transformer', 'transformer', 'transformer'], 'discriminators': None, 'distill_epochs': 1, 'cross_finetune_epochs': 5, 'lr': 2e-05, 'train_split': 0.7, 'num_epochs': 1}
2025-05-22 13:56:20,507  INFO  初始化MAA模型...
2025-05-22 13:56:20,513  INFO  处理输入数据...
2025-05-22 13:56:20,512  INFO  127.0.0.1 - - [22/May/2025 13:56:20] "GET /stream HTTP/1.1" 200 -
2025-05-22 13:56:20,578  INFO  初始化数据加载器...
2025-05-22 13:56:20,816  ERROR  预测过程出错: Torch not compiled with CUDA enabled
Traceback (most recent call last):
  File "D:\users\pythonProject\ai量化\MAA_UI\run_multi_gan_pred.py", line 79, in run_prediction
    gca.init_dataloader()
  File "D:\users\pythonProject\ai量化\MAA_UI\time_series_maa.py", line 24, in wrapper
    result = func(*args, **kwargs)  # 执行目标函数
  File "D:\users\pythonProject\ai量化\MAA_UI\time_series_maa.py", line 259, in init_dataloader
    self.train_x_all = [x.to(self.device) for x, _, _, _ in train_data_list]
  File "D:\users\pythonProject\ai量化\MAA_UI\time_series_maa.py", line 259, in <listcomp>
    self.train_x_all = [x.to(self.device) for x, _, _, _ in train_data_list]
  File "C:\Users\91713\.conda\envs\quant\lib\site-packages\torch\cuda\__init__.py", line 284, in _lazy_init
    raise AssertionError("Torch not compiled with CUDA enabled")
AssertionError: Torch not compiled with CUDA enabled
2025-05-22 13:56:29,198  INFO  127.0.0.1 - - [22/May/2025 13:56:29] "POST /predict HTTP/1.1" 200 -
2025-05-22 13:56:29,201  INFO  ARGS = {
  "data_path": "database/zx_processed_黄金_day.csv",
  "output_dir": "out_put",
  "ckpt_dir": "out_put/ckpt",
  "ckpt_path": "latest",
  "N_pairs": 3,
  "batch_size": 64,
  "window_sizes": [
    5,
    10,
    15
  ],
  "num_classes": 3,
  "feature_groups": [
    [
      1,
      2,
      3,
      4,
      5,
      6,
      7,
      8,
      9,
      10,
      11,
      12,
      13,
      14,
      15,
      16,
      17,
      18,
      19,
      20,
      21,
      22,
      23,
      24,
      25,
      26,
      27,
      28,
      29
    ],
    [
      1,
      2,
      3,
      4,
      5,
      6,
      7,
      8,
      9,
      10,
      11,
      12,
      13,
      14,
      15,
      16,
      17,
      18,
      19,
      20,
      21,
      22,
      23,
      24,
      25,
      26,
      27,
      28,
      29
    ],
    [
      1,
      2,
      3,
      4,
      5,
      6,
      7,
      8,
      9,
      10,
      11,
      12,
      13,
      14,
      15,
      16,
      17,
      18,
      19,
      20,
      21,
      22,
      23,
      24,
      25,
      26,
      27,
      28,
      29
    ]
  ],
  "target_columns": [
    [
      1
    ]
  ],
  "device": [
    0
  ],
  "random_seed": 3407,
  "log_diff": false,
  "start_timestamp": 31,
  "end_timestamp": -1,
  "generators": [
    "transformer",
    "transformer",
    "transformer"
  ],
  "discriminators": null,
  "distill_epochs": 1,
  "cross_finetune_epochs": 5,
  "lr": 2e-05,
  "train_split": 0.7,
  "num_epochs": 1
}
2025-05-22 13:56:29,203  INFO  开始预测过程
2025-05-22 13:56:29,205  INFO  使用参数: {'data_path': 'database/zx_processed_黄金_day.csv', 'output_dir': 'out_put', 'ckpt_dir': 'out_put/ckpt', 'ckpt_path': 'latest', 'N_pairs': 3, 'batch_size': 64, 'window_sizes': [5, 10, 15], 'num_classes': 3, 'feature_groups': [[1, 2, 3, 4, 5, 6, 7, 8, 9, 10, 11, 12, 13, 14, 15, 16, 17, 18, 19, 20, 21, 22, 23, 24, 25, 26, 27, 28, 29], [1, 2, 3, 4, 5, 6, 7, 8, 9, 10, 11, 12, 13, 14, 15, 16, 17, 18, 19, 20, 21, 22, 23, 24, 25, 26, 27, 28, 29], [1, 2, 3, 4, 5, 6, 7, 8, 9, 10, 11, 12, 13, 14, 15, 16, 17, 18, 19, 20, 21, 22, 23, 24, 25, 26, 27, 28, 29]], 'target_columns': [[1]], 'device': [0], 'random_seed': 3407, 'log_diff': False, 'start_timestamp': 31, 'end_timestamp': -1, 'generators': ['transformer', 'transformer', 'transformer'], 'discriminators': None, 'distill_epochs': 1, 'cross_finetune_epochs': 5, 'lr': 2e-05, 'train_split': 0.7, 'num_epochs': 1}
2025-05-22 13:56:29,206  INFO  初始化MAA模型...
2025-05-22 13:56:29,213  INFO  处理输入数据...
2025-05-22 13:56:29,212  INFO  127.0.0.1 - - [22/May/2025 13:56:29] "GET /stream HTTP/1.1" 200 -
2025-05-22 13:56:29,293  INFO  初始化数据加载器...
2025-05-22 13:56:29,532  ERROR  预测过程出错: Torch not compiled with CUDA enabled
Traceback (most recent call last):
  File "D:\users\pythonProject\ai量化\MAA_UI\run_multi_gan_pred.py", line 79, in run_prediction
    gca.init_dataloader()
  File "D:\users\pythonProject\ai量化\MAA_UI\time_series_maa.py", line 24, in wrapper
    result = func(*args, **kwargs)  # 执行目标函数
  File "D:\users\pythonProject\ai量化\MAA_UI\time_series_maa.py", line 259, in init_dataloader
    self.train_x_all = [x.to(self.device) for x, _, _, _ in train_data_list]
  File "D:\users\pythonProject\ai量化\MAA_UI\time_series_maa.py", line 259, in <listcomp>
    self.train_x_all = [x.to(self.device) for x, _, _, _ in train_data_list]
  File "C:\Users\91713\.conda\envs\quant\lib\site-packages\torch\cuda\__init__.py", line 284, in _lazy_init
    raise AssertionError("Torch not compiled with CUDA enabled")
AssertionError: Torch not compiled with CUDA enabled
2025-05-22 14:00:54,170  INFO   * Detected change in 'D:\\users\\pythonProject\\ai量化\\MAA_UI\\app.py', reloading
