2025-05-09 20:03:44,854  INFO  ARGS = {
  "data_path": "database/zx_processed_黄金_day.csv",
  "output_dir": "out_put/multi",
  "ckpt_dir": "out_put/ckpt",
  "log_diff": false,
  "feature_columns": [
    "1-4,6-10,15-17",
    "1-5,11-14",
    "1-4,18-29"
  ],
  "target_columns": [
    [
      1
    ]
  ],
  "start_timestamp": 31,
  "end_timestamp": -1,
  "window_sizes": [
    5,
    10,
    15
  ],
  "N_pairs": 3,
  "num_classes": 3,
  "generators": [
    "gru",
    "lstm",
    "transformer"
  ],
  "discriminators": null,
  "distill_epochs": 1,
  "cross_finetune_epochs": 5,
  "device": [
    0
  ],
  "num_epochs": 10,
  "lr": 2e-05,
  "batch_size": 64,
  "train_split": 0.7,
  "random_seed": 3407,
  "amp_dtype": "none",
  "mode": "train",
  "ckpt_path": "latest"
}
2025-05-09 20:03:48,386  INFO  EPOCH 1 | Validation MSE: G1: 0.69387132, G2: 1.27482605, G3: 0.68559450 | Accuracy: G1: 45.72 %, G2: 53.74 %, G3: 46.91 %
2025-05-09 20:03:50,303  INFO  EPOCH 2 | Validation MSE: G1: 0.54548740, G2: 1.20352936, G3: 0.13373683 | Accuracy: G1: 45.72 %, G2: 53.74 %, G3: 48.00 %
2025-05-09 20:03:52,220  INFO  EPOCH 3 | Validation MSE: G1: 0.41624698, G2: 1.13114262, G3: 0.04103076 | Accuracy: G1: 45.72 %, G2: 53.74 %, G3: 45.83 %
2025-05-09 20:03:54,205  INFO  EPOCH 4 | Validation MSE: G1: 0.30602399, G2: 1.05303526, G3: 0.02867447 | Accuracy: G1: 45.72 %, G2: 53.74 %, G3: 49.40 %
2025-05-09 20:03:56,212  INFO  EPOCH 5 | Validation MSE: G1: 0.22700079, G2: 0.96691656, G3: 0.02991304 | Accuracy: G1: 45.72 %, G2: 53.74 %, G3: 52.00 %
2025-05-09 20:03:58,117  INFO  EPOCH 6 | Validation MSE: G1: 0.17320633, G2: 0.86728764, G3: 0.02770322 | Accuracy: G1: 45.72 %, G2: 53.74 %, G3: 47.78 %
2025-05-09 20:04:00,096  INFO  EPOCH 7 | Validation MSE: G1: 0.14310804, G2: 0.75344658, G3: 0.02775275 | Accuracy: G1: 45.72 %, G2: 53.74 %, G3: 53.95 %
2025-05-09 20:04:02,071  INFO  EPOCH 8 | Validation MSE: G1: 0.12358034, G2: 0.62016255, G3: 0.02392432 | Accuracy: G1: 45.72 %, G2: 53.74 %, G3: 53.52 %
2025-05-09 20:04:04,014  INFO  EPOCH 9 | Validation MSE: G1: 0.11060815, G2: 0.47409785, G3: 0.02535805 | Accuracy: G1: 45.72 %, G2: 53.30 %, G3: 53.85 %
